<?xml version="1.0" encoding="UTF-8"?>
<TestRun id="ef40e1d7-d2b5-4b77-a64e-96b1d9891e48" name="Adam@SHERCOMP 2017-11-21 23:40:55" runUser="SHERCOMP\Adam" xmlns="http://microsoft.com/schemas/VisualStudio/TeamTest/2010">
  <TestSettings name="Local" id="86465cc3-8e1a-46a1-967a-a38066d78eb5">
    <Description>These are default test settings for a local test run.</Description>
    <Execution>
      <TestTypeSpecific />
      <AgentRule name="Execution Agents">
      </AgentRule>
    </Execution>
    <Deployment runDeploymentRoot="Adam_SHERCOMP 2017-11-21 23_40_55" />
    <Properties>
      <Property name="TestSettingsUIType" value="UnitTest" />
    </Properties>
  </TestSettings>
  <Times creation="2017-11-21T23:40:55.5745696+01:00" queuing="2017-11-21T23:40:55.9748480+01:00" start="2017-11-21T23:40:56.0639102+01:00" finish="2017-11-21T23:42:01.4351758+01:00" />
  <ResultSummary outcome="Completed">
    <Counters total="1" executed="1" passed="0" error="0" failed="0" timeout="0" aborted="0" inconclusive="0" passedButRunAborted="0" notRunnable="0" notExecuted="0" disconnected="0" warning="0" completed="1" inProgress="0" pending="0" />
  </ResultSummary>
  <TestDefinitions>
    <LoadTest Name="LoadTest3" Description="" Owner="" storage="c:\users\adam\documents\_studia\photolab\photolab\photolab-loadtest\photolab-loadtest\loadtest3.loadtest" Priority="2147483647" Enabled="true" CssProjectStructure="" CssIteration="" DeploymentItemsEditable="" WorkItemIds="" TraceLevel="None" CurrentRunConfig="Run Settings1" Id="4cfd156b-5d6b-475d-a969-567c83d9a665">
      <Scenarios>
        <Scenario Name="SendOrder1And10" DelayBetweenIterations="0" PercentNewUsers="0" IPSwitching="false" TestMixType="PercentageOfTestsStarted" ApplyDistributionToPacingDelay="true" MaxTestIterations="0" DisableDuringWarmup="false" DelayStartTime="0" AllowedAgents="">
          <ThinkProfile Value="0.2" Pattern="NormalDistribution" />
          <LoadProfile Pattern="Step" InitialUsers="10" MaxUsers="400" StepUsers="20" StepDuration="10" StepRampTime="0" />
          <TestMix>
            <TestProfile Name="SendOrder" Path="c:\users\adam\documents\_studia\photolab\photolab\photolab-loadtest\photolab-loadtest\sendorder.webtest" Id="231bcdb8-28d8-495e-99cf-0225f76e94ed" Percentage="50" Type="Microsoft.VisualStudio.TestTools.WebStress.DeclarativeWebTestElement, Microsoft.VisualStudio.QualityTools.LoadTest, Version=15.0.0.0, Culture=neutral, PublicKeyToken=b03f5f7f11d50a3a" />
            <TestProfile Name="SendOrder-10-Photos" Path="c:\users\adam\documents\_studia\photolab\photolab\photolab-loadtest\photolab-loadtest\sendorder-10-photos.webtest" Id="2f8fe6ae-bdcf-4a74-be07-177f63a6c71c" Percentage="50" Type="Microsoft.VisualStudio.TestTools.WebStress.DeclarativeWebTestElement, Microsoft.VisualStudio.QualityTools.LoadTest, Version=15.0.0.0, Culture=neutral, PublicKeyToken=b03f5f7f11d50a3a" />
          </TestMix>
          <BrowserMix>
            <BrowserProfile Percentage="100">
              <Browser Name="Internet Explorer 9.0" MaxConnections="6">
                <Headers>
                  <Header Name="User-Agent" Value="Mozilla/5.0 (compatible; MSIE 9.0; Windows NT 6.1; Trident/5.0)" />
                  <Header Name="Accept" Value="*/*" />
                  <Header Name="Accept-Language" Value="{{$IEAcceptLanguage}}" />
                  <Header Name="Accept-Encoding" Value="GZIP" />
                </Headers>
              </Browser>
            </BrowserProfile>
          </BrowserMix>
          <NetworkMix>
            <NetworkProfile Percentage="100">
              <Network Name="LAN" BandwidthInKbps="1000000" NetworkProfileConfigurationXml="&lt;Emulation&gt;&lt;VirtualChannel name=&quot;defaultChannel&quot;&gt;&lt;FilterList/&gt;&lt;VirtualLink instances=&quot;1&quot; name=&quot;defaultLink&quot;&gt;&lt;LinkRule dir=&quot;upstream&quot;&gt;&lt;Bandwidth&gt;&lt;Speed unit=&quot;kbps&quot;&gt;1000000&lt;/Speed&gt;&lt;/Bandwidth&gt;&lt;/LinkRule&gt;&lt;LinkRule dir=&quot;downstream&quot;&gt;&lt;Bandwidth&gt;&lt;Speed unit=&quot;kbps&quot;&gt;1000000&lt;/Speed&gt;&lt;/Bandwidth&gt;&lt;/LinkRule&gt;&lt;/VirtualLink&gt;&lt;/VirtualChannel&gt;&lt;/Emulation&gt;" />
            </NetworkProfile>
          </NetworkMix>
        </Scenario>
      </Scenarios>
      <CounterSets>
        <CounterSet Name="SHERCOMP" CounterSetType="LoadTest" LocId="">
          <CounterCategories>
            <CounterCategory Name="LoadTest:Scenario">
              <Counters>
                <Counter Name="User Load" HigherIsBetter="true" />
                <Counter Name="Tests Running" HigherIsBetter="true" />
              </Counters>
            </CounterCategory>
            <CounterCategory Name="LoadTest:Test">
              <Counters>
                <Counter Name="Total Tests" HigherIsBetter="true" />
                <Counter Name="Passed Tests" HigherIsBetter="true" />
                <Counter Name="Failed Tests" />
                <Counter Name="Tests/Sec" HigherIsBetter="true" />
                <Counter Name="Passed Tests/Sec" HigherIsBetter="true" />
                <Counter Name="Failed Tests/Sec" />
                <Counter Name="Avg. Requests/Test" HigherIsBetter="true" />
                <Counter Name="Avg. Test Time" />
                <Counter Name="% Time in LoadTestPlugin" />
                <Counter Name="% Time in WebTest code" />
                <Counter Name="% Time in Rules" />
              </Counters>
            </CounterCategory>
            <CounterCategory Name="LoadTest:Transaction">
              <Counters>
                <Counter Name="Total Transactions" HigherIsBetter="true" />
                <Counter Name="Avg. Transaction Time" />
                <Counter Name="Avg. Response Time" />
                <Counter Name="Transactions/Sec" HigherIsBetter="true" />
              </Counters>
            </CounterCategory>
            <CounterCategory Name="LoadTest:Errors">
              <Counters>
                <Counter Name="Http Errors" />
                <Counter Name="Validation Rule Errors" />
                <Counter Name="Extraction Rule Errors" />
                <Counter Name="Requests Timed Out" />
                <Counter Name="Exceptions" />
                <Counter Name="Total Errors" />
                <Counter Name="Errors/Sec" />
                <Counter Name="Threshold Violations/Sec" />
              </Counters>
            </CounterCategory>
            <CounterCategory Name="LoadTest:Page">
              <Counters>
                <Counter Name="Total Pages" HigherIsBetter="true" />
                <Counter Name="Avg. Page Time" />
                <Counter Name="Page Response Time Goal" HigherIsBetter="true" />
                <Counter Name="% Pages Meeting Goal" HigherIsBetter="true" />
                <Counter Name="Pages/Sec" HigherIsBetter="true" />
              </Counters>
            </CounterCategory>
            <CounterCategory Name="LoadTest:Request">
              <Counters>
                <Counter Name="Total Requests" HigherIsBetter="true" />
                <Counter Name="Passed Requests" HigherIsBetter="true" />
                <Counter Name="Failed Requests" />
                <Counter Name="Cached Requests" HigherIsBetter="true" />
                <Counter Name="Requests/Sec" HigherIsBetter="true" />
                <Counter Name="Passed Requests/Sec" HigherIsBetter="true" />
                <Counter Name="Failed Requests/Sec" />
                <Counter Name="Avg. First Byte Time" />
                <Counter Name="Avg. Response Time" />
                <Counter Name="Avg. Connection Wait Time">
                  <ThresholdRules>
                    <ThresholdRule Classname="Microsoft.VisualStudio.TestTools.WebStress.Rules.ThresholdRuleCompareCounters, Microsoft.VisualStudio.QualityTools.LoadTest, Version=15.0.0.0, Culture=neutral, PublicKeyToken=b03f5f7f11d50a3a">
                      <RuleParameters>
                        <RuleParameter Name="DependentCategory" Value="LoadTest:Page" />
                        <RuleParameter Name="DependentCounter" Value="Avg. Page Time" />
                        <RuleParameter Name="DependentInstance" Value="_Total" />
                        <RuleParameter Name="AlertIfOver" Value="True" />
                        <RuleParameter Name="WarningThreshold" Value="0.25" />
                        <RuleParameter Name="CriticalThreshold" Value="0.5" />
                      </RuleParameters>
                    </ThresholdRule>
                  </ThresholdRules>
                </Counter>
                <Counter Name="Avg. Content Length" />
              </Counters>
            </CounterCategory>
            <CounterCategory Name="LoadTest:LogEntries">
              <Counters>
                <Counter Name="Total Log Entries" />
                <Counter Name="Log Entries/Sec" />
              </Counters>
            </CounterCategory>
          </CounterCategories>
        </CounterSet>
        <CounterSet Name="Controller" CounterSetType="Controller" LocId="CounterSet_Controller">
          <CounterCategories>
            <CounterCategory Name="Memory">
              <Counters>
                <Counter Name="% Committed Bytes In Use" Range="100" />
                <Counter Name="Available MBytes" RangeGroup="Memory Bytes" HigherIsBetter="true">
                  <ThresholdRules>
                    <ThresholdRule Classname="Microsoft.VisualStudio.TestTools.WebStress.Rules.ThresholdRuleCompareConstant, Microsoft.VisualStudio.QualityTools.LoadTest">
                      <RuleParameters>
                        <RuleParameter Name="AlertIfOver" Value="False" />
                        <RuleParameter Name="WarningThreshold" Value="100" />
                        <RuleParameter Name="CriticalThreshold" Value="50" />
                      </RuleParameters>
                    </ThresholdRule>
                    <ThresholdRule Classname="Microsoft.VisualStudio.TestTools.WebStress.Rules.ThresholdRuleCompareConstant, Microsoft.VisualStudio.QualityTools.LoadTest">
                      <RuleParameters>
                        <RuleParameter Name="AlertIfOver" Value="False" />
                        <RuleParameter Name="WarningThreshold" Value="100" />
                        <RuleParameter Name="CriticalThreshold" Value="50" />
                      </RuleParameters>
                    </ThresholdRule>
                  </ThresholdRules>
                </Counter>
                <Counter Name="Page Faults/sec" />
                <Counter Name="Pages/sec" />
                <Counter Name="Pool Paged Bytes" RangeGroup="Memory Bytes" />
                <Counter Name="Pool Nonpaged bytes" RangeGroup="Memory Bytes" />
              </Counters>
            </CounterCategory>
            <CounterCategory Name="Network Interface">
              <Counters>
                <Counter Name="Bytes Received/sec" RangeGroup="Network Bytes" />
                <Counter Name="Bytes Sent/sec" RangeGroup="Network Bytes" />
                <Counter Name="Output Queue Length">
                  <ThresholdRules>
                    <ThresholdRule Classname="Microsoft.VisualStudio.TestTools.WebStress.Rules.ThresholdRuleCompareConstant, Microsoft.VisualStudio.QualityTools.LoadTest">
                      <RuleParameters>
                        <RuleParameter Name="AlertIfOver" Value="True" />
                        <RuleParameter Name="WarningThreshold" Value="1.5" />
                        <RuleParameter Name="CriticalThreshold" Value="2" />
                      </RuleParameters>
                    </ThresholdRule>
                    <ThresholdRule Classname="Microsoft.VisualStudio.TestTools.WebStress.Rules.ThresholdRuleCompareConstant, Microsoft.VisualStudio.QualityTools.LoadTest">
                      <RuleParameters>
                        <RuleParameter Name="AlertIfOver" Value="True" />
                        <RuleParameter Name="WarningThreshold" Value="1.5" />
                        <RuleParameter Name="CriticalThreshold" Value="2" />
                      </RuleParameters>
                    </ThresholdRule>
                  </ThresholdRules>
                </Counter>
                <Counter Name="Packets Received/sec" RangeGroup="Network Packets" />
                <Counter Name="Packets Sent/sec" RangeGroup="Network Packets" />
                <Counter Name="Current Bandwidth" RangeGroup="Network Bytes" />
                <Counter Name="Bytes Total/sec" RangeGroup="Network Bytes">
                  <ThresholdRules>
                    <ThresholdRule Classname="Microsoft.VisualStudio.TestTools.WebStress.Rules.ThresholdRuleCompareCounters, Microsoft.VisualStudio.QualityTools.LoadTest, Version=15.0.0.0, Culture=neutral, PublicKeyToken=b03f5f7f11d50a3a">
                      <RuleParameters>
                        <RuleParameter Name="DependentCategory" Value="Network Interface" />
                        <RuleParameter Name="DependentCounter" Value="Current Bandwidth" />
                        <RuleParameter Name="DependentInstance" Value="" />
                        <RuleParameter Name="AlertIfOver" Value="True" />
                        <RuleParameter Name="WarningThreshold" Value="0.6" />
                        <RuleParameter Name="CriticalThreshold" Value="0.7" />
                      </RuleParameters>
                    </ThresholdRule>
                    <ThresholdRule Classname="Microsoft.VisualStudio.TestTools.WebStress.Rules.ThresholdRuleCompareCounters, Microsoft.VisualStudio.QualityTools.LoadTest, Version=15.0.0.0, Culture=neutral, PublicKeyToken=b03f5f7f11d50a3a">
                      <RuleParameters>
                        <RuleParameter Name="DependentCategory" Value="Network Interface" />
                        <RuleParameter Name="DependentCounter" Value="Current Bandwidth" />
                        <RuleParameter Name="DependentInstance" Value="" />
                        <RuleParameter Name="AlertIfOver" Value="True" />
                        <RuleParameter Name="WarningThreshold" Value="0.6" />
                        <RuleParameter Name="CriticalThreshold" Value="0.7" />
                      </RuleParameters>
                    </ThresholdRule>
                  </ThresholdRules>
                </Counter>
              </Counters>
              <Instances>
                <Instance Name="*" />
              </Instances>
            </CounterCategory>
            <CounterCategory Name="PhysicalDisk">
              <Counters>
                <Counter Name="% Disk Read Time" Range="100" />
                <Counter Name="% Disk Time" Range="100" />
                <Counter Name="% Disk Write Time" Range="100" />
                <Counter Name="% Idle Time" Range="100" HigherIsBetter="true">
                  <ThresholdRules>
                    <ThresholdRule Classname="Microsoft.VisualStudio.TestTools.WebStress.Rules.ThresholdRuleCompareConstant, Microsoft.VisualStudio.QualityTools.LoadTest">
                      <RuleParameters>
                        <RuleParameter Name="AlertIfOver" Value="False" />
                        <RuleParameter Name="WarningThreshold" Value="40" />
                        <RuleParameter Name="CriticalThreshold" Value="20" />
                      </RuleParameters>
                    </ThresholdRule>
                    <ThresholdRule Classname="Microsoft.VisualStudio.TestTools.WebStress.Rules.ThresholdRuleCompareConstant, Microsoft.VisualStudio.QualityTools.LoadTest">
                      <RuleParameters>
                        <RuleParameter Name="AlertIfOver" Value="False" />
                        <RuleParameter Name="WarningThreshold" Value="40" />
                        <RuleParameter Name="CriticalThreshold" Value="20" />
                      </RuleParameters>
                    </ThresholdRule>
                  </ThresholdRules>
                </Counter>
                <Counter Name="Avg. Disk Bytes/Read" RangeGroup="DiskBytesRate" />
                <Counter Name="Avg. Disk Bytes/Transfer" RangeGroup="DiskBytesRate" />
                <Counter Name="Avg. Disk Bytes/Write" RangeGroup="DiskBytesRate" />
                <Counter Name="Avg. Disk Queue Length" RangeGroup="Disk Queue Length" />
                <Counter Name="Avg. Disk Read Queue Length" RangeGroup="Disk Queue Length" />
                <Counter Name="Avg. Disk Write Queue Length" RangeGroup="Disk Queue Length" />
                <Counter Name="Current Disk Queue Length" RangeGroup="Disk Queue Length" />
                <Counter Name="Avg. Disk sec/Read" RangeGroup="Disk sec" />
                <Counter Name="Avg. Disk sec/Transfer" RangeGroup="Disk sec" />
                <Counter Name="Avg. Disk sec/Write" RangeGroup="Disk sec" />
                <Counter Name="Disk Bytes/sec" RangeGroup="Disk Bytes sec" />
                <Counter Name="Disk Read Bytes/sec" RangeGroup="Disk Bytes sec" />
                <Counter Name="Disk Reads/sec" RangeGroup="Disk Transfers sec" />
                <Counter Name="Disk Transfers/sec" RangeGroup="Disk Transfers sec" />
                <Counter Name="Disk Write Bytes/sec" RangeGroup="Disk Bytes sec" />
                <Counter Name="Disk Writes/sec" RangeGroup="Disk Transfers sec" />
                <Counter Name="Split IO/Sec" RangeGroup="Disk Transfers sec" />
              </Counters>
              <Instances>
                <Instance Name="*" />
              </Instances>
            </CounterCategory>
            <CounterCategory Name="Processor">
              <Counters>
                <Counter Name="% Processor Time" Range="100">
                  <ThresholdRules>
                    <ThresholdRule Classname="Microsoft.VisualStudio.TestTools.WebStress.Rules.ThresholdRuleCompareConstant, Microsoft.VisualStudio.QualityTools.LoadTest">
                      <RuleParameters>
                        <RuleParameter Name="AlertIfOver" Value="True" />
                        <RuleParameter Name="WarningThreshold" Value="75" />
                        <RuleParameter Name="CriticalThreshold" Value="90" />
                      </RuleParameters>
                    </ThresholdRule>
                    <ThresholdRule Classname="Microsoft.VisualStudio.TestTools.WebStress.Rules.ThresholdRuleCompareConstant, Microsoft.VisualStudio.QualityTools.LoadTest">
                      <RuleParameters>
                        <RuleParameter Name="AlertIfOver" Value="True" />
                        <RuleParameter Name="WarningThreshold" Value="75" />
                        <RuleParameter Name="CriticalThreshold" Value="90" />
                      </RuleParameters>
                    </ThresholdRule>
                  </ThresholdRules>
                </Counter>
                <Counter Name="% Privileged Time" Range="100" />
                <Counter Name="% User Time" Range="100" />
              </Counters>
              <Instances>
                <Instance Name="_Total" />
              </Instances>
            </CounterCategory>
            <CounterCategory Name="System">
              <Counters>
                <Counter Name="Context Switches/sec" />
                <Counter Name="Processes" />
                <Counter Name="Processor Queue Length" />
                <Counter Name="Threads" />
              </Counters>
            </CounterCategory>
            <CounterCategory Name="Process">
              <Counters>
                <Counter Name="% Processor Time" RangeGroup="Processor Time" />
                <Counter Name="% Privileged Time" RangeGroup="Processor Time" />
                <Counter Name="% User Time" RangeGroup="Processor Time" />
                <Counter Name="Handle Count" />
                <Counter Name="Thread Count" />
                <Counter Name="Private Bytes" RangeGroup="Memory Bytes" />
                <Counter Name="Virtual Bytes" RangeGroup="Memory Bytes" />
                <Counter Name="Working Set" RangeGroup="Memory Bytes" />
              </Counters>
              <Instances>
                <Instance Name="QTController" />
                <Instance Name="QTController64" />
              </Instances>
            </CounterCategory>
          </CounterCategories>
          <DefaultCountersForAutomaticGraphs>
            <DefaultCounter CategoryName="Processor" CounterName="% Processor Time" InstanceName="_Total" GraphName="" />
            <DefaultCounter CategoryName="Memory" CounterName="Available MBytes" InstanceName="" GraphName="" />
          </DefaultCountersForAutomaticGraphs>
        </CounterSet>
        <CounterSet Name="Agent" CounterSetType="Agent" LocId="CounterSet_Agent">
          <CounterCategories>
            <CounterCategory Name="Memory">
              <Counters>
                <Counter Name="% Committed Bytes In Use" Range="100" />
                <Counter Name="Available MBytes" RangeGroup="Memory Bytes" HigherIsBetter="true">
                  <ThresholdRules>
                    <ThresholdRule Classname="Microsoft.VisualStudio.TestTools.WebStress.Rules.ThresholdRuleCompareConstant, Microsoft.VisualStudio.QualityTools.LoadTest">
                      <RuleParameters>
                        <RuleParameter Name="AlertIfOver" Value="False" />
                        <RuleParameter Name="WarningThreshold" Value="100" />
                        <RuleParameter Name="CriticalThreshold" Value="50" />
                      </RuleParameters>
                    </ThresholdRule>
                  </ThresholdRules>
                </Counter>
                <Counter Name="Page Faults/sec" />
                <Counter Name="Pages/sec" />
                <Counter Name="Pool Paged Bytes" RangeGroup="Memory Bytes" />
                <Counter Name="Pool Nonpaged bytes" RangeGroup="Memory Bytes" />
              </Counters>
            </CounterCategory>
            <CounterCategory Name="Network Interface">
              <Counters>
                <Counter Name="Bytes Received/sec" RangeGroup="Network Bytes" />
                <Counter Name="Bytes Sent/sec" RangeGroup="Network Bytes" />
                <Counter Name="Output Queue Length">
                  <ThresholdRules>
                    <ThresholdRule Classname="Microsoft.VisualStudio.TestTools.WebStress.Rules.ThresholdRuleCompareConstant, Microsoft.VisualStudio.QualityTools.LoadTest">
                      <RuleParameters>
                        <RuleParameter Name="AlertIfOver" Value="True" />
                        <RuleParameter Name="WarningThreshold" Value="1.5" />
                        <RuleParameter Name="CriticalThreshold" Value="2" />
                      </RuleParameters>
                    </ThresholdRule>
                  </ThresholdRules>
                </Counter>
                <Counter Name="Packets Received/sec" RangeGroup="Network Packets" />
                <Counter Name="Packets Sent/sec" RangeGroup="Network Packets" />
                <Counter Name="Current Bandwidth" RangeGroup="Network Bytes" />
                <Counter Name="Bytes Total/sec" RangeGroup="Network Bytes">
                  <ThresholdRules>
                    <ThresholdRule Classname="Microsoft.VisualStudio.TestTools.WebStress.Rules.ThresholdRuleCompareCounters, Microsoft.VisualStudio.QualityTools.LoadTest, Version=15.0.0.0, Culture=neutral, PublicKeyToken=b03f5f7f11d50a3a">
                      <RuleParameters>
                        <RuleParameter Name="DependentCategory" Value="Network Interface" />
                        <RuleParameter Name="DependentCounter" Value="Current Bandwidth" />
                        <RuleParameter Name="DependentInstance" Value="" />
                        <RuleParameter Name="AlertIfOver" Value="True" />
                        <RuleParameter Name="WarningThreshold" Value="0.6" />
                        <RuleParameter Name="CriticalThreshold" Value="0.7" />
                      </RuleParameters>
                    </ThresholdRule>
                  </ThresholdRules>
                </Counter>
              </Counters>
              <Instances>
                <Instance Name="*" />
              </Instances>
            </CounterCategory>
            <CounterCategory Name="PhysicalDisk">
              <Counters>
                <Counter Name="% Disk Read Time" Range="100" />
                <Counter Name="% Disk Time" Range="100" />
                <Counter Name="% Disk Write Time" Range="100" />
                <Counter Name="% Idle Time" Range="100" HigherIsBetter="true">
                  <ThresholdRules>
                    <ThresholdRule Classname="Microsoft.VisualStudio.TestTools.WebStress.Rules.ThresholdRuleCompareConstant, Microsoft.VisualStudio.QualityTools.LoadTest">
                      <RuleParameters>
                        <RuleParameter Name="AlertIfOver" Value="False" />
                        <RuleParameter Name="WarningThreshold" Value="40" />
                        <RuleParameter Name="CriticalThreshold" Value="20" />
                      </RuleParameters>
                    </ThresholdRule>
                  </ThresholdRules>
                </Counter>
                <Counter Name="Avg. Disk Bytes/Read" RangeGroup="DiskBytesRate" />
                <Counter Name="Avg. Disk Bytes/Transfer" RangeGroup="DiskBytesRate" />
                <Counter Name="Avg. Disk Bytes/Write" RangeGroup="DiskBytesRate" />
                <Counter Name="Avg. Disk Queue Length" RangeGroup="Disk Queue Length" />
                <Counter Name="Avg. Disk Read Queue Length" RangeGroup="Disk Queue Length" />
                <Counter Name="Avg. Disk Write Queue Length" RangeGroup="Disk Queue Length" />
                <Counter Name="Current Disk Queue Length" RangeGroup="Disk Queue Length" />
                <Counter Name="Avg. Disk sec/Read" RangeGroup="Disk sec" />
                <Counter Name="Avg. Disk sec/Transfer" RangeGroup="Disk sec" />
                <Counter Name="Avg. Disk sec/Write" RangeGroup="Disk sec" />
                <Counter Name="Disk Bytes/sec" RangeGroup="Disk Bytes sec" />
                <Counter Name="Disk Read Bytes/sec" RangeGroup="Disk Bytes sec" />
                <Counter Name="Disk Reads/sec" RangeGroup="Disk Transfers sec" />
                <Counter Name="Disk Transfers/sec" RangeGroup="Disk Transfers sec" />
                <Counter Name="Disk Write Bytes/sec" RangeGroup="Disk Bytes sec" />
                <Counter Name="Disk Writes/sec" RangeGroup="Disk Transfers sec" />
                <Counter Name="Split IO/Sec" RangeGroup="Disk Transfers sec" />
              </Counters>
              <Instances>
                <Instance Name="*" />
              </Instances>
            </CounterCategory>
            <CounterCategory Name="Processor">
              <Counters>
                <Counter Name="% Processor Time" Range="100">
                  <ThresholdRules>
                    <ThresholdRule Classname="Microsoft.VisualStudio.TestTools.WebStress.Rules.ThresholdRuleCompareConstant, Microsoft.VisualStudio.QualityTools.LoadTest">
                      <RuleParameters>
                        <RuleParameter Name="AlertIfOver" Value="True" />
                        <RuleParameter Name="WarningThreshold" Value="75" />
                        <RuleParameter Name="CriticalThreshold" Value="90" />
                      </RuleParameters>
                    </ThresholdRule>
                  </ThresholdRules>
                </Counter>
                <Counter Name="% Privileged Time" Range="100" />
                <Counter Name="% User Time" Range="100" />
              </Counters>
              <Instances>
                <Instance Name="0" />
                <Instance Name="_Total" />
              </Instances>
            </CounterCategory>
            <CounterCategory Name="System">
              <Counters>
                <Counter Name="Context Switches/sec" />
                <Counter Name="Processes" />
                <Counter Name="Processor Queue Length" />
                <Counter Name="Threads" />
              </Counters>
            </CounterCategory>
            <CounterCategory Name="Process">
              <Counters>
                <Counter Name="% Processor Time" RangeGroup="Processor Time" />
                <Counter Name="% Privileged Time" RangeGroup="Processor Time" />
                <Counter Name="% User Time" RangeGroup="Processor Time" />
                <Counter Name="Handle Count" />
                <Counter Name="Thread Count" />
                <Counter Name="Private Bytes" RangeGroup="Memory Bytes" />
                <Counter Name="Virtual Bytes" RangeGroup="Memory Bytes" />
                <Counter Name="Working Set" RangeGroup="Memory Bytes" />
              </Counters>
              <Instances>
                <Instance Name="devenv" />
                <Instance Name="QTAgentService" />
                <Instance Name="QTAgent" />
                <Instance Name="QTAgent32" />
                <Instance Name="QTDCAgent" />
                <Instance Name="QTDCAgent32" />
                <Instance Name="QTAgent_35" />
                <Instance Name="QTAgent_40" />
                <Instance Name="QTAgent32_35" />
                <Instance Name="QTAgent32_40" />
              </Instances>
            </CounterCategory>
          </CounterCategories>
          <DefaultCountersForAutomaticGraphs>
            <DefaultCounter CategoryName="Processor" CounterName="% Processor Time" InstanceName="0" GraphName="" RunType="Local" />
            <DefaultCounter CategoryName="Processor" CounterName="% Processor Time" InstanceName="_Total" GraphName="" RunType="Remote" />
            <DefaultCounter CategoryName="Memory" CounterName="Available MBytes" InstanceName="" GraphName="" />
          </DefaultCountersForAutomaticGraphs>
        </CounterSet>
      </CounterSets>
      <RunConfigurations>
        <RunConfiguration Name="Run Settings1" Description="" ResultsStoreType="Database" TimingDetailsStorage="AllIndividualDetails" SaveTestLogsOnError="true" SaveTestLogsFrequency="0" MaxErrorDetails="200" MaxErrorsPerType="1000" MaxThresholdViolations="1000" MaxRequestUrlsReported="1000" UseTestIterations="true" RunDuration="300" WarmupTime="0" CoolDownTime="0" TestIterations="200" WebTestConnectionModel="ConnectionPerUser" WebTestConnectionPoolSize="50" SampleRate="15" ValidationLevel="High" SqlTracingConnectString="" SqlTracingConnectStringDisplayValue="" SqlTracingDirectory="" SqlTracingEnabled="false" SqlTracingFileCount="2" SqlTracingRolloverEnabled="true" SqlTracingMinimumDuration="500" RunUnitTestsInAppDomain="true" CoreCount="0" ResourcesRetentionTimeInMinutes="0" AgentDiagnosticsLevel="Warning">
          <CounterSetMappings>
            <CounterSetMapping ComputerName="[CONTROLLER MACHINE]">
              <CounterSetReferences>
                <CounterSetReference CounterSetName="LoadTest" />
                <CounterSetReference CounterSetName="Controller" />
              </CounterSetReferences>
            </CounterSetMapping>
            <CounterSetMapping ComputerName="[AGENT MACHINES]">
              <CounterSetReferences>
                <CounterSetReference CounterSetName="Agent" />
              </CounterSetReferences>
            </CounterSetMapping>
          </CounterSetMappings>
          <LoadGeneratorLocations>
            <GeoLocation Location="Default" Percentage="100" />
          </LoadGeneratorLocations>
        </RunConfiguration>
      </RunConfigurations>
    </LoadTest>
    <WebTest name="SendOrder-10-Photos" storage="c:\users\adam\documents\_studia\photolab\photolab\photolab-loadtest\photolab-loadtest\sendorder-10-photos.webtest" priority="0" id="2f8fe6ae-bdcf-4a74-be07-177f63a6c71c" persistedWebTest="77u/PD94bWwgdmVyc2lvbj0iMS4wIiBlbmNvZGluZz0iVVRGLTgiIHN0YW5kYWxvbmU9InllcyI/Pg0KPFdlYlRlc3QgTmFtZT0iU2VuZE9yZGVyLTEwLVBob3RvcyIgSWQ9IjJmOGZlNmFlLWJkY2YtNGE3NC1iZTA3LTE3N2Y2M2E2YzcxYyIgT3duZXI9IiIgUHJpb3JpdHk9IjAiIEVuYWJsZWQ9IlRydWUiIENzc1Byb2plY3RTdHJ1Y3R1cmU9IiIgQ3NzSXRlcmF0aW9uPSIiIFRpbWVvdXQ9IjAiIFdvcmtJdGVtSWRzPSIiIHhtbG5zPSJodHRwOi8vbWljcm9zb2Z0LmNvbS9zY2hlbWFzL1Zpc3VhbFN0dWRpby9UZWFtVGVzdC8yMDEwIiBEZXNjcmlwdGlvbj0iIiBDcmVkZW50aWFsVXNlck5hbWU9IiIgQ3JlZGVudGlhbFBhc3N3b3JkPSIiIFByZUF1dGhlbnRpY2F0ZT0iVHJ1ZSIgUHJveHk9ImRlZmF1bHQiIFN0b3BPbkVycm9yPSJGYWxzZSIgUmVjb3JkZWRSZXN1bHRGaWxlPSIiIFJlc3VsdHNMb2NhbGU9IiI+DQogIDxJdGVtcz4NCiAgICA8UmVxdWVzdCBNZXRob2Q9Ik9QVElPTlMiIEd1aWQ9ImVhNTA1YjZjLTgyMTItNDE0OC04ZWJhLWZmMmNiOGE3Njk2YSIgVmVyc2lvbj0iMS4xIiBVcmw9Imh0dHA6Ly9sb2NhbGhvc3Q6NTc1MDAvYXBpL3Bob3RvL3N1Ym1pdG9yZGVyIiBUaGlua1RpbWU9IjAiIFRpbWVvdXQ9IjYwIiBQYXJzZURlcGVuZGVudFJlcXVlc3RzPSJUcnVlIiBGb2xsb3dSZWRpcmVjdHM9IlRydWUiIFJlY29yZFJlc3VsdD0iVHJ1ZSIgQ2FjaGU9IkZhbHNlIiBSZXNwb25zZVRpbWVHb2FsPSIwIiBFbmNvZGluZz0idXRmLTgiIEV4cGVjdGVkSHR0cFN0YXR1c0NvZGU9IjAiIEV4cGVjdGVkUmVzcG9uc2VVcmw9IiIgUmVwb3J0aW5nTmFtZT0iIiBJZ25vcmVIdHRwU3RhdHVzQ29kZT0iRmFsc2UiPg0KICAgICAgPEhlYWRlcnM+DQogICAgICAgIDxIZWFkZXIgTmFtZT0iQWNjZXNzLUNvbnRyb2wtUmVxdWVzdC1NZXRob2QiIFZhbHVlPSJQT1NUIiAvPg0KICAgICAgICA8SGVhZGVyIE5hbWU9Ik9yaWdpbiIgVmFsdWU9Imh0dHA6Ly9sb2NhbGhvc3Q6MzAwMCIgLz4NCiAgICAgICAgPEhlYWRlciBOYW1lPSJBY2Nlc3MtQ29udHJvbC1SZXF1ZXN0LUhlYWRlcnMiIFZhbHVlPSJjb250ZW50LXR5cGUiIC8+DQogICAgICA8L0hlYWRlcnM+DQogICAgPC9SZXF1ZXN0Pg0KICAgIDxSZXF1ZXN0IE1ldGhvZD0iUE9TVCIgR3VpZD0iMTJjMzk1YzgtMzllNi00MjQ3LWFlNjctOGFiMmEzOTE2OTQ5IiBWZXJzaW9uPSIxLjEiIFVybD0iaHR0cDovL2xvY2FsaG9zdDo1NzUwMC9hcGkvcGhvdG8vc3VibWl0b3JkZXIiIFRoaW5rVGltZT0iMiIgVGltZW91dD0iNjAiIFBhcnNlRGVwZW5kZW50UmVxdWVzdHM9IlRydWUiIEZvbGxvd1JlZGlyZWN0cz0iVHJ1ZSIgUmVjb3JkUmVzdWx0PSJUcnVlIiBDYWNoZT0iRmFsc2UiIFJlc3BvbnNlVGltZUdvYWw9IjAiIEVuY29kaW5nPSJ1dGYtOCIgRXhwZWN0ZWRIdHRwU3RhdHVzQ29kZT0iMCIgRXhwZWN0ZWRSZXNwb25zZVVybD0iIiBSZXBvcnRpbmdOYW1lPSIiIElnbm9yZUh0dHBTdGF0dXNDb2RlPSJGYWxzZSI+DQogICAgICA8SGVhZGVycz4NCiAgICAgICAgPEhlYWRlciBOYW1lPSJPcmlnaW4iIFZhbHVlPSJodHRwOi8vbG9jYWxob3N0OjMwMDAiIC8+DQogICAgICAgIDxIZWFkZXIgTmFtZT0iQ29udGVudC1UeXBlIiBWYWx1ZT0iYXBwbGljYXRpb24vanNvbiIgLz4NCiAgICAgIDwvSGVhZGVycz4NCiAgICAgIDxTdHJpbmdIdHRwQm9keSBDb250ZW50VHlwZT0iYXBwbGljYXRpb24vanNvbiIgSW5zZXJ0Qnl0ZU9yZGVyTWFyaz0iRmFsc2UiPmV3QWlBSFVBY3dCbEFISUFTUUJrQUNJQU9nQWlBRGtBTWdCbEFEY0FaQUJoQURnQU9RQXRBREVBWlFBekFHWUFMUUEwQURJQVlRQmhBQzBBT0FBMUFHVUFNd0F0QUdNQVpnQTVBRElBWXdBMkFEa0FNZ0JqQUdVQU13QXhBQ0lBTEFBaUFIUUFid0IwQUdFQWJBQlFBSElBYVFCdUFIUUFjd0JRQUhJQWFRQmpBR1VBSWdBNkFERUFOZ0F1QURjQUxBQWlBSFFBYndCMEFHRUFiQUJRQUhJQWFRQnVBSFFBY3dBaUFEb0FNZ0F4QUN3QUlnQjBBRzhBZEFCaEFHd0FUd0J5QUdRQVpRQnlBRkFBY2dCcEFHTUFaUUFpQURvQU13QXdBQzRBTndBc0FDSUFaQUJsQUd3QWFRQjJBR1VBY2dCNUFGUUFlUUJ3QUdVQVNRQmtBQ0lBT2dBeEFDd0FJZ0JwQUhNQVZBQnlBR0VBWkFCcEFIUUFhUUJ2QUc0QVlRQnNBRlFBY2dCaEFHNEFjd0JtQUdVQWNnQWlBRG9BWmdCaEFHd0Fjd0JsQUN3QUlnQnZBSElBWkFCbEFISUFSQUJoQUhRQVpRQWlBRG9BSWdBeUFEQUFNUUEzQUMwQU1RQXhBQzBBTWdBeEFGUUFNZ0F5QURvQU1nQTVBRG9BTkFBd0FDNEFOUUF4QURrQVdnQWlBQ3dBSWdCbEFHNEFaQUJFQUdFQWRBQmxBQ0lBT2dCdUFIVUFiQUJzQUN3QUlnQndBR0VBZVFCdEFHVUFiZ0IwQUVRQVlRQjBBR1VBSWdBNkFHNEFkUUJzQUd3QUxBQWlBSE1BYUFCcEFIQUFjQUJwQUc0QVp3QkVBR0VBZEFCbEFDSUFPZ0J1QUhVQWJBQnNBQ3dBSWdCd0FHRUFlUUJ0QUdVQWJnQjBBRk1BZEFCaEFIUUFkUUJ6QUNJQU9nQXdBQ3dBSWdCa0FHVUFiQUJwQUhZQVpRQnlBSGtBUkFCaEFIUUFZUUJKQUdRQUlnQTZBRzRBZFFCc0FHd0FMQUFpQUdrQWJnQjJBRzhBYVFCakFHVUFSQUJoQUhRQVlRQkpBR1FBSWdBNkFHNEFkUUJzQUd3QUxBQWlBR2tBY3dCSkFHNEFkZ0J2QUdrQVl3QmxBQ0lBT2dCbUFHRUFiQUJ6QUdVQUxBQWlBR0VBWkFCa0FHa0FkQUJwQUc4QWJnQmhBR3dBU1FCdUFHWUFid0FpQURvQUlnQWlBQ3dBSWdCd0FHZ0Fid0IwQUc4QWN3QWlBRG9BV3dCN0FDSUFhUUJ6QUVNQWJ3QnVBSFFBWVFCcEFHNEFJZ0E2QUhRQWNnQjFBR1VBTEFBaUFHNEFZUUJ0QUdVQUlnQTZBQ0lBWHdCRUFGTUFRd0F6QURrQU53QXdBQzRBU2dCUUFFY0FJZ0FzQUNJQWNBQnlBR2tBYmdCMEFITUFJZ0E2QUZzQWV3QWlBR1lBYndCeUFHMEFZUUIwQUNJQU9nQXhBQ3dBSWdCd0FHRUFjQUJsQUhJQUlnQTZBREVBTEFBaUFHRUFiUUJ2QUhVQWJnQjBBQ0lBT2dBMUFIMEFMQUI3QUNJQVpnQnZBSElBYlFCaEFIUUFJZ0E2QURJQUxBQWlBSEFBWVFCd0FHVUFjZ0FpQURvQU1RQXNBQ0lBWVFCdEFHOEFkUUJ1QUhRQUlnQTZBREVBZlFBc0FIc0FJZ0JtQUc4QWNnQnRBR0VBZEFBaUFEb0FNd0FzQUNJQWNBQmhBSEFBWlFCeUFDSUFPZ0F4QUN3QUlnQmhBRzBBYndCMUFHNEFkQUFpQURvQU1BQjlBRjBBTEFBaUFHa0Fjd0JJQUc4QWNnQnBBSG9BYndCdUFIUUFZUUJzQUNJQU9nQjBBSElBZFFCbEFIMEFMQUI3QUNJQWFRQnpBRU1BYndCdUFIUUFZUUJwQUc0QUlnQTZBSFFBY2dCMUFHVUFMQUFpQUc0QVlRQnRBR1VBSWdBNkFDSUFPUUF5QURRQVpnQTVBREFBTkFBNUFESUFaQUF6QURVQVlnQXlBRFlBTVFCakFEQUFNQUJqQUdRQVlnQmxBRFFBWVFBd0FEVUFZZ0EyQURJQU1nQXlBQzRBYWdCd0FHY0FJZ0FzQUNJQWNBQnlBR2tBYmdCMEFITUFJZ0E2QUZzQWV3QWlBR1lBYndCeUFHMEFZUUIwQUNJQU9nQXhBQ3dBSWdCd0FHRUFjQUJsQUhJQUlnQTZBREVBTEFBaUFHRUFiUUJ2QUhVQWJnQjBBQ0lBT2dBd0FIMEFMQUI3QUNJQVpnQnZBSElBYlFCaEFIUUFJZ0E2QURJQUxBQWlBSEFBWVFCd0FHVUFjZ0FpQURvQU1RQXNBQ0lBWVFCdEFHOEFkUUJ1QUhRQUlnQTZBREVBZlFBc0FIc0FJZ0JtQUc4QWNnQnRBR0VBZEFBaUFEb0FNd0FzQUNJQWNBQmhBSEFBWlFCeUFDSUFPZ0F4QUN3QUlnQmhBRzBBYndCMUFHNEFkQUFpQURvQU5nQjlBRjBBTEFBaUFHa0Fjd0JJQUc4QWNnQnBBSG9BYndCdUFIUUFZUUJzQUNJQU9nQjBBSElBZFFCbEFIMEFMQUI3QUNJQWFRQnpBRU1BYndCdUFIUUFZUUJwQUc0QUlnQTZBSFFBY2dCMUFHVUFMQUFpQUc0QVlRQnRBR1VBSWdBNkFDSUFNUUF5QURFQU9RQTBBRFlBTmdBMkFGOEFNUUF4QURjQU9RQTFBRFFBTndBMkFEWUFNZ0F3QURjQU13QXhBRFlBTndCZkFEWUFPUUEyQURZQU9BQXlBREVBTXdBd0FEVUFOUUEzQURnQU53QTFBRFFBTWdBMEFETUFYd0J2QUM0QWNBQnVBR2NBSWdBc0FDSUFjQUJ5QUdrQWJnQjBBSE1BSWdBNkFGc0Fld0FpQUdZQWJ3QnlBRzBBWVFCMEFDSUFPZ0F4QUN3QUlnQndBR0VBY0FCbEFISUFJZ0E2QURFQUxBQWlBR0VBYlFCdkFIVUFiZ0IwQUNJQU9nQXdBSDBBTEFCN0FDSUFaZ0J2QUhJQWJRQmhBSFFBSWdBNkFESUFMQUFpQUhBQVlRQndBR1VBY2dBaUFEb0FNUUFzQUNJQVlRQnRBRzhBZFFCdUFIUUFJZ0E2QURFQWZRQXNBSHNBSWdCbUFHOEFjZ0J0QUdFQWRBQWlBRG9BTXdBc0FDSUFjQUJoQUhBQVpRQnlBQ0lBT2dBeEFDd0FJZ0JoQUcwQWJ3QjFBRzRBZEFBaUFEb0FNQUI5QUYwQUxBQWlBR2tBY3dCSUFHOEFjZ0JwQUhvQWJ3QnVBSFFBWVFCc0FDSUFPZ0IwQUhJQWRRQmxBSDBBTEFCN0FDSUFhUUJ6QUVNQWJ3QnVBSFFBWVFCcEFHNEFJZ0E2QUhRQWNnQjFBR1VBTEFBaUFHNEFZUUJ0QUdVQUlnQTZBQ0lBTWdBekFEVUFOUUExQURJQU1nQXdBRjhBTVFBMEFEVUFOQUF5QURVQU53QXlBRGtBTndBNUFEY0FOUUE0QURZQU1nQmZBREVBTXdBMUFEQUFPUUF5QURjQU5BQTFBRFVBWHdCdkFDNEFjQUJ1QUdjQUlnQXNBQ0lBY0FCeUFHa0FiZ0IwQUhNQUlnQTZBRnNBZXdBaUFHWUFid0J5QUcwQVlRQjBBQ0lBT2dBeEFDd0FJZ0J3QUdFQWNBQmxBSElBSWdBNkFERUFMQUFpQUdFQWJRQnZBSFVBYmdCMEFDSUFPZ0F3QUgwQUxBQjdBQ0lBWmdCdkFISUFiUUJoQUhRQUlnQTZBRElBTEFBaUFIQUFZUUJ3QUdVQWNnQWlBRG9BTVFBc0FDSUFZUUJ0QUc4QWRRQnVBSFFBSWdBNkFERUFmUUFzQUhzQUlnQm1BRzhBY2dCdEFHRUFkQUFpQURvQU13QXNBQ0lBY0FCaEFIQUFaUUJ5QUNJQU9nQXhBQ3dBSWdCaEFHMEFid0IxQUc0QWRBQWlBRG9BTUFCOUFGMEFMQUFpQUdrQWN3QklBRzhBY2dCcEFIb0Fid0J1QUhRQVlRQnNBQ0lBT2dCMEFISUFkUUJsQUgwQUxBQjdBQ0lBYVFCekFFTUFid0J1QUhRQVlRQnBBRzRBSWdBNkFIUUFjZ0IxQUdVQUxBQWlBRzRBWVFCdEFHVUFJZ0E2QUNJQU1nQXpBRFVBT0FBMEFEY0FOd0F6QUY4QU1RQTFBREFBTkFBeEFERUFOUUF5QURrQU1nQTVBRFlBT1FBNUFEa0FOd0JmQURFQU9RQTJBRGtBT1FBM0FEQUFPUUEyQURnQVh3QnVBQzRBY0FCdUFHY0FJZ0FzQUNJQWNBQnlBR2tBYmdCMEFITUFJZ0E2QUZzQWV3QWlBR1lBYndCeUFHMEFZUUIwQUNJQU9nQXhBQ3dBSWdCd0FHRUFjQUJsQUhJQUlnQTZBREVBTEFBaUFHRUFiUUJ2QUhVQWJnQjBBQ0lBT2dBd0FIMEFMQUI3QUNJQVpnQnZBSElBYlFCaEFIUUFJZ0E2QURJQUxBQWlBSEFBWVFCd0FHVUFjZ0FpQURvQU1RQXNBQ0lBWVFCdEFHOEFkUUJ1QUhRQUlnQTZBREVBZlFBc0FIc0FJZ0JtQUc4QWNnQnRBR0VBZEFBaUFEb0FNd0FzQUNJQWNBQmhBSEFBWlFCeUFDSUFPZ0F4QUN3QUlnQmhBRzBBYndCMUFHNEFkQUFpQURvQU1BQjlBRjBBTEFBaUFHa0Fjd0JJQUc4QWNnQnBBSG9BYndCdUFIUUFZUUJzQUNJQU9nQjBBSElBZFFCbEFIMEFMQUI3QUNJQWFRQnpBRU1BYndCdUFIUUFZUUJwQUc0QUlnQTZBSFFBY2dCMUFHVUFMQUFpQUc0QVlRQnRBR1VBSWdBNkFDSUFUQUJ2QUdjQWJ3QWdBRmNBWVFCeUFITUFlZ0IwQUdFQWRBQjVBQ0FBUWdCdkFIUUFJQUJHQUhJQVlRQnRBR1VBZHdCdkFISUFhd0F1QUhBQWJnQm5BQ0lBTEFBaUFIQUFjZ0JwQUc0QWRBQnpBQ0lBT2dCYkFIc0FJZ0JtQUc4QWNnQnRBR0VBZEFBaUFEb0FNUUFzQUNJQWNBQmhBSEFBWlFCeUFDSUFPZ0F4QUN3QUlnQmhBRzBBYndCMUFHNEFkQUFpQURvQU1BQjlBQ3dBZXdBaUFHWUFid0J5QUcwQVlRQjBBQ0lBT2dBeUFDd0FJZ0J3QUdFQWNBQmxBSElBSWdBNkFERUFMQUFpQUdFQWJRQnZBSFVBYmdCMEFDSUFPZ0F4QUgwQUxBQjdBQ0lBWmdCdkFISUFiUUJoQUhRQUlnQTZBRE1BTEFBaUFIQUFZUUJ3QUdVQWNnQWlBRG9BTVFBc0FDSUFZUUJ0QUc4QWRRQnVBSFFBSWdBNkFEQUFmUUJkQUN3QUlnQnBBSE1BU0FCdkFISUFhUUI2QUc4QWJnQjBBR0VBYkFBaUFEb0FkQUJ5QUhVQVpRQjlBQ3dBZXdBaUFHa0Fjd0JEQUc4QWJnQjBBR0VBYVFCdUFDSUFPZ0IwQUhJQWRRQmxBQ3dBSWdCdUFHRUFiUUJsQUNJQU9nQWlBRThBWWdCcUFHVUFZd0IwQUdrQWRnQnBBSFFBZVFCZkFHd0Fid0JuQUc4QVh3QnVBRzhBWHdCakFHd0FZUUJwQUcwQVh3QlNBRWNBUWdBdUFIQUFiZ0JuQUNJQUxBQWlBSEFBY2dCcEFHNEFkQUJ6QUNJQU9nQmJBSHNBSWdCbUFHOEFjZ0J0QUdFQWRBQWlBRG9BTVFBc0FDSUFjQUJoQUhBQVpRQnlBQ0lBT2dBeEFDd0FJZ0JoQUcwQWJ3QjFBRzRBZEFBaUFEb0FNQUI5QUN3QWV3QWlBR1lBYndCeUFHMEFZUUIwQUNJQU9nQXlBQ3dBSWdCd0FHRUFjQUJsQUhJQUlnQTZBREVBTEFBaUFHRUFiUUJ2QUhVQWJnQjBBQ0lBT2dBeEFIMEFMQUI3QUNJQVpnQnZBSElBYlFCaEFIUUFJZ0E2QURNQUxBQWlBSEFBWVFCd0FHVUFjZ0FpQURvQU1RQXNBQ0lBWVFCdEFHOEFkUUJ1QUhRQUlnQTZBREFBZlFCZEFDd0FJZ0JwQUhNQVNBQnZBSElBYVFCNkFHOEFiZ0IwQUdFQWJBQWlBRG9BZEFCeUFIVUFaUUI5QUN3QWV3QWlBR2tBY3dCREFHOEFiZ0IwQUdFQWFRQnVBQ0lBT2dCMEFISUFkUUJsQUN3QUlnQnVBR0VBYlFCbEFDSUFPZ0FpQUhBQVpRQjRBR1VBYkFCekFDMEFjQUJvQUc4QWRBQnZBQzBBTWdBNUFEY0FOZ0EwQURnQUxnQnFBSEFBWlFCbkFDSUFMQUFpQUhBQWNnQnBBRzRBZEFCekFDSUFPZ0JiQUhzQUlnQm1BRzhBY2dCdEFHRUFkQUFpQURvQU1RQXNBQ0lBY0FCaEFIQUFaUUJ5QUNJQU9nQXhBQ3dBSWdCaEFHMEFid0IxQUc0QWRBQWlBRG9BTUFCOUFDd0Fld0FpQUdZQWJ3QnlBRzBBWVFCMEFDSUFPZ0F5QUN3QUlnQndBR0VBY0FCbEFISUFJZ0E2QURFQUxBQWlBR0VBYlFCdkFIVUFiZ0IwQUNJQU9nQXhBSDBBTEFCN0FDSUFaZ0J2QUhJQWJRQmhBSFFBSWdBNkFETUFMQUFpQUhBQVlRQndBR1VBY2dBaUFEb0FNUUFzQUNJQVlRQnRBRzhBZFFCdUFIUUFJZ0E2QURBQWZRQmRBQ3dBSWdCcEFITUFTQUJ2QUhJQWFRQjZBRzhBYmdCMEFHRUFiQUFpQURvQWRBQnlBSFVBWlFCOUFDd0Fld0FpQUdrQWN3QkRBRzhBYmdCMEFHRUFhUUJ1QUNJQU9nQjBBSElBZFFCbEFDd0FJZ0J1QUdFQWJRQmxBQ0lBT2dBaUFGY0FZUUJ5QUhNQWVnQjBBR0VBZEFCNUFDQUFRZ0J2QUhRQUlBQkdBSElBWVFCdEFHVUFkd0J2QUhJQWF3QXVBSEFBYmdCbkFDSUFMQUFpQUhBQWNnQnBBRzRBZEFCekFDSUFPZ0JiQUhzQUlnQm1BRzhBY2dCdEFHRUFkQUFpQURvQU1RQXNBQ0lBY0FCaEFIQUFaUUJ5QUNJQU9nQXhBQ3dBSWdCaEFHMEFid0IxQUc0QWRBQWlBRG9BTUFCOUFDd0Fld0FpQUdZQWJ3QnlBRzBBWVFCMEFDSUFPZ0F5QUN3QUlnQndBR0VBY0FCbEFISUFJZ0E2QURFQUxBQWlBR0VBYlFCdkFIVUFiZ0IwQUNJQU9nQXhBSDBBTEFCN0FDSUFaZ0J2QUhJQWJRQmhBSFFBSWdBNkFETUFMQUFpQUhBQVlRQndBR1VBY2dBaUFEb0FNUUFzQUNJQVlRQnRBRzhBZFFCdUFIUUFJZ0E2QURBQWZRQmRBQ3dBSWdCcEFITUFTQUJ2QUhJQWFRQjZBRzhBYmdCMEFHRUFiQUFpQURvQWRBQnlBSFVBWlFCOUFDd0Fld0FpQUdrQWN3QkRBRzhBYmdCMEFHRUFhUUJ1QUNJQU9nQjBBSElBZFFCbEFDd0FJZ0J1QUdFQWJRQmxBQ0lBT2dBaUFFSUFkUUIwQUhrQUlBQkJBRzBBWlFCeUFHa0FZd0JoQUc0QVh3QXRBRGtBTGdCcUFIQUFad0FpQUN3QUlnQndBSElBYVFCdUFIUUFjd0FpQURvQVd3QjdBQ0lBWmdCdkFISUFiUUJoQUhRQUlnQTZBREVBTEFBaUFIQUFZUUJ3QUdVQWNnQWlBRG9BTVFBc0FDSUFZUUJ0QUc4QWRRQnVBSFFBSWdBNkFEQUFmUUFzQUhzQUlnQm1BRzhBY2dCdEFHRUFkQUFpQURvQU1nQXNBQ0lBY0FCaEFIQUFaUUJ5QUNJQU9nQXhBQ3dBSWdCaEFHMEFid0IxQUc0QWRBQWlBRG9BTVFCOUFDd0Fld0FpQUdZQWJ3QnlBRzBBWVFCMEFDSUFPZ0F6QUN3QUlnQndBR0VBY0FCbEFISUFJZ0E2QURFQUxBQWlBR0VBYlFCdkFIVUFiZ0IwQUNJQU9nQXdBSDBBWFFBc0FDSUFhUUJ6QUVnQWJ3QnlBR2tBZWdCdkFHNEFkQUJoQUd3QUlnQTZBSFFBY2dCMUFHVUFmUUJkQUgwQTwvU3RyaW5nSHR0cEJvZHk+DQogICAgPC9SZXF1ZXN0Pg0KICA8L0l0ZW1zPg0KPC9XZWJUZXN0Pg==">
      <Execution id="75140622-62e1-46c8-97fb-e0f3995023b4" />
    </WebTest>
    <WebTest name="SendOrder" storage="c:\users\adam\documents\_studia\photolab\photolab\photolab-loadtest\photolab-loadtest\sendorder.webtest" priority="0" id="231bcdb8-28d8-495e-99cf-0225f76e94ed" persistedWebTest="77u/PD94bWwgdmVyc2lvbj0iMS4wIiBlbmNvZGluZz0iVVRGLTgiIHN0YW5kYWxvbmU9InllcyI/Pg0KPFdlYlRlc3QgTmFtZT0iU2VuZE9yZGVyIiBJZD0iMjMxYmNkYjgtMjhkOC00OTVlLTk5Y2YtMDIyNWY3NmU5NGVkIiBPd25lcj0iIiBQcmlvcml0eT0iMCIgRW5hYmxlZD0iVHJ1ZSIgQ3NzUHJvamVjdFN0cnVjdHVyZT0iIiBDc3NJdGVyYXRpb249IiIgVGltZW91dD0iMCIgV29ya0l0ZW1JZHM9IiIgeG1sbnM9Imh0dHA6Ly9taWNyb3NvZnQuY29tL3NjaGVtYXMvVmlzdWFsU3R1ZGlvL1RlYW1UZXN0LzIwMTAiIERlc2NyaXB0aW9uPSIiIENyZWRlbnRpYWxVc2VyTmFtZT0iIiBDcmVkZW50aWFsUGFzc3dvcmQ9IiIgUHJlQXV0aGVudGljYXRlPSJUcnVlIiBQcm94eT0iZGVmYXVsdCIgU3RvcE9uRXJyb3I9IkZhbHNlIiBSZWNvcmRlZFJlc3VsdEZpbGU9IiIgUmVzdWx0c0xvY2FsZT0iIj4NCiAgPEl0ZW1zPg0KICAgIDxSZXF1ZXN0IE1ldGhvZD0iT1BUSU9OUyIgR3VpZD0iZWUyM2FjNzEtNzA1Mi00NjI5LThjY2QtMGJhOWQwNWFkYjZiIiBWZXJzaW9uPSIxLjEiIFVybD0iaHR0cDovL2xvY2FsaG9zdDo1NzUwMC9hcGkvcGhvdG8vc3VibWl0b3JkZXIiIFRoaW5rVGltZT0iMCIgVGltZW91dD0iNjAiIFBhcnNlRGVwZW5kZW50UmVxdWVzdHM9IlRydWUiIEZvbGxvd1JlZGlyZWN0cz0iVHJ1ZSIgUmVjb3JkUmVzdWx0PSJUcnVlIiBDYWNoZT0iRmFsc2UiIFJlc3BvbnNlVGltZUdvYWw9IjAiIEVuY29kaW5nPSJ1dGYtOCIgRXhwZWN0ZWRIdHRwU3RhdHVzQ29kZT0iMCIgRXhwZWN0ZWRSZXNwb25zZVVybD0iIiBSZXBvcnRpbmdOYW1lPSIiIElnbm9yZUh0dHBTdGF0dXNDb2RlPSJGYWxzZSI+DQogICAgICA8SGVhZGVycz4NCiAgICAgICAgPEhlYWRlciBOYW1lPSJBY2Nlc3MtQ29udHJvbC1SZXF1ZXN0LU1ldGhvZCIgVmFsdWU9IlBPU1QiIC8+DQogICAgICAgIDxIZWFkZXIgTmFtZT0iT3JpZ2luIiBWYWx1ZT0iaHR0cDovL2xvY2FsaG9zdDozMDAwIiAvPg0KICAgICAgICA8SGVhZGVyIE5hbWU9IkFjY2Vzcy1Db250cm9sLVJlcXVlc3QtSGVhZGVycyIgVmFsdWU9ImNvbnRlbnQtdHlwZSIgLz4NCiAgICAgIDwvSGVhZGVycz4NCiAgICA8L1JlcXVlc3Q+DQogICAgPFJlcXVlc3QgTWV0aG9kPSJQT1NUIiBHdWlkPSI4MDg4ZjlhYi1lNmY5LTRlOTMtYjY2NS05ZTcxOWI2ZmQxOTQiIFZlcnNpb249IjEuMSIgVXJsPSJodHRwOi8vbG9jYWxob3N0OjU3NTAwL2FwaS9waG90by9zdWJtaXRvcmRlciIgVGhpbmtUaW1lPSIwIiBUaW1lb3V0PSI2MCIgUGFyc2VEZXBlbmRlbnRSZXF1ZXN0cz0iVHJ1ZSIgRm9sbG93UmVkaXJlY3RzPSJUcnVlIiBSZWNvcmRSZXN1bHQ9IlRydWUiIENhY2hlPSJGYWxzZSIgUmVzcG9uc2VUaW1lR29hbD0iMCIgRW5jb2Rpbmc9InV0Zi04IiBFeHBlY3RlZEh0dHBTdGF0dXNDb2RlPSIwIiBFeHBlY3RlZFJlc3BvbnNlVXJsPSIiIFJlcG9ydGluZ05hbWU9IiIgSWdub3JlSHR0cFN0YXR1c0NvZGU9IkZhbHNlIj4NCiAgICAgIDxIZWFkZXJzPg0KICAgICAgICA8SGVhZGVyIE5hbWU9Ik9yaWdpbiIgVmFsdWU9Imh0dHA6Ly9sb2NhbGhvc3Q6MzAwMCIgLz4NCiAgICAgICAgPEhlYWRlciBOYW1lPSJDb250ZW50LVR5cGUiIFZhbHVlPSJhcHBsaWNhdGlvbi9qc29uIiAvPg0KICAgICAgPC9IZWFkZXJzPg0KICAgICAgPFN0cmluZ0h0dHBCb2R5IENvbnRlbnRUeXBlPSJhcHBsaWNhdGlvbi9qc29uIiBJbnNlcnRCeXRlT3JkZXJNYXJrPSJGYWxzZSI+ZXdBaUFIVUFjd0JsQUhJQVNRQmtBQ0lBT2dBaUFEa0FNZ0JsQURjQVpBQmhBRGdBT1FBdEFERUFaUUF6QUdZQUxRQTBBRElBWVFCaEFDMEFPQUExQUdVQU13QXRBR01BWmdBNUFESUFZd0EyQURrQU1nQmpBR1VBTXdBeEFDSUFMQUFpQUhRQWJ3QjBBR0VBYkFCUUFISUFhUUJ1QUhRQWN3QlFBSElBYVFCakFHVUFJZ0E2QURZQUxnQXpBQ3dBSWdCMEFHOEFkQUJoQUd3QVVBQnlBR2tBYmdCMEFITUFJZ0E2QURjQUxBQWlBSFFBYndCMEFHRUFiQUJQQUhJQVpBQmxBSElBVUFCeUFHa0FZd0JsQUNJQU9nQXlBREFBTGdBekFDd0FJZ0JrQUdVQWJBQnBBSFlBWlFCeUFIa0FWQUI1QUhBQVpRQkpBR1FBSWdBNkFERUFMQUFpQUdrQWN3QlVBSElBWVFCa0FHa0FkQUJwQUc4QWJnQmhBR3dBVkFCeUFHRUFiZ0J6QUdZQVpRQnlBQ0lBT2dCbUFHRUFiQUJ6QUdVQUxBQWlBRzhBY2dCa0FHVUFjZ0JFQUdFQWRBQmxBQ0lBT2dBaUFESUFNQUF4QURjQUxRQXhBREVBTFFBeUFERUFWQUF5QURJQU9nQXlBRFlBT2dBMUFEQUFMZ0EzQURZQU5nQmFBQ0lBTEFBaUFHVUFiZ0JrQUVRQVlRQjBBR1VBSWdBNkFHNEFkUUJzQUd3QUxBQWlBSEFBWVFCNUFHMEFaUUJ1QUhRQVJBQmhBSFFBWlFBaUFEb0FiZ0IxQUd3QWJBQXNBQ0lBY3dCb0FHa0FjQUJ3QUdrQWJnQm5BRVFBWVFCMEFHVUFJZ0E2QUc0QWRRQnNBR3dBTEFBaUFIQUFZUUI1QUcwQVpRQnVBSFFBVXdCMEFHRUFkQUIxQUhNQUlnQTZBREFBTEFBaUFHUUFaUUJzQUdrQWRnQmxBSElBZVFCRUFHRUFkQUJoQUVrQVpBQWlBRG9BYmdCMUFHd0FiQUFzQUNJQWFRQnVBSFlBYndCcEFHTUFaUUJFQUdFQWRBQmhBRWtBWkFBaUFEb0FiZ0IxQUd3QWJBQXNBQ0lBYVFCekFFa0FiZ0IyQUc4QWFRQmpBR1VBSWdBNkFHWUFZUUJzQUhNQVpRQXNBQ0lBWVFCa0FHUUFhUUIwQUdrQWJ3QnVBR0VBYkFCSkFHNEFaZ0J2QUNJQU9nQWlBQ0lBTEFBaUFIQUFhQUJ2QUhRQWJ3QnpBQ0lBT2dCYkFIc0FJZ0JwQUhNQVF3QnZBRzRBZEFCaEFHa0FiZ0FpQURvQWRBQnlBSFVBWlFBc0FDSUFiZ0JoQUcwQVpRQWlBRG9BSWdCWEFHRUFjZ0J6QUhvQWRBQmhBSFFBZVFBZ0FFSUFid0IwQUNBQVJnQnlBR0VBYlFCbEFIY0Fid0J5QUdzQUxnQndBRzRBWndBaUFDd0FJZ0J3QUhJQWFRQnVBSFFBY3dBaUFEb0FXd0I3QUNJQVpnQnZBSElBYlFCaEFIUUFJZ0E2QURFQUxBQWlBSEFBWVFCd0FHVUFjZ0FpQURvQU13QXNBQ0lBWVFCdEFHOEFkUUJ1QUhRQUlnQTZBRE1BZlFBc0FIc0FJZ0JtQUc4QWNnQnRBR0VBZEFBaUFEb0FNZ0FzQUNJQWNBQmhBSEFBWlFCeUFDSUFPZ0F6QUN3QUlnQmhBRzBBYndCMUFHNEFkQUFpQURvQU1BQjlBQ3dBZXdBaUFHWUFid0J5QUcwQVlRQjBBQ0lBT2dBekFDd0FJZ0J3QUdFQWNBQmxBSElBSWdBNkFETUFMQUFpQUdFQWJRQnZBSFVBYmdCMEFDSUFPZ0EwQUgwQVhRQXNBQ0lBYVFCekFFZ0Fid0J5QUdrQWVnQnZBRzRBZEFCaEFHd0FJZ0E2QUhRQWNnQjFBR1VBZlFCZEFIMEE8L1N0cmluZ0h0dHBCb2R5Pg0KICAgIDwvUmVxdWVzdD4NCiAgPC9JdGVtcz4NCjwvV2ViVGVzdD4=">
      <Execution id="cb148820-c502-42b2-9a6e-0224916f9763" />
    </WebTest>
  </TestDefinitions>
  <TestLists>
    <TestList name="Results Not in a List" id="8c84fa94-04c1-424b-9868-57a2d4851a1d" />
    <TestList name="All Loaded Results" id="19431567-8539-422a-85d7-44ee4e166bda" />
  </TestLists>
  <TestEntries>
    <TestEntry isTransparent="false" testId="4cfd156b-5d6b-475d-a969-567c83d9a665" executionId="9cca2097-d188-47d5-bf03-2478498c4ea2" testListId="8c84fa94-04c1-424b-9868-57a2d4851a1d">
      <TestEntries>
        <TestEntry isTransparent="false" testId="231bcdb8-28d8-495e-99cf-0225f76e94ed" executionId="e11dab1b-9988-4e80-a068-682c7991fbde" parentExecutionId="9cca2097-d188-47d5-bf03-2478498c4ea2" testListId="8c84fa94-04c1-424b-9868-57a2d4851a1d" />
        <TestEntry isTransparent="false" testId="2f8fe6ae-bdcf-4a74-be07-177f63a6c71c" executionId="3b515343-a543-43b8-9d6e-85cb49d8120b" parentExecutionId="9cca2097-d188-47d5-bf03-2478498c4ea2" testListId="8c84fa94-04c1-424b-9868-57a2d4851a1d" />
      </TestEntries>
    </TestEntry>
  </TestEntries>
  <Results>
    <LoadTestResult executionId="9cca2097-d188-47d5-bf03-2478498c4ea2" testId="4cfd156b-5d6b-475d-a969-567c83d9a665" testName="LoadTest3" computerName="SHERCOMP" duration="00:01:03.2437735" startTime="2017-11-21T23:40:57.2270877+01:00" endTime="2017-11-21T23:42:00.4708612+01:00" testType="fa4c85ff-1236-4463-b954-3ba2f0eabd95" outcome="Completed" testListId="8c84fa94-04c1-424b-9868-57a2d4851a1d" relativeResultsDirectory="9cca2097-d188-47d5-bf03-2478498c4ea2" runId="1017" controllerStartTime="2017-11-21T23:40:57.2270877+01:00" runStatus="Stopped" resultsStoreType="Database" resultsRepositoryConnectString="LAs4ogoKlDd+VpAl2ugknpVnps2Q+yFLesmD6LbUL+Km/JX8cBHGI53gZ4BH8pTCcqKm6fIrGHKGBGJ3QBDSWVtG/R9gmVK41LpMFWa4ySQbzsbWeWhsOim1CQqNS57+" loadTestDuration="300" loadTestWarmupTime="0" previouslyViewed="true">
      <AnalyzerViewState>
        <LoadTestRunDescriptor isLegendPanelVisible="true" isOverviewPanelVisible="true" isCounterPanelVisible="true" scrollingGraph="false" minMaxGraph="false" showHorizontalGridOnGraph="true" showThresholdsOnGraph="true" showComparison="false" showZoom="true" lockZoom="true" activeConsoleView="Graph" selectedGraphPanel1="Key Indicators" selectedGraphPanel2="Page Response Time" selectedGraphPanel3="System under Test" selectedGraphPanel4="Controller and Agents" graphPanelLayout="FourGrid" tablePanelLayout="TwoHorizontal" selectedTablePanel1="Tests" selectedTablePanel2="Errors" selectedTablePanel3="Thresholds" selectedTablePanel4="Transactions" controllerName="SHERCOMP" isLocalRun="true" testRunId="ef40e1d7-d2b5-4b77-a64e-96b1d9891e48" repositoryRunId="0">
          <GraphDescriptors>
            <GraphDescriptor graphName="Key Indicators">
              <HorizontalZoomRange lower="-1" upper="-1" />
              <VerticalZoomRange lower="0" upper="100" />
              <PlotDescriptors>
                <PlotDescriptor colorArgb="-65536" lineStyle="0" fixedRange="0" rangeGroup="User Load" showOnGraph="true" isSelected="false">
                  <CounterDescriptor machineName="SHERCOMP" categoryName="LoadTest:Scenario" counterName="User Load" instanceName="_Total" baseInstanceName="_Total" loadTestItemId="-1" />
                </PlotDescriptor>
                <PlotDescriptor colorArgb="-16744448" lineStyle="0" fixedRange="0" rangeGroup="Pages/Sec" showOnGraph="true" isSelected="false">
                  <CounterDescriptor machineName="SHERCOMP" categoryName="LoadTest:Page" counterName="Pages/Sec" instanceName="_Total" baseInstanceName="_Total" loadTestItemId="-1" />
                </PlotDescriptor>
                <PlotDescriptor colorArgb="-16776961" lineStyle="0" fixedRange="0" rangeGroup="Avg. Page Time" showOnGraph="true" isSelected="false">
                  <CounterDescriptor machineName="SHERCOMP" categoryName="LoadTest:Page" counterName="Avg. Page Time" instanceName="_Total" baseInstanceName="_Total" loadTestItemId="-1" />
                </PlotDescriptor>
                <PlotDescriptor colorArgb="-8388480" lineStyle="0" fixedRange="0" rangeGroup="Errors/Sec" showOnGraph="true" isSelected="false">
                  <CounterDescriptor machineName="SHERCOMP" categoryName="LoadTest:Errors" counterName="Errors/Sec" instanceName="_Total" baseInstanceName="_Total" loadTestItemId="-1" />
                </PlotDescriptor>
                <PlotDescriptor colorArgb="-23296" lineStyle="0" fixedRange="0" rangeGroup="Threshold Violations/Sec" showOnGraph="true" isSelected="false">
                  <CounterDescriptor machineName="SHERCOMP" categoryName="LoadTest:Errors" counterName="Threshold Violations/Sec" instanceName="_Total" baseInstanceName="_Total" loadTestItemId="-1" />
                </PlotDescriptor>
                <PlotDescriptor colorArgb="-16744320" lineStyle="0" fixedRange="100" rangeGroup="% Processor Time" showOnGraph="true" isSelected="false">
                  <CounterDescriptor machineName="SHERCOMP" categoryName="Processor" counterName="% Processor Time" instanceName="_Total" baseInstanceName="_Total" loadTestItemId="-1" />
                </PlotDescriptor>
                <PlotDescriptor colorArgb="-7667712" lineStyle="0" fixedRange="100" rangeGroup="% Processor Time" showOnGraph="true" isSelected="false">
                  <CounterDescriptor machineName="SHERCOMP" categoryName="Processor" counterName="% Processor Time" instanceName="0" baseInstanceName="0" loadTestItemId="-1" />
                </PlotDescriptor>
                <PlotDescriptor colorArgb="-16751616" lineStyle="0" fixedRange="0" rangeGroup="Pages/sec" showOnGraph="true" isSelected="false">
                  <CounterDescriptor machineName="SHERCOMP" categoryName="Memory" counterName="Pages/sec" instanceName="systemdiagnosticsperfcounterlibsingleinstance" baseInstanceName="systemdiagnosticsperfcounterlibsingleinstance" loadTestItemId="-1" />
                </PlotDescriptor>
                <PlotDescriptor colorArgb="-16777077" lineStyle="0" fixedRange="100" rangeGroup="% Committed Bytes In Use" showOnGraph="true" isSelected="false">
                  <CounterDescriptor machineName="SHERCOMP" categoryName="Memory" counterName="% Committed Bytes In Use" instanceName="systemdiagnosticsperfcounterlibsingleinstance" baseInstanceName="systemdiagnosticsperfcounterlibsingleinstance" loadTestItemId="-1" />
                </PlotDescriptor>
              </PlotDescriptors>
            </GraphDescriptor>
            <GraphDescriptor graphName="System under Test">
              <HorizontalZoomRange lower="-1" upper="-1" />
              <VerticalZoomRange lower="0" upper="100" />
            </GraphDescriptor>
            <GraphDescriptor graphName="Controller and Agents">
              <HorizontalZoomRange lower="-1" upper="-1" />
              <VerticalZoomRange lower="0" upper="100" />
              <PlotDescriptors>
                <PlotDescriptor colorArgb="-65536" lineStyle="0" fixedRange="100" rangeGroup="% Processor Time" showOnGraph="true" isSelected="false">
                  <CounterDescriptor machineName="SHERCOMP" categoryName="Processor" counterName="% Processor Time" instanceName="0" baseInstanceName="0" loadTestItemId="-1" />
                </PlotDescriptor>
                <PlotDescriptor colorArgb="-16744448" lineStyle="0" fixedRange="0" rangeGroup="Memory Bytes" showOnGraph="true" isSelected="false">
                  <CounterDescriptor machineName="SHERCOMP" categoryName="Memory" counterName="Available MBytes" instanceName="systemdiagnosticsperfcounterlibsingleinstance" baseInstanceName="systemdiagnosticsperfcounterlibsingleinstance" loadTestItemId="-1" />
                </PlotDescriptor>
              </PlotDescriptors>
            </GraphDescriptor>
            <GraphDescriptor graphName="Test Response Time">
              <HorizontalZoomRange lower="-1" upper="-1" />
              <VerticalZoomRange lower="0" upper="25" />
              <PlotDescriptors>
                <PlotDescriptor colorArgb="-65536" lineStyle="0" fixedRange="25" rangeGroup="Avg. Test Time" showOnGraph="true" isSelected="false" counterMetadata="SendOrder;SendOrder1And10">
                  <CounterDescriptor machineName="SHERCOMP" categoryName="LoadTest:Test" counterName="Avg. Test Time" instanceName="SendOrder(000)" baseInstanceName="SendOrder" loadTestItemId="0" />
                </PlotDescriptor>
                <PlotDescriptor colorArgb="-16744448" lineStyle="0" fixedRange="25" rangeGroup="Avg. Test Time" showOnGraph="true" isSelected="false" counterMetadata="SendOrder-10-Photos;SendOrder1And10">
                  <CounterDescriptor machineName="SHERCOMP" categoryName="LoadTest:Test" counterName="Avg. Test Time" instanceName="SendOrder-10-Photos(001)" baseInstanceName="SendOrder-10-Photos" loadTestItemId="1" />
                </PlotDescriptor>
              </PlotDescriptors>
            </GraphDescriptor>
            <GraphDescriptor graphName="Transaction Response Time">
              <HorizontalZoomRange lower="-1" upper="-1" />
              <VerticalZoomRange lower="0" upper="100" />
            </GraphDescriptor>
            <GraphDescriptor graphName="Page Response Time">
              <HorizontalZoomRange lower="-1" upper="-1" />
              <VerticalZoomRange lower="0" upper="18" />
              <PlotDescriptors>
                <PlotDescriptor colorArgb="-65536" lineStyle="0" fixedRange="18" rangeGroup="Avg. Page Time" showOnGraph="true" isSelected="true" counterMetadata="SendOrder;SendOrder1And10;http://localhost:57500/api/photo/submitorder----{OPTIONS}">
                  <CounterDescriptor machineName="SHERCOMP" categoryName="LoadTest:Page" counterName="Avg. Page Time" instanceName="submitorder{OPTIONS}(001)" baseInstanceName="submitorder{OPTIONS}" loadTestItemId="1" />
                </PlotDescriptor>
                <PlotDescriptor colorArgb="-16744448" lineStyle="0" fixedRange="18" rangeGroup="Avg. Page Time" showOnGraph="true" isSelected="false" counterMetadata="SendOrder;SendOrder1And10;http://localhost:57500/api/photo/submitorder----{POST}">
                  <CounterDescriptor machineName="SHERCOMP" categoryName="LoadTest:Page" counterName="Avg. Page Time" instanceName="submitorder{POST}(000)" baseInstanceName="submitorder{POST}" loadTestItemId="0" />
                </PlotDescriptor>
                <PlotDescriptor colorArgb="-16776961" lineStyle="0" fixedRange="18" rangeGroup="Avg. Page Time" showOnGraph="true" isSelected="false" counterMetadata="SendOrder-10-Photos;SendOrder1And10;http://localhost:57500/api/photo/submitorder----{OPTIONS}">
                  <CounterDescriptor machineName="SHERCOMP" categoryName="LoadTest:Page" counterName="Avg. Page Time" instanceName="submitorder{OPTIONS}(003)" baseInstanceName="submitorder{OPTIONS}" loadTestItemId="3" />
                </PlotDescriptor>
                <PlotDescriptor colorArgb="-8388480" lineStyle="0" fixedRange="18" rangeGroup="Avg. Page Time" showOnGraph="true" isSelected="false" counterMetadata="SendOrder-10-Photos;SendOrder1And10;http://localhost:57500/api/photo/submitorder----{POST}">
                  <CounterDescriptor machineName="SHERCOMP" categoryName="LoadTest:Page" counterName="Avg. Page Time" instanceName="submitorder{POST}(002)" baseInstanceName="submitorder{POST}" loadTestItemId="2" />
                </PlotDescriptor>
              </PlotDescriptors>
            </GraphDescriptor>
          </GraphDescriptors>
        </LoadTestRunDescriptor>
      </AnalyzerViewState>
      <Summary>
        <PerformanceCounterResults>
          <PerformanceCounterResult isOverallResultCounter="true" higherIsBetter="true" machineName="SHERCOMP" categoryName="LoadTest:Scenario" counterName="User Load" instanceName="_Total" value="90" />
          <PerformanceCounterResult isOverallResultCounter="true" higherIsBetter="true" machineName="SHERCOMP" categoryName="LoadTest:Test" counterName="Total Tests" instanceName="_Total" value="200" />
          <PerformanceCounterResult isOverallResultCounter="true" higherIsBetter="false" machineName="SHERCOMP" categoryName="LoadTest:Test" counterName="Failed Tests" instanceName="_Total" value="0" />
          <PerformanceCounterResult isOverallResultCounter="true" higherIsBetter="true" machineName="SHERCOMP" categoryName="LoadTest:Test" counterName="Tests/Sec" instanceName="_Total" value="3.16236663" />
          <PerformanceCounterResult isOverallResultCounter="true" higherIsBetter="false" machineName="SHERCOMP" categoryName="LoadTest:Test" counterName="Avg. Test Time" instanceName="_Total" value="16.16556" />
          <PerformanceCounterResult isOverallResultCounter="true" higherIsBetter="true" machineName="SHERCOMP" categoryName="LoadTest:Request" counterName="Total Requests" instanceName="_Total" value="400" />
          <PerformanceCounterResult isOverallResultCounter="true" higherIsBetter="false" machineName="SHERCOMP" categoryName="LoadTest:Request" counterName="Failed Requests" instanceName="_Total" value="0" />
          <PerformanceCounterResult isOverallResultCounter="true" higherIsBetter="true" machineName="SHERCOMP" categoryName="LoadTest:Request" counterName="Cached Requests" instanceName="_Total" value="0" />
          <PerformanceCounterResult isOverallResultCounter="true" higherIsBetter="true" machineName="SHERCOMP" categoryName="LoadTest:Request" counterName="Requests/Sec" instanceName="_Total" value="6.32473326" />
          <PerformanceCounterResult isOverallResultCounter="true" higherIsBetter="false" machineName="SHERCOMP" categoryName="LoadTest:Request" counterName="Avg. Response Time" instanceName="_Total" value="7.544775" />
          <PerformanceCounterResult isOverallResultCounter="false" higherIsBetter="false" machineName="SHERCOMP" categoryName="Processor" counterName="% Processor Time" instanceName="_Total" value="39.7057152" />
          <PerformanceCounterResult isOverallResultCounter="false" higherIsBetter="true" machineName="SHERCOMP" categoryName="Memory" counterName="Available MBytes" instanceName="-" value="1712" />
          <PerformanceCounterResult isOverallResultCounter="false" higherIsBetter="false" machineName="SHERCOMP" categoryName="Network Interface" counterName="Bytes Received/sec" instanceName="realtek pcie gbe family controller" value="2177.67529" />
          <PerformanceCounterResult isOverallResultCounter="false" higherIsBetter="false" machineName="SHERCOMP" categoryName="Network Interface" counterName="Bytes Received/sec" instanceName="realtek 8821ae wireless lan 802.11ac pci-e nic" value="0" />
          <PerformanceCounterResult isOverallResultCounter="false" higherIsBetter="false" machineName="SHERCOMP" categoryName="Network Interface" counterName="Bytes Received/sec" instanceName="połączenie lokalne* 13" value="0" />
          <PerformanceCounterResult isOverallResultCounter="false" higherIsBetter="false" machineName="SHERCOMP" categoryName="Network Interface" counterName="Bytes Sent/sec" instanceName="realtek pcie gbe family controller" value="1584.63062" />
          <PerformanceCounterResult isOverallResultCounter="false" higherIsBetter="false" machineName="SHERCOMP" categoryName="Network Interface" counterName="Bytes Sent/sec" instanceName="realtek 8821ae wireless lan 802.11ac pci-e nic" value="0" />
          <PerformanceCounterResult isOverallResultCounter="false" higherIsBetter="false" machineName="SHERCOMP" categoryName="Network Interface" counterName="Bytes Sent/sec" instanceName="połączenie lokalne* 13" value="0" />
        </PerformanceCounterResults>
        <PageSummaries>
          <PageSummary scenarioName="SendOrder1And10" testName="SendOrder" url="submitorder{OPTIONS}" pageCount="94" responseTime="2302" />
          <PageSummary scenarioName="SendOrder1And10" testName="SendOrder" url="submitorder{POST}" pageCount="94" responseTime="12310" />
          <PageSummary scenarioName="SendOrder1And10" testName="SendOrder-10-Photos" url="submitorder{OPTIONS}" pageCount="106" responseTime="2890" />
          <PageSummary scenarioName="SendOrder1And10" testName="SendOrder-10-Photos" url="submitorder{POST}" pageCount="106" responseTime="12621" />
        </PageSummaries>
        <TestSummaries>
          <TestSummary scenarioName="SendOrder1And10" testName="SendOrder" totalTests="94" testsFailed="0" averageDuration="14619" />
          <TestSummary scenarioName="SendOrder1And10" testName="SendOrder-10-Photos" totalTests="106" testsFailed="0" averageDuration="17536" />
        </TestSummaries>
      </Summary>
    </LoadTestResult>
  </Results>
</TestRun>