<?xml version="1.0" encoding="UTF-8"?>
<TestRun id="dac9cce9-18b4-4f07-9eec-7e17719e4e15" name="Adam@SHERCOMP 2017-11-21 23:29:12" runUser="SHERCOMP\Adam" xmlns="http://microsoft.com/schemas/VisualStudio/TeamTest/2010">
  <TestSettings name="Local" id="86465cc3-8e1a-46a1-967a-a38066d78eb5">
    <Description>These are default test settings for a local test run.</Description>
    <Execution>
      <TestTypeSpecific />
      <AgentRule name="Execution Agents">
      </AgentRule>
    </Execution>
    <Deployment runDeploymentRoot="Adam_SHERCOMP 2017-11-21 23_29_12" />
    <Properties>
      <Property name="TestSettingsUIType" value="UnitTest" />
    </Properties>
  </TestSettings>
  <Times creation="2017-11-21T23:29:12.8766805+01:00" queuing="2017-11-21T23:29:13.4230676+01:00" start="2017-11-21T23:29:13.4820956+01:00" finish="2017-11-21T23:29:24.4326116+01:00" />
  <ResultSummary outcome="Completed">
    <Counters total="1" executed="1" passed="1" error="0" failed="0" timeout="0" aborted="0" inconclusive="0" passedButRunAborted="0" notRunnable="0" notExecuted="0" disconnected="0" warning="0" completed="0" inProgress="0" pending="0" />
  </ResultSummary>
  <TestDefinitions>
    <WebTest name="SendOrder" storage="c:\users\adam\documents\_studia\photolab\photolab\photolab-loadtest\photolab-loadtest\sendorder.webtest" priority="0" id="231bcdb8-28d8-495e-99cf-0225f76e94ed" persistedWebTest="77u/PD94bWwgdmVyc2lvbj0iMS4wIiBlbmNvZGluZz0iVVRGLTgiIHN0YW5kYWxvbmU9InllcyI/Pg0KPFdlYlRlc3QgTmFtZT0iU2VuZE9yZGVyIiBJZD0iMjMxYmNkYjgtMjhkOC00OTVlLTk5Y2YtMDIyNWY3NmU5NGVkIiBPd25lcj0iIiBQcmlvcml0eT0iMCIgRW5hYmxlZD0iVHJ1ZSIgQ3NzUHJvamVjdFN0cnVjdHVyZT0iIiBDc3NJdGVyYXRpb249IiIgVGltZW91dD0iMCIgV29ya0l0ZW1JZHM9IiIgeG1sbnM9Imh0dHA6Ly9taWNyb3NvZnQuY29tL3NjaGVtYXMvVmlzdWFsU3R1ZGlvL1RlYW1UZXN0LzIwMTAiIERlc2NyaXB0aW9uPSIiIENyZWRlbnRpYWxVc2VyTmFtZT0iIiBDcmVkZW50aWFsUGFzc3dvcmQ9IiIgUHJlQXV0aGVudGljYXRlPSJUcnVlIiBQcm94eT0iZGVmYXVsdCIgU3RvcE9uRXJyb3I9IkZhbHNlIiBSZWNvcmRlZFJlc3VsdEZpbGU9IiIgUmVzdWx0c0xvY2FsZT0iIj4NCiAgPEl0ZW1zPg0KICAgIDxSZXF1ZXN0IE1ldGhvZD0iT1BUSU9OUyIgR3VpZD0iZWUyM2FjNzEtNzA1Mi00NjI5LThjY2QtMGJhOWQwNWFkYjZiIiBWZXJzaW9uPSIxLjEiIFVybD0iaHR0cDovL2xvY2FsaG9zdDo1NzUwMC9hcGkvcGhvdG8vc3VibWl0b3JkZXIiIFRoaW5rVGltZT0iMCIgVGltZW91dD0iNjAiIFBhcnNlRGVwZW5kZW50UmVxdWVzdHM9IlRydWUiIEZvbGxvd1JlZGlyZWN0cz0iVHJ1ZSIgUmVjb3JkUmVzdWx0PSJUcnVlIiBDYWNoZT0iRmFsc2UiIFJlc3BvbnNlVGltZUdvYWw9IjAiIEVuY29kaW5nPSJ1dGYtOCIgRXhwZWN0ZWRIdHRwU3RhdHVzQ29kZT0iMCIgRXhwZWN0ZWRSZXNwb25zZVVybD0iIiBSZXBvcnRpbmdOYW1lPSIiIElnbm9yZUh0dHBTdGF0dXNDb2RlPSJGYWxzZSI+DQogICAgICA8SGVhZGVycz4NCiAgICAgICAgPEhlYWRlciBOYW1lPSJBY2Nlc3MtQ29udHJvbC1SZXF1ZXN0LU1ldGhvZCIgVmFsdWU9IlBPU1QiIC8+DQogICAgICAgIDxIZWFkZXIgTmFtZT0iT3JpZ2luIiBWYWx1ZT0iaHR0cDovL2xvY2FsaG9zdDozMDAwIiAvPg0KICAgICAgICA8SGVhZGVyIE5hbWU9IkFjY2Vzcy1Db250cm9sLVJlcXVlc3QtSGVhZGVycyIgVmFsdWU9ImNvbnRlbnQtdHlwZSIgLz4NCiAgICAgIDwvSGVhZGVycz4NCiAgICA8L1JlcXVlc3Q+DQogICAgPFJlcXVlc3QgTWV0aG9kPSJQT1NUIiBHdWlkPSI4MDg4ZjlhYi1lNmY5LTRlOTMtYjY2NS05ZTcxOWI2ZmQxOTQiIFZlcnNpb249IjEuMSIgVXJsPSJodHRwOi8vbG9jYWxob3N0OjU3NTAwL2FwaS9waG90by9zdWJtaXRvcmRlciIgVGhpbmtUaW1lPSIwIiBUaW1lb3V0PSI2MCIgUGFyc2VEZXBlbmRlbnRSZXF1ZXN0cz0iVHJ1ZSIgRm9sbG93UmVkaXJlY3RzPSJUcnVlIiBSZWNvcmRSZXN1bHQ9IlRydWUiIENhY2hlPSJGYWxzZSIgUmVzcG9uc2VUaW1lR29hbD0iMCIgRW5jb2Rpbmc9InV0Zi04IiBFeHBlY3RlZEh0dHBTdGF0dXNDb2RlPSIwIiBFeHBlY3RlZFJlc3BvbnNlVXJsPSIiIFJlcG9ydGluZ05hbWU9IiIgSWdub3JlSHR0cFN0YXR1c0NvZGU9IkZhbHNlIj4NCiAgICAgIDxIZWFkZXJzPg0KICAgICAgICA8SGVhZGVyIE5hbWU9Ik9yaWdpbiIgVmFsdWU9Imh0dHA6Ly9sb2NhbGhvc3Q6MzAwMCIgLz4NCiAgICAgICAgPEhlYWRlciBOYW1lPSJDb250ZW50LVR5cGUiIFZhbHVlPSJhcHBsaWNhdGlvbi9qc29uIiAvPg0KICAgICAgPC9IZWFkZXJzPg0KICAgICAgPFN0cmluZ0h0dHBCb2R5IENvbnRlbnRUeXBlPSJhcHBsaWNhdGlvbi9qc29uIiBJbnNlcnRCeXRlT3JkZXJNYXJrPSJGYWxzZSI+ZXdBaUFIVUFjd0JsQUhJQVNRQmtBQ0lBT2dBaUFEa0FNZ0JsQURjQVpBQmhBRGdBT1FBdEFERUFaUUF6QUdZQUxRQTBBRElBWVFCaEFDMEFPQUExQUdVQU13QXRBR01BWmdBNUFESUFZd0EyQURrQU1nQmpBR1VBTXdBeEFDSUFMQUFpQUhRQWJ3QjBBR0VBYkFCUUFISUFhUUJ1QUhRQWN3QlFBSElBYVFCakFHVUFJZ0E2QURZQUxnQXpBQ3dBSWdCMEFHOEFkQUJoQUd3QVVBQnlBR2tBYmdCMEFITUFJZ0E2QURjQUxBQWlBSFFBYndCMEFHRUFiQUJQQUhJQVpBQmxBSElBVUFCeUFHa0FZd0JsQUNJQU9nQXlBREFBTGdBekFDd0FJZ0JrQUdVQWJBQnBBSFlBWlFCeUFIa0FWQUI1QUhBQVpRQkpBR1FBSWdBNkFERUFMQUFpQUdrQWN3QlVBSElBWVFCa0FHa0FkQUJwQUc4QWJnQmhBR3dBVkFCeUFHRUFiZ0J6QUdZQVpRQnlBQ0lBT2dCbUFHRUFiQUJ6QUdVQUxBQWlBRzhBY2dCa0FHVUFjZ0JFQUdFQWRBQmxBQ0lBT2dBaUFESUFNQUF4QURjQUxRQXhBREVBTFFBeUFERUFWQUF5QURJQU9nQXlBRFlBT2dBMUFEQUFMZ0EzQURZQU5nQmFBQ0lBTEFBaUFHVUFiZ0JrQUVRQVlRQjBBR1VBSWdBNkFHNEFkUUJzQUd3QUxBQWlBSEFBWVFCNUFHMEFaUUJ1QUhRQVJBQmhBSFFBWlFBaUFEb0FiZ0IxQUd3QWJBQXNBQ0lBY3dCb0FHa0FjQUJ3QUdrQWJnQm5BRVFBWVFCMEFHVUFJZ0E2QUc0QWRRQnNBR3dBTEFBaUFIQUFZUUI1QUcwQVpRQnVBSFFBVXdCMEFHRUFkQUIxQUhNQUlnQTZBREFBTEFBaUFHUUFaUUJzQUdrQWRnQmxBSElBZVFCRUFHRUFkQUJoQUVrQVpBQWlBRG9BYmdCMUFHd0FiQUFzQUNJQWFRQnVBSFlBYndCcEFHTUFaUUJFQUdFQWRBQmhBRWtBWkFBaUFEb0FiZ0IxQUd3QWJBQXNBQ0lBYVFCekFFa0FiZ0IyQUc4QWFRQmpBR1VBSWdBNkFHWUFZUUJzQUhNQVpRQXNBQ0lBWVFCa0FHUUFhUUIwQUdrQWJ3QnVBR0VBYkFCSkFHNEFaZ0J2QUNJQU9nQWlBQ0lBTEFBaUFIQUFhQUJ2QUhRQWJ3QnpBQ0lBT2dCYkFIc0FJZ0JwQUhNQVF3QnZBRzRBZEFCaEFHa0FiZ0FpQURvQWRBQnlBSFVBWlFBc0FDSUFiZ0JoQUcwQVpRQWlBRG9BSWdCWEFHRUFjZ0J6QUhvQWRBQmhBSFFBZVFBZ0FFSUFid0IwQUNBQVJnQnlBR0VBYlFCbEFIY0Fid0J5QUdzQUxnQndBRzRBWndBaUFDd0FJZ0J3QUhJQWFRQnVBSFFBY3dBaUFEb0FXd0I3QUNJQVpnQnZBSElBYlFCaEFIUUFJZ0E2QURFQUxBQWlBSEFBWVFCd0FHVUFjZ0FpQURvQU13QXNBQ0lBWVFCdEFHOEFkUUJ1QUhRQUlnQTZBRE1BZlFBc0FIc0FJZ0JtQUc4QWNnQnRBR0VBZEFBaUFEb0FNZ0FzQUNJQWNBQmhBSEFBWlFCeUFDSUFPZ0F6QUN3QUlnQmhBRzBBYndCMUFHNEFkQUFpQURvQU1BQjlBQ3dBZXdBaUFHWUFid0J5QUcwQVlRQjBBQ0lBT2dBekFDd0FJZ0J3QUdFQWNBQmxBSElBSWdBNkFETUFMQUFpQUdFQWJRQnZBSFVBYmdCMEFDSUFPZ0EwQUgwQVhRQXNBQ0lBYVFCekFFZ0Fid0J5QUdrQWVnQnZBRzRBZEFCaEFHd0FJZ0E2QUhRQWNnQjFBR1VBZlFCZEFIMEE8L1N0cmluZ0h0dHBCb2R5Pg0KICAgIDwvUmVxdWVzdD4NCiAgPC9JdGVtcz4NCjwvV2ViVGVzdD4=">
      <Execution id="cb148820-c502-42b2-9a6e-0224916f9763" />
    </WebTest>
  </TestDefinitions>
  <TestLists>
    <TestList name="Results Not in a List" id="8c84fa94-04c1-424b-9868-57a2d4851a1d" />
    <TestList name="All Loaded Results" id="19431567-8539-422a-85d7-44ee4e166bda" />
  </TestLists>
  <TestEntries>
    <TestEntry isTransparent="false" testId="231bcdb8-28d8-495e-99cf-0225f76e94ed" executionId="cb148820-c502-42b2-9a6e-0224916f9763" testListId="8c84fa94-04c1-424b-9868-57a2d4851a1d" />
  </TestEntries>
  <Results>
    <WebTestResult executionId="cb148820-c502-42b2-9a6e-0224916f9763" testId="231bcdb8-28d8-495e-99cf-0225f76e94ed" testName="SendOrder" computerName="SHERCOMP" duration="00:00:00.2280185" startTime="2017-11-21T23:29:13.6051821+01:00" endTime="2017-11-21T23:29:24.4186017+01:00" testType="4e7599fa-5ecb-43e9-a887-cd63cf72d207" outcome="Passed" testListId="8c84fa94-04c1-424b-9868-57a2d4851a1d" relativeResultsDirectory="cb148820-c502-42b2-9a6e-0224916f9763">
      <ResultFiles>
        <ResultFile path="SendOrder.webtestResult" />
      </ResultFiles>
      <TestSettings name="Local" id="86465cc3-8e1a-46a1-967a-a38066d78eb5">
        <Description>These are default test settings for a local test run.</Description>
        <Execution>
          <TestTypeSpecific>
            <WebTestRunConfiguration testTypeId="4e7599fa-5ecb-43e9-a887-cd63cf72d207">
              <Browser name="Internet Explorer 9.0" MaxConnections="6">
                <Headers>
                  <Header name="User-Agent" value="Mozilla/5.0 (compatible; MSIE 9.0; Windows NT 6.1; Trident/5.0)" />
                  <Header name="Accept" value="*/*" />
                  <Header name="Accept-Language" value="{{$IEAcceptLanguage}}" />
                  <Header name="Accept-Encoding" value="GZIP" />
                </Headers>
              </Browser>
            </WebTestRunConfiguration>
          </TestTypeSpecific>
          <AgentRule name="Execution Agents">
          </AgentRule>
        </Execution>
        <Deployment runDeploymentRoot="Adam_SHERCOMP 2017-11-21 23_29_12" />
        <Properties>
          <Property name="TestSettingsUIType" value="UnitTest" />
        </Properties>
      </TestSettings>
      <WebTestResultFilePath>Adam_SHERCOMP 2017-11-21 23_29_12\In\cb148820-c502-42b2-9a6e-0224916f9763\SendOrder.webtestResult</WebTestResultFilePath>
    </WebTestResult>
  </Results>
</TestRun>