<?xml version="1.0" encoding="UTF-8"?>
<TestRun id="3c382f35-2e63-4090-a519-449976f10e78" name="Adam@SHERCOMP 2017-11-21 23:31:03" runUser="SHERCOMP\Adam" xmlns="http://microsoft.com/schemas/VisualStudio/TeamTest/2010">
  <TestSettings name="Local" id="86465cc3-8e1a-46a1-967a-a38066d78eb5">
    <Description>These are default test settings for a local test run.</Description>
    <Execution>
      <TestTypeSpecific />
      <AgentRule name="Execution Agents">
      </AgentRule>
    </Execution>
    <Deployment runDeploymentRoot="Adam_SHERCOMP 2017-11-21 23_31_03" />
    <Properties>
      <Property name="TestSettingsUIType" value="UnitTest" />
    </Properties>
  </TestSettings>
  <Times creation="2017-11-21T23:31:03.7041601+01:00" queuing="2017-11-21T23:31:04.1424715+01:00" start="2017-11-21T23:31:04.2025148+01:00" finish="2017-11-21T23:31:15.1584155+01:00" />
  <ResultSummary outcome="Completed">
    <Counters total="1" executed="1" passed="1" error="0" failed="0" timeout="0" aborted="0" inconclusive="0" passedButRunAborted="0" notRunnable="0" notExecuted="0" disconnected="0" warning="0" completed="0" inProgress="0" pending="0" />
  </ResultSummary>
  <TestDefinitions>
    <WebTest name="SendOrder-10-Photos" storage="c:\users\adam\documents\_studia\photolab\photolab\photolab-loadtest\photolab-loadtest\sendorder-10-photos.webtest" priority="0" id="2f8fe6ae-bdcf-4a74-be07-177f63a6c71c" persistedWebTest="77u/PD94bWwgdmVyc2lvbj0iMS4wIiBlbmNvZGluZz0iVVRGLTgiIHN0YW5kYWxvbmU9InllcyI/Pg0KPFdlYlRlc3QgTmFtZT0iU2VuZE9yZGVyLTEwLVBob3RvcyIgSWQ9IjJmOGZlNmFlLWJkY2YtNGE3NC1iZTA3LTE3N2Y2M2E2YzcxYyIgT3duZXI9IiIgUHJpb3JpdHk9IjAiIEVuYWJsZWQ9IlRydWUiIENzc1Byb2plY3RTdHJ1Y3R1cmU9IiIgQ3NzSXRlcmF0aW9uPSIiIFRpbWVvdXQ9IjAiIFdvcmtJdGVtSWRzPSIiIHhtbG5zPSJodHRwOi8vbWljcm9zb2Z0LmNvbS9zY2hlbWFzL1Zpc3VhbFN0dWRpby9UZWFtVGVzdC8yMDEwIiBEZXNjcmlwdGlvbj0iIiBDcmVkZW50aWFsVXNlck5hbWU9IiIgQ3JlZGVudGlhbFBhc3N3b3JkPSIiIFByZUF1dGhlbnRpY2F0ZT0iVHJ1ZSIgUHJveHk9ImRlZmF1bHQiIFN0b3BPbkVycm9yPSJGYWxzZSIgUmVjb3JkZWRSZXN1bHRGaWxlPSIiIFJlc3VsdHNMb2NhbGU9IiI+DQogIDxJdGVtcz4NCiAgICA8UmVxdWVzdCBNZXRob2Q9Ik9QVElPTlMiIEd1aWQ9ImVhNTA1YjZjLTgyMTItNDE0OC04ZWJhLWZmMmNiOGE3Njk2YSIgVmVyc2lvbj0iMS4xIiBVcmw9Imh0dHA6Ly9sb2NhbGhvc3Q6NTc1MDAvYXBpL3Bob3RvL3N1Ym1pdG9yZGVyIiBUaGlua1RpbWU9IjAiIFRpbWVvdXQ9IjYwIiBQYXJzZURlcGVuZGVudFJlcXVlc3RzPSJUcnVlIiBGb2xsb3dSZWRpcmVjdHM9IlRydWUiIFJlY29yZFJlc3VsdD0iVHJ1ZSIgQ2FjaGU9IkZhbHNlIiBSZXNwb25zZVRpbWVHb2FsPSIwIiBFbmNvZGluZz0idXRmLTgiIEV4cGVjdGVkSHR0cFN0YXR1c0NvZGU9IjAiIEV4cGVjdGVkUmVzcG9uc2VVcmw9IiIgUmVwb3J0aW5nTmFtZT0iIiBJZ25vcmVIdHRwU3RhdHVzQ29kZT0iRmFsc2UiPg0KICAgICAgPEhlYWRlcnM+DQogICAgICAgIDxIZWFkZXIgTmFtZT0iQWNjZXNzLUNvbnRyb2wtUmVxdWVzdC1NZXRob2QiIFZhbHVlPSJQT1NUIiAvPg0KICAgICAgICA8SGVhZGVyIE5hbWU9Ik9yaWdpbiIgVmFsdWU9Imh0dHA6Ly9sb2NhbGhvc3Q6MzAwMCIgLz4NCiAgICAgICAgPEhlYWRlciBOYW1lPSJBY2Nlc3MtQ29udHJvbC1SZXF1ZXN0LUhlYWRlcnMiIFZhbHVlPSJjb250ZW50LXR5cGUiIC8+DQogICAgICA8L0hlYWRlcnM+DQogICAgPC9SZXF1ZXN0Pg0KICAgIDxSZXF1ZXN0IE1ldGhvZD0iUE9TVCIgR3VpZD0iMTJjMzk1YzgtMzllNi00MjQ3LWFlNjctOGFiMmEzOTE2OTQ5IiBWZXJzaW9uPSIxLjEiIFVybD0iaHR0cDovL2xvY2FsaG9zdDo1NzUwMC9hcGkvcGhvdG8vc3VibWl0b3JkZXIiIFRoaW5rVGltZT0iMiIgVGltZW91dD0iNjAiIFBhcnNlRGVwZW5kZW50UmVxdWVzdHM9IlRydWUiIEZvbGxvd1JlZGlyZWN0cz0iVHJ1ZSIgUmVjb3JkUmVzdWx0PSJUcnVlIiBDYWNoZT0iRmFsc2UiIFJlc3BvbnNlVGltZUdvYWw9IjAiIEVuY29kaW5nPSJ1dGYtOCIgRXhwZWN0ZWRIdHRwU3RhdHVzQ29kZT0iMCIgRXhwZWN0ZWRSZXNwb25zZVVybD0iIiBSZXBvcnRpbmdOYW1lPSIiIElnbm9yZUh0dHBTdGF0dXNDb2RlPSJGYWxzZSI+DQogICAgICA8SGVhZGVycz4NCiAgICAgICAgPEhlYWRlciBOYW1lPSJPcmlnaW4iIFZhbHVlPSJodHRwOi8vbG9jYWxob3N0OjMwMDAiIC8+DQogICAgICAgIDxIZWFkZXIgTmFtZT0iQ29udGVudC1UeXBlIiBWYWx1ZT0iYXBwbGljYXRpb24vanNvbiIgLz4NCiAgICAgIDwvSGVhZGVycz4NCiAgICAgIDxTdHJpbmdIdHRwQm9keSBDb250ZW50VHlwZT0iYXBwbGljYXRpb24vanNvbiIgSW5zZXJ0Qnl0ZU9yZGVyTWFyaz0iRmFsc2UiPmV3QWlBSFVBY3dCbEFISUFTUUJrQUNJQU9nQWlBRGtBTWdCbEFEY0FaQUJoQURnQU9RQXRBREVBWlFBekFHWUFMUUEwQURJQVlRQmhBQzBBT0FBMUFHVUFNd0F0QUdNQVpnQTVBRElBWXdBMkFEa0FNZ0JqQUdVQU13QXhBQ0lBTEFBaUFIUUFid0IwQUdFQWJBQlFBSElBYVFCdUFIUUFjd0JRQUhJQWFRQmpBR1VBSWdBNkFERUFOZ0F1QURjQUxBQWlBSFFBYndCMEFHRUFiQUJRQUhJQWFRQnVBSFFBY3dBaUFEb0FNZ0F4QUN3QUlnQjBBRzhBZEFCaEFHd0FUd0J5QUdRQVpRQnlBRkFBY2dCcEFHTUFaUUFpQURvQU13QXdBQzRBTndBc0FDSUFaQUJsQUd3QWFRQjJBR1VBY2dCNUFGUUFlUUJ3QUdVQVNRQmtBQ0lBT2dBeEFDd0FJZ0JwQUhNQVZBQnlBR0VBWkFCcEFIUUFhUUJ2QUc0QVlRQnNBRlFBY2dCaEFHNEFjd0JtQUdVQWNnQWlBRG9BWmdCaEFHd0Fjd0JsQUN3QUlnQnZBSElBWkFCbEFISUFSQUJoQUhRQVpRQWlBRG9BSWdBeUFEQUFNUUEzQUMwQU1RQXhBQzBBTWdBeEFGUUFNZ0F5QURvQU1nQTVBRG9BTkFBd0FDNEFOUUF4QURrQVdnQWlBQ3dBSWdCbEFHNEFaQUJFQUdFQWRBQmxBQ0lBT2dCdUFIVUFiQUJzQUN3QUlnQndBR0VBZVFCdEFHVUFiZ0IwQUVRQVlRQjBBR1VBSWdBNkFHNEFkUUJzQUd3QUxBQWlBSE1BYUFCcEFIQUFjQUJwQUc0QVp3QkVBR0VBZEFCbEFDSUFPZ0J1QUhVQWJBQnNBQ3dBSWdCd0FHRUFlUUJ0QUdVQWJnQjBBRk1BZEFCaEFIUUFkUUJ6QUNJQU9nQXdBQ3dBSWdCa0FHVUFiQUJwQUhZQVpRQnlBSGtBUkFCaEFIUUFZUUJKQUdRQUlnQTZBRzRBZFFCc0FHd0FMQUFpQUdrQWJnQjJBRzhBYVFCakFHVUFSQUJoQUhRQVlRQkpBR1FBSWdBNkFHNEFkUUJzQUd3QUxBQWlBR2tBY3dCSkFHNEFkZ0J2QUdrQVl3QmxBQ0lBT2dCbUFHRUFiQUJ6QUdVQUxBQWlBR0VBWkFCa0FHa0FkQUJwQUc4QWJnQmhBR3dBU1FCdUFHWUFid0FpQURvQUlnQWlBQ3dBSWdCd0FHZ0Fid0IwQUc4QWN3QWlBRG9BV3dCN0FDSUFhUUJ6QUVNQWJ3QnVBSFFBWVFCcEFHNEFJZ0E2QUhRQWNnQjFBR1VBTEFBaUFHNEFZUUJ0QUdVQUlnQTZBQ0lBWHdCRUFGTUFRd0F6QURrQU53QXdBQzRBU2dCUUFFY0FJZ0FzQUNJQWNBQnlBR2tBYmdCMEFITUFJZ0E2QUZzQWV3QWlBR1lBYndCeUFHMEFZUUIwQUNJQU9nQXhBQ3dBSWdCd0FHRUFjQUJsQUhJQUlnQTZBREVBTEFBaUFHRUFiUUJ2QUhVQWJnQjBBQ0lBT2dBMUFIMEFMQUI3QUNJQVpnQnZBSElBYlFCaEFIUUFJZ0E2QURJQUxBQWlBSEFBWVFCd0FHVUFjZ0FpQURvQU1RQXNBQ0lBWVFCdEFHOEFkUUJ1QUhRQUlnQTZBREVBZlFBc0FIc0FJZ0JtQUc4QWNnQnRBR0VBZEFBaUFEb0FNd0FzQUNJQWNBQmhBSEFBWlFCeUFDSUFPZ0F4QUN3QUlnQmhBRzBBYndCMUFHNEFkQUFpQURvQU1BQjlBRjBBTEFBaUFHa0Fjd0JJQUc4QWNnQnBBSG9BYndCdUFIUUFZUUJzQUNJQU9nQjBBSElBZFFCbEFIMEFMQUI3QUNJQWFRQnpBRU1BYndCdUFIUUFZUUJwQUc0QUlnQTZBSFFBY2dCMUFHVUFMQUFpQUc0QVlRQnRBR1VBSWdBNkFDSUFPUUF5QURRQVpnQTVBREFBTkFBNUFESUFaQUF6QURVQVlnQXlBRFlBTVFCakFEQUFNQUJqQUdRQVlnQmxBRFFBWVFBd0FEVUFZZ0EyQURJQU1nQXlBQzRBYWdCd0FHY0FJZ0FzQUNJQWNBQnlBR2tBYmdCMEFITUFJZ0E2QUZzQWV3QWlBR1lBYndCeUFHMEFZUUIwQUNJQU9nQXhBQ3dBSWdCd0FHRUFjQUJsQUhJQUlnQTZBREVBTEFBaUFHRUFiUUJ2QUhVQWJnQjBBQ0lBT2dBd0FIMEFMQUI3QUNJQVpnQnZBSElBYlFCaEFIUUFJZ0E2QURJQUxBQWlBSEFBWVFCd0FHVUFjZ0FpQURvQU1RQXNBQ0lBWVFCdEFHOEFkUUJ1QUhRQUlnQTZBREVBZlFBc0FIc0FJZ0JtQUc4QWNnQnRBR0VBZEFBaUFEb0FNd0FzQUNJQWNBQmhBSEFBWlFCeUFDSUFPZ0F4QUN3QUlnQmhBRzBBYndCMUFHNEFkQUFpQURvQU5nQjlBRjBBTEFBaUFHa0Fjd0JJQUc4QWNnQnBBSG9BYndCdUFIUUFZUUJzQUNJQU9nQjBBSElBZFFCbEFIMEFMQUI3QUNJQWFRQnpBRU1BYndCdUFIUUFZUUJwQUc0QUlnQTZBSFFBY2dCMUFHVUFMQUFpQUc0QVlRQnRBR1VBSWdBNkFDSUFNUUF5QURFQU9RQTBBRFlBTmdBMkFGOEFNUUF4QURjQU9RQTFBRFFBTndBMkFEWUFNZ0F3QURjQU13QXhBRFlBTndCZkFEWUFPUUEyQURZQU9BQXlBREVBTXdBd0FEVUFOUUEzQURnQU53QTFBRFFBTWdBMEFETUFYd0J2QUM0QWNBQnVBR2NBSWdBc0FDSUFjQUJ5QUdrQWJnQjBBSE1BSWdBNkFGc0Fld0FpQUdZQWJ3QnlBRzBBWVFCMEFDSUFPZ0F4QUN3QUlnQndBR0VBY0FCbEFISUFJZ0E2QURFQUxBQWlBR0VBYlFCdkFIVUFiZ0IwQUNJQU9nQXdBSDBBTEFCN0FDSUFaZ0J2QUhJQWJRQmhBSFFBSWdBNkFESUFMQUFpQUhBQVlRQndBR1VBY2dBaUFEb0FNUUFzQUNJQVlRQnRBRzhBZFFCdUFIUUFJZ0E2QURFQWZRQXNBSHNBSWdCbUFHOEFjZ0J0QUdFQWRBQWlBRG9BTXdBc0FDSUFjQUJoQUhBQVpRQnlBQ0lBT2dBeEFDd0FJZ0JoQUcwQWJ3QjFBRzRBZEFBaUFEb0FNQUI5QUYwQUxBQWlBR2tBY3dCSUFHOEFjZ0JwQUhvQWJ3QnVBSFFBWVFCc0FDSUFPZ0IwQUhJQWRRQmxBSDBBTEFCN0FDSUFhUUJ6QUVNQWJ3QnVBSFFBWVFCcEFHNEFJZ0E2QUhRQWNnQjFBR1VBTEFBaUFHNEFZUUJ0QUdVQUlnQTZBQ0lBTWdBekFEVUFOUUExQURJQU1nQXdBRjhBTVFBMEFEVUFOQUF5QURVQU53QXlBRGtBTndBNUFEY0FOUUE0QURZQU1nQmZBREVBTXdBMUFEQUFPUUF5QURjQU5BQTFBRFVBWHdCdkFDNEFjQUJ1QUdjQUlnQXNBQ0lBY0FCeUFHa0FiZ0IwQUhNQUlnQTZBRnNBZXdBaUFHWUFid0J5QUcwQVlRQjBBQ0lBT2dBeEFDd0FJZ0J3QUdFQWNBQmxBSElBSWdBNkFERUFMQUFpQUdFQWJRQnZBSFVBYmdCMEFDSUFPZ0F3QUgwQUxBQjdBQ0lBWmdCdkFISUFiUUJoQUhRQUlnQTZBRElBTEFBaUFIQUFZUUJ3QUdVQWNnQWlBRG9BTVFBc0FDSUFZUUJ0QUc4QWRRQnVBSFFBSWdBNkFERUFmUUFzQUhzQUlnQm1BRzhBY2dCdEFHRUFkQUFpQURvQU13QXNBQ0lBY0FCaEFIQUFaUUJ5QUNJQU9nQXhBQ3dBSWdCaEFHMEFid0IxQUc0QWRBQWlBRG9BTUFCOUFGMEFMQUFpQUdrQWN3QklBRzhBY2dCcEFIb0Fid0J1QUhRQVlRQnNBQ0lBT2dCMEFISUFkUUJsQUgwQUxBQjdBQ0lBYVFCekFFTUFid0J1QUhRQVlRQnBBRzRBSWdBNkFIUUFjZ0IxQUdVQUxBQWlBRzRBWVFCdEFHVUFJZ0E2QUNJQU1nQXpBRFVBT0FBMEFEY0FOd0F6QUY4QU1RQTFBREFBTkFBeEFERUFOUUF5QURrQU1nQTVBRFlBT1FBNUFEa0FOd0JmQURFQU9RQTJBRGtBT1FBM0FEQUFPUUEyQURnQVh3QnVBQzRBY0FCdUFHY0FJZ0FzQUNJQWNBQnlBR2tBYmdCMEFITUFJZ0E2QUZzQWV3QWlBR1lBYndCeUFHMEFZUUIwQUNJQU9nQXhBQ3dBSWdCd0FHRUFjQUJsQUhJQUlnQTZBREVBTEFBaUFHRUFiUUJ2QUhVQWJnQjBBQ0lBT2dBd0FIMEFMQUI3QUNJQVpnQnZBSElBYlFCaEFIUUFJZ0E2QURJQUxBQWlBSEFBWVFCd0FHVUFjZ0FpQURvQU1RQXNBQ0lBWVFCdEFHOEFkUUJ1QUhRQUlnQTZBREVBZlFBc0FIc0FJZ0JtQUc4QWNnQnRBR0VBZEFBaUFEb0FNd0FzQUNJQWNBQmhBSEFBWlFCeUFDSUFPZ0F4QUN3QUlnQmhBRzBBYndCMUFHNEFkQUFpQURvQU1BQjlBRjBBTEFBaUFHa0Fjd0JJQUc4QWNnQnBBSG9BYndCdUFIUUFZUUJzQUNJQU9nQjBBSElBZFFCbEFIMEFMQUI3QUNJQWFRQnpBRU1BYndCdUFIUUFZUUJwQUc0QUlnQTZBSFFBY2dCMUFHVUFMQUFpQUc0QVlRQnRBR1VBSWdBNkFDSUFUQUJ2QUdjQWJ3QWdBRmNBWVFCeUFITUFlZ0IwQUdFQWRBQjVBQ0FBUWdCdkFIUUFJQUJHQUhJQVlRQnRBR1VBZHdCdkFISUFhd0F1QUhBQWJnQm5BQ0lBTEFBaUFIQUFjZ0JwQUc0QWRBQnpBQ0lBT2dCYkFIc0FJZ0JtQUc4QWNnQnRBR0VBZEFBaUFEb0FNUUFzQUNJQWNBQmhBSEFBWlFCeUFDSUFPZ0F4QUN3QUlnQmhBRzBBYndCMUFHNEFkQUFpQURvQU1BQjlBQ3dBZXdBaUFHWUFid0J5QUcwQVlRQjBBQ0lBT2dBeUFDd0FJZ0J3QUdFQWNBQmxBSElBSWdBNkFERUFMQUFpQUdFQWJRQnZBSFVBYmdCMEFDSUFPZ0F4QUgwQUxBQjdBQ0lBWmdCdkFISUFiUUJoQUhRQUlnQTZBRE1BTEFBaUFIQUFZUUJ3QUdVQWNnQWlBRG9BTVFBc0FDSUFZUUJ0QUc4QWRRQnVBSFFBSWdBNkFEQUFmUUJkQUN3QUlnQnBBSE1BU0FCdkFISUFhUUI2QUc4QWJnQjBBR0VBYkFBaUFEb0FkQUJ5QUhVQVpRQjlBQ3dBZXdBaUFHa0Fjd0JEQUc4QWJnQjBBR0VBYVFCdUFDSUFPZ0IwQUhJQWRRQmxBQ3dBSWdCdUFHRUFiUUJsQUNJQU9nQWlBRThBWWdCcUFHVUFZd0IwQUdrQWRnQnBBSFFBZVFCZkFHd0Fid0JuQUc4QVh3QnVBRzhBWHdCakFHd0FZUUJwQUcwQVh3QlNBRWNBUWdBdUFIQUFiZ0JuQUNJQUxBQWlBSEFBY2dCcEFHNEFkQUJ6QUNJQU9nQmJBSHNBSWdCbUFHOEFjZ0J0QUdFQWRBQWlBRG9BTVFBc0FDSUFjQUJoQUhBQVpRQnlBQ0lBT2dBeEFDd0FJZ0JoQUcwQWJ3QjFBRzRBZEFBaUFEb0FNQUI5QUN3QWV3QWlBR1lBYndCeUFHMEFZUUIwQUNJQU9nQXlBQ3dBSWdCd0FHRUFjQUJsQUhJQUlnQTZBREVBTEFBaUFHRUFiUUJ2QUhVQWJnQjBBQ0lBT2dBeEFIMEFMQUI3QUNJQVpnQnZBSElBYlFCaEFIUUFJZ0E2QURNQUxBQWlBSEFBWVFCd0FHVUFjZ0FpQURvQU1RQXNBQ0lBWVFCdEFHOEFkUUJ1QUhRQUlnQTZBREFBZlFCZEFDd0FJZ0JwQUhNQVNBQnZBSElBYVFCNkFHOEFiZ0IwQUdFQWJBQWlBRG9BZEFCeUFIVUFaUUI5QUN3QWV3QWlBR2tBY3dCREFHOEFiZ0IwQUdFQWFRQnVBQ0lBT2dCMEFISUFkUUJsQUN3QUlnQnVBR0VBYlFCbEFDSUFPZ0FpQUhBQVpRQjRBR1VBYkFCekFDMEFjQUJvQUc4QWRBQnZBQzBBTWdBNUFEY0FOZ0EwQURnQUxnQnFBSEFBWlFCbkFDSUFMQUFpQUhBQWNnQnBBRzRBZEFCekFDSUFPZ0JiQUhzQUlnQm1BRzhBY2dCdEFHRUFkQUFpQURvQU1RQXNBQ0lBY0FCaEFIQUFaUUJ5QUNJQU9nQXhBQ3dBSWdCaEFHMEFid0IxQUc0QWRBQWlBRG9BTUFCOUFDd0Fld0FpQUdZQWJ3QnlBRzBBWVFCMEFDSUFPZ0F5QUN3QUlnQndBR0VBY0FCbEFISUFJZ0E2QURFQUxBQWlBR0VBYlFCdkFIVUFiZ0IwQUNJQU9nQXhBSDBBTEFCN0FDSUFaZ0J2QUhJQWJRQmhBSFFBSWdBNkFETUFMQUFpQUhBQVlRQndBR1VBY2dBaUFEb0FNUUFzQUNJQVlRQnRBRzhBZFFCdUFIUUFJZ0E2QURBQWZRQmRBQ3dBSWdCcEFITUFTQUJ2QUhJQWFRQjZBRzhBYmdCMEFHRUFiQUFpQURvQWRBQnlBSFVBWlFCOUFDd0Fld0FpQUdrQWN3QkRBRzhBYmdCMEFHRUFhUUJ1QUNJQU9nQjBBSElBZFFCbEFDd0FJZ0J1QUdFQWJRQmxBQ0lBT2dBaUFGY0FZUUJ5QUhNQWVnQjBBR0VBZEFCNUFDQUFRZ0J2QUhRQUlBQkdBSElBWVFCdEFHVUFkd0J2QUhJQWF3QXVBSEFBYmdCbkFDSUFMQUFpQUhBQWNnQnBBRzRBZEFCekFDSUFPZ0JiQUhzQUlnQm1BRzhBY2dCdEFHRUFkQUFpQURvQU1RQXNBQ0lBY0FCaEFIQUFaUUJ5QUNJQU9nQXhBQ3dBSWdCaEFHMEFid0IxQUc0QWRBQWlBRG9BTUFCOUFDd0Fld0FpQUdZQWJ3QnlBRzBBWVFCMEFDSUFPZ0F5QUN3QUlnQndBR0VBY0FCbEFISUFJZ0E2QURFQUxBQWlBR0VBYlFCdkFIVUFiZ0IwQUNJQU9nQXhBSDBBTEFCN0FDSUFaZ0J2QUhJQWJRQmhBSFFBSWdBNkFETUFMQUFpQUhBQVlRQndBR1VBY2dBaUFEb0FNUUFzQUNJQVlRQnRBRzhBZFFCdUFIUUFJZ0E2QURBQWZRQmRBQ3dBSWdCcEFITUFTQUJ2QUhJQWFRQjZBRzhBYmdCMEFHRUFiQUFpQURvQWRBQnlBSFVBWlFCOUFDd0Fld0FpQUdrQWN3QkRBRzhBYmdCMEFHRUFhUUJ1QUNJQU9nQjBBSElBZFFCbEFDd0FJZ0J1QUdFQWJRQmxBQ0lBT2dBaUFFSUFkUUIwQUhrQUlBQkJBRzBBWlFCeUFHa0FZd0JoQUc0QVh3QXRBRGtBTGdCcUFIQUFad0FpQUN3QUlnQndBSElBYVFCdUFIUUFjd0FpQURvQVd3QjdBQ0lBWmdCdkFISUFiUUJoQUhRQUlnQTZBREVBTEFBaUFIQUFZUUJ3QUdVQWNnQWlBRG9BTVFBc0FDSUFZUUJ0QUc4QWRRQnVBSFFBSWdBNkFEQUFmUUFzQUhzQUlnQm1BRzhBY2dCdEFHRUFkQUFpQURvQU1nQXNBQ0lBY0FCaEFIQUFaUUJ5QUNJQU9nQXhBQ3dBSWdCaEFHMEFid0IxQUc0QWRBQWlBRG9BTVFCOUFDd0Fld0FpQUdZQWJ3QnlBRzBBWVFCMEFDSUFPZ0F6QUN3QUlnQndBR0VBY0FCbEFISUFJZ0E2QURFQUxBQWlBR0VBYlFCdkFIVUFiZ0IwQUNJQU9nQXdBSDBBWFFBc0FDSUFhUUJ6QUVnQWJ3QnlBR2tBZWdCdkFHNEFkQUJoQUd3QUlnQTZBSFFBY2dCMUFHVUFmUUJkQUgwQTwvU3RyaW5nSHR0cEJvZHk+DQogICAgPC9SZXF1ZXN0Pg0KICA8L0l0ZW1zPg0KPC9XZWJUZXN0Pg==">
      <Execution id="75140622-62e1-46c8-97fb-e0f3995023b4" />
    </WebTest>
  </TestDefinitions>
  <TestLists>
    <TestList name="Results Not in a List" id="8c84fa94-04c1-424b-9868-57a2d4851a1d" />
    <TestList name="All Loaded Results" id="19431567-8539-422a-85d7-44ee4e166bda" />
  </TestLists>
  <TestEntries>
    <TestEntry isTransparent="false" testId="2f8fe6ae-bdcf-4a74-be07-177f63a6c71c" executionId="75140622-62e1-46c8-97fb-e0f3995023b4" testListId="8c84fa94-04c1-424b-9868-57a2d4851a1d" />
  </TestEntries>
  <Results>
    <WebTestResult executionId="75140622-62e1-46c8-97fb-e0f3995023b4" testId="2f8fe6ae-bdcf-4a74-be07-177f63a6c71c" testName="SendOrder-10-Photos" computerName="SHERCOMP" duration="00:00:00.2473106" startTime="2017-11-21T23:31:04.3105901+01:00" endTime="2017-11-21T23:31:15.1414147+01:00" testType="4e7599fa-5ecb-43e9-a887-cd63cf72d207" outcome="Passed" testListId="8c84fa94-04c1-424b-9868-57a2d4851a1d" relativeResultsDirectory="75140622-62e1-46c8-97fb-e0f3995023b4">
      <ResultFiles>
        <ResultFile path="SendOrder-10-Photos.webtestResult" />
      </ResultFiles>
      <TestSettings name="Local" id="86465cc3-8e1a-46a1-967a-a38066d78eb5">
        <Description>These are default test settings for a local test run.</Description>
        <Execution>
          <TestTypeSpecific>
            <WebTestRunConfiguration testTypeId="4e7599fa-5ecb-43e9-a887-cd63cf72d207">
              <Browser name="Internet Explorer 9.0" MaxConnections="6">
                <Headers>
                  <Header name="User-Agent" value="Mozilla/5.0 (compatible; MSIE 9.0; Windows NT 6.1; Trident/5.0)" />
                  <Header name="Accept" value="*/*" />
                  <Header name="Accept-Language" value="{{$IEAcceptLanguage}}" />
                  <Header name="Accept-Encoding" value="GZIP" />
                </Headers>
              </Browser>
            </WebTestRunConfiguration>
          </TestTypeSpecific>
          <AgentRule name="Execution Agents">
          </AgentRule>
        </Execution>
        <Deployment runDeploymentRoot="Adam_SHERCOMP 2017-11-21 23_31_03" />
        <Properties>
          <Property name="TestSettingsUIType" value="UnitTest" />
        </Properties>
      </TestSettings>
      <WebTestResultFilePath>Adam_SHERCOMP 2017-11-21 23_31_03\In\75140622-62e1-46c8-97fb-e0f3995023b4\SendOrder-10-Photos.webtestResult</WebTestResultFilePath>
    </WebTestResult>
  </Results>
</TestRun>