<?xml version="1.0" encoding="UTF-8"?>
<TestRun id="f2064fa3-7f87-4331-a65f-338b5f624eba" name="Adam@SHERCOMP 2017-11-21 23:45:55" runUser="SHERCOMP\Adam" xmlns="http://microsoft.com/schemas/VisualStudio/TeamTest/2010">
  <TestSettings name="Local" id="86465cc3-8e1a-46a1-967a-a38066d78eb5">
    <Description>These are default test settings for a local test run.</Description>
    <Execution>
      <TestTypeSpecific />
      <AgentRule name="Execution Agents">
      </AgentRule>
    </Execution>
    <Deployment runDeploymentRoot="Adam_SHERCOMP 2017-11-21 23_45_55" />
    <Properties>
      <Property name="TestSettingsUIType" value="UnitTest" />
    </Properties>
  </TestSettings>
  <Times creation="2017-11-21T23:45:55.9215125+01:00" queuing="2017-11-21T23:45:56.3573181+01:00" start="2017-11-21T23:45:56.4103551+01:00" finish="2017-11-21T23:46:07.4933475+01:00" />
  <ResultSummary outcome="Completed">
    <Counters total="1" executed="1" passed="1" error="0" failed="0" timeout="0" aborted="0" inconclusive="0" passedButRunAborted="0" notRunnable="0" notExecuted="0" disconnected="0" warning="0" completed="0" inProgress="0" pending="0" />
  </ResultSummary>
  <TestDefinitions>
    <WebTest name="SendOrder-100-Photos" storage="c:\users\adam\documents\_studia\photolab\photolab\photolab-loadtest\photolab-loadtest\sendorder-100-photos.webtest" priority="0" id="340aa6f0-bfe7-4f98-a958-1964b7b04a23" persistedWebTest="77u/PD94bWwgdmVyc2lvbj0iMS4wIiBlbmNvZGluZz0iVVRGLTgiIHN0YW5kYWxvbmU9InllcyI/Pg0KPFdlYlRlc3QgTmFtZT0iU2VuZE9yZGVyLTEwMC1QaG90b3MiIElkPSIzNDBhYTZmMC1iZmU3LTRmOTgtYTk1OC0xOTY0YjdiMDRhMjMiIE93bmVyPSIiIFByaW9yaXR5PSIwIiBFbmFibGVkPSJUcnVlIiBDc3NQcm9qZWN0U3RydWN0dXJlPSIiIENzc0l0ZXJhdGlvbj0iIiBUaW1lb3V0PSIwIiBXb3JrSXRlbUlkcz0iIiB4bWxucz0iaHR0cDovL21pY3Jvc29mdC5jb20vc2NoZW1hcy9WaXN1YWxTdHVkaW8vVGVhbVRlc3QvMjAxMCIgRGVzY3JpcHRpb249IiIgQ3JlZGVudGlhbFVzZXJOYW1lPSIiIENyZWRlbnRpYWxQYXNzd29yZD0iIiBQcmVBdXRoZW50aWNhdGU9IlRydWUiIFByb3h5PSJkZWZhdWx0IiBTdG9wT25FcnJvcj0iRmFsc2UiIFJlY29yZGVkUmVzdWx0RmlsZT0iIiBSZXN1bHRzTG9jYWxlPSIiPg0KICA8SXRlbXM+DQogICAgPFJlcXVlc3QgTWV0aG9kPSJPUFRJT05TIiBHdWlkPSI5MmZmMGEzZi0xODFjLTQxZjktYmUwMS04Y2ZlYTY5OTg2NDYiIFZlcnNpb249IjEuMSIgVXJsPSJodHRwOi8vbG9jYWxob3N0OjU3NTAwL2FwaS9waG90by9zdWJtaXRvcmRlciIgVGhpbmtUaW1lPSIwIiBUaW1lb3V0PSI2MCIgUGFyc2VEZXBlbmRlbnRSZXF1ZXN0cz0iVHJ1ZSIgRm9sbG93UmVkaXJlY3RzPSJUcnVlIiBSZWNvcmRSZXN1bHQ9IlRydWUiIENhY2hlPSJGYWxzZSIgUmVzcG9uc2VUaW1lR29hbD0iMCIgRW5jb2Rpbmc9InV0Zi04IiBFeHBlY3RlZEh0dHBTdGF0dXNDb2RlPSIwIiBFeHBlY3RlZFJlc3BvbnNlVXJsPSIiIFJlcG9ydGluZ05hbWU9IiIgSWdub3JlSHR0cFN0YXR1c0NvZGU9IkZhbHNlIj4NCiAgICAgIDxIZWFkZXJzPg0KICAgICAgICA8SGVhZGVyIE5hbWU9IkFjY2Vzcy1Db250cm9sLVJlcXVlc3QtTWV0aG9kIiBWYWx1ZT0iUE9TVCIgLz4NCiAgICAgICAgPEhlYWRlciBOYW1lPSJPcmlnaW4iIFZhbHVlPSJodHRwOi8vbG9jYWxob3N0OjMwMDAiIC8+DQogICAgICAgIDxIZWFkZXIgTmFtZT0iQWNjZXNzLUNvbnRyb2wtUmVxdWVzdC1IZWFkZXJzIiBWYWx1ZT0iY29udGVudC10eXBlIiAvPg0KICAgICAgPC9IZWFkZXJzPg0KICAgIDwvUmVxdWVzdD4NCiAgICA8UmVxdWVzdCBNZXRob2Q9IlBPU1QiIEd1aWQ9IjE5NmI3Mjc3LTdiNWYtNDM0Yi05YmZkLWFhOTZhNTljZTA1ZSIgVmVyc2lvbj0iMS4xIiBVcmw9Imh0dHA6Ly9sb2NhbGhvc3Q6NTc1MDAvYXBpL3Bob3RvL3N1Ym1pdG9yZGVyIiBUaGlua1RpbWU9IjAiIFRpbWVvdXQ9IjYwIiBQYXJzZURlcGVuZGVudFJlcXVlc3RzPSJUcnVlIiBGb2xsb3dSZWRpcmVjdHM9IlRydWUiIFJlY29yZFJlc3VsdD0iVHJ1ZSIgQ2FjaGU9IkZhbHNlIiBSZXNwb25zZVRpbWVHb2FsPSIwIiBFbmNvZGluZz0idXRmLTgiIEV4cGVjdGVkSHR0cFN0YXR1c0NvZGU9IjAiIEV4cGVjdGVkUmVzcG9uc2VVcmw9IiIgUmVwb3J0aW5nTmFtZT0iIiBJZ25vcmVIdHRwU3RhdHVzQ29kZT0iRmFsc2UiPg0KICAgICAgPEhlYWRlcnM+DQogICAgICAgIDxIZWFkZXIgTmFtZT0iT3JpZ2luIiBWYWx1ZT0iaHR0cDovL2xvY2FsaG9zdDozMDAwIiAvPg0KICAgICAgICA8SGVhZGVyIE5hbWU9IkNvbnRlbnQtVHlwZSIgVmFsdWU9ImFwcGxpY2F0aW9uL2pzb24iIC8+DQogICAgICA8L0hlYWRlcnM+DQogICAgICA8U3RyaW5nSHR0cEJvZHkgQ29udGVudFR5cGU9ImFwcGxpY2F0aW9uL2pzb24iIEluc2VydEJ5dGVPcmRlck1hcms9IkZhbHNlIj5ld0FpQUhVQWN3QmxBSElBU1FCa0FDSUFPZ0FpQURrQU1nQmxBRGNBWkFCaEFEZ0FPUUF0QURFQVpRQXpBR1lBTFFBMEFESUFZUUJoQUMwQU9BQTFBR1VBTXdBdEFHTUFaZ0E1QURJQVl3QTJBRGtBTWdCakFHVUFNd0F4QUNJQUxBQWlBSFFBYndCMEFHRUFiQUJRQUhJQWFRQnVBSFFBY3dCUUFISUFhUUJqQUdVQUlnQTZBRE1BTmdBd0FDd0FJZ0IwQUc4QWRBQmhBR3dBVUFCeUFHa0FiZ0IwQUhNQUlnQTZBRE1BTUFBd0FDd0FJZ0IwQUc4QWRBQmhBR3dBVHdCeUFHUUFaUUJ5QUZBQWNnQnBBR01BWlFBaUFEb0FNd0EzQURRQUxBQWlBR1FBWlFCc0FHa0FkZ0JsQUhJQWVRQlVBSGtBY0FCbEFFa0FaQUFpQURvQU1RQXNBQ0lBYVFCekFGUUFjZ0JoQUdRQWFRQjBBR2tBYndCdUFHRUFiQUJVQUhJQVlRQnVBSE1BWmdCbEFISUFJZ0E2QUdZQVlRQnNBSE1BWlFBc0FDSUFid0J5QUdRQVpRQnlBRVFBWVFCMEFHVUFJZ0E2QUNJQU1nQXdBREVBTndBdEFERUFNUUF0QURJQU1RQlVBRElBTWdBNkFEUUFOQUE2QURBQU53QXVBRFlBTkFBMkFGb0FJZ0FzQUNJQVpRQnVBR1FBUkFCaEFIUUFaUUFpQURvQWJnQjFBR3dBYkFBc0FDSUFjQUJoQUhrQWJRQmxBRzRBZEFCRUFHRUFkQUJsQUNJQU9nQnVBSFVBYkFCc0FDd0FJZ0J6QUdnQWFRQndBSEFBYVFCdUFHY0FSQUJoQUhRQVpRQWlBRG9BYmdCMUFHd0FiQUFzQUNJQWNBQmhBSGtBYlFCbEFHNEFkQUJUQUhRQVlRQjBBSFVBY3dBaUFEb0FNQUFzQUNJQVpBQmxBR3dBYVFCMkFHVUFjZ0I1QUVRQVlRQjBBR0VBU1FCa0FDSUFPZ0J1QUhVQWJBQnNBQ3dBSWdCcEFHNEFkZ0J2QUdrQVl3QmxBRVFBWVFCMEFHRUFTUUJrQUNJQU9nQnVBSFVBYkFCc0FDd0FJZ0JwQUhNQVNRQnVBSFlBYndCcEFHTUFaUUFpQURvQVpnQmhBR3dBY3dCbEFDd0FJZ0JoQUdRQVpBQnBBSFFBYVFCdkFHNEFZUUJzQUVrQWJnQm1BRzhBSWdBNkFDSUFJZ0FzQUNJQWNBQm9BRzhBZEFCdkFITUFJZ0E2QUZzQWV3QWlBR2tBY3dCREFHOEFiZ0IwQUdFQWFRQnVBQ0lBT2dCMEFISUFkUUJsQUN3QUlnQnVBR0VBYlFCbEFDSUFPZ0FpQUVJQWRRQjBBSGtBSUFCQkFHMEFaUUJ5QUdrQVl3QmhBRzRBWHdBdUFHb0FjQUJuQUNJQUxBQWlBSEFBY2dCcEFHNEFkQUJ6QUNJQU9nQmJBSHNBSWdCbUFHOEFjZ0J0QUdFQWRBQWlBRG9BTVFBc0FDSUFjQUJoQUhBQVpRQnlBQ0lBT2dBeUFDd0FJZ0JoQUcwQWJ3QjFBRzRBZEFBaUFEb0FNQUI5QUN3QWV3QWlBR1lBYndCeUFHMEFZUUIwQUNJQU9nQXlBQ3dBSWdCd0FHRUFjQUJsQUhJQUlnQTZBRElBTEFBaUFHRUFiUUJ2QUhVQWJnQjBBQ0lBT2dBd0FIMEFMQUI3QUNJQVpnQnZBSElBYlFCaEFIUUFJZ0E2QURNQUxBQWlBSEFBWVFCd0FHVUFjZ0FpQURvQU1nQXNBQ0lBWVFCdEFHOEFkUUJ1QUhRQUlnQTZBRE1BZlFCZEFDd0FJZ0JwQUhNQVNBQnZBSElBYVFCNkFHOEFiZ0IwQUdFQWJBQWlBRG9BZEFCeUFIVUFaUUI5QUN3QWV3QWlBR2tBY3dCREFHOEFiZ0IwQUdFQWFRQnVBQ0lBT2dCMEFISUFkUUJsQUN3QUlnQnVBR0VBYlFCbEFDSUFPZ0FpQUVJQWRRQjBBSGtBSUFCQkFHMEFaUUJ5QUdrQVl3QmhBRzRBWHdBdEFESUFMZ0JxQUhBQVp3QWlBQ3dBSWdCd0FISUFhUUJ1QUhRQWN3QWlBRG9BV3dCN0FDSUFaZ0J2QUhJQWJRQmhBSFFBSWdBNkFERUFMQUFpQUhBQVlRQndBR1VBY2dBaUFEb0FNZ0FzQUNJQVlRQnRBRzhBZFFCdUFIUUFJZ0E2QURBQWZRQXNBSHNBSWdCbUFHOEFjZ0J0QUdFQWRBQWlBRG9BTWdBc0FDSUFjQUJoQUhBQVpRQnlBQ0lBT2dBeUFDd0FJZ0JoQUcwQWJ3QjFBRzRBZEFBaUFEb0FNQUI5QUN3QWV3QWlBR1lBYndCeUFHMEFZUUIwQUNJQU9nQXpBQ3dBSWdCd0FHRUFjQUJsQUhJQUlnQTZBRElBTEFBaUFHRUFiUUJ2QUhVQWJnQjBBQ0lBT2dBekFIMEFYUUFzQUNJQWFRQnpBRWdBYndCeUFHa0FlZ0J2QUc0QWRBQmhBR3dBSWdBNkFIUUFjZ0IxQUdVQWZRQXNBSHNBSWdCcEFITUFRd0J2QUc0QWRBQmhBR2tBYmdBaUFEb0FkQUJ5QUhVQVpRQXNBQ0lBYmdCaEFHMEFaUUFpQURvQUlnQkNBSFVBZEFCNUFDQUFRUUJ0QUdVQWNnQnBBR01BWVFCdUFGOEFMUUF6QUM0QWFnQndBR2NBSWdBc0FDSUFjQUJ5QUdrQWJnQjBBSE1BSWdBNkFGc0Fld0FpQUdZQWJ3QnlBRzBBWVFCMEFDSUFPZ0F4QUN3QUlnQndBR0VBY0FCbEFISUFJZ0E2QURJQUxBQWlBR0VBYlFCdkFIVUFiZ0IwQUNJQU9nQXdBSDBBTEFCN0FDSUFaZ0J2QUhJQWJRQmhBSFFBSWdBNkFESUFMQUFpQUhBQVlRQndBR1VBY2dBaUFEb0FNZ0FzQUNJQVlRQnRBRzhBZFFCdUFIUUFJZ0E2QURBQWZRQXNBSHNBSWdCbUFHOEFjZ0J0QUdFQWRBQWlBRG9BTXdBc0FDSUFjQUJoQUhBQVpRQnlBQ0lBT2dBeUFDd0FJZ0JoQUcwQWJ3QjFBRzRBZEFBaUFEb0FNd0I5QUYwQUxBQWlBR2tBY3dCSUFHOEFjZ0JwQUhvQWJ3QnVBSFFBWVFCc0FDSUFPZ0IwQUhJQWRRQmxBSDBBTEFCN0FDSUFhUUJ6QUVNQWJ3QnVBSFFBWVFCcEFHNEFJZ0E2QUhRQWNnQjFBR1VBTEFBaUFHNEFZUUJ0QUdVQUlnQTZBQ0lBUWdCMUFIUUFlUUFnQUVFQWJRQmxBSElBYVFCakFHRUFiZ0JmQUMwQU5BQXVBR29BY0FCbkFDSUFMQUFpQUhBQWNnQnBBRzRBZEFCekFDSUFPZ0JiQUhzQUlnQm1BRzhBY2dCdEFHRUFkQUFpQURvQU1RQXNBQ0lBY0FCaEFIQUFaUUJ5QUNJQU9nQXlBQ3dBSWdCaEFHMEFid0IxQUc0QWRBQWlBRG9BTUFCOUFDd0Fld0FpQUdZQWJ3QnlBRzBBWVFCMEFDSUFPZ0F5QUN3QUlnQndBR0VBY0FCbEFISUFJZ0E2QURJQUxBQWlBR0VBYlFCdkFIVUFiZ0IwQUNJQU9nQXdBSDBBTEFCN0FDSUFaZ0J2QUhJQWJRQmhBSFFBSWdBNkFETUFMQUFpQUhBQVlRQndBR1VBY2dBaUFEb0FNZ0FzQUNJQVlRQnRBRzhBZFFCdUFIUUFJZ0E2QURNQWZRQmRBQ3dBSWdCcEFITUFTQUJ2QUhJQWFRQjZBRzhBYmdCMEFHRUFiQUFpQURvQWRBQnlBSFVBWlFCOUFDd0Fld0FpQUdrQWN3QkRBRzhBYmdCMEFHRUFhUUJ1QUNJQU9nQjBBSElBZFFCbEFDd0FJZ0J1QUdFQWJRQmxBQ0lBT2dBaUFFSUFkUUIwQUhrQUlBQkJBRzBBWlFCeUFHa0FZd0JoQUc0QVh3QXRBRFVBTGdCcUFIQUFad0FpQUN3QUlnQndBSElBYVFCdUFIUUFjd0FpQURvQVd3QjdBQ0lBWmdCdkFISUFiUUJoQUhRQUlnQTZBREVBTEFBaUFIQUFZUUJ3QUdVQWNnQWlBRG9BTWdBc0FDSUFZUUJ0QUc4QWRRQnVBSFFBSWdBNkFEQUFmUUFzQUhzQUlnQm1BRzhBY2dCdEFHRUFkQUFpQURvQU1nQXNBQ0lBY0FCaEFIQUFaUUJ5QUNJQU9nQXlBQ3dBSWdCaEFHMEFid0IxQUc0QWRBQWlBRG9BTUFCOUFDd0Fld0FpQUdZQWJ3QnlBRzBBWVFCMEFDSUFPZ0F6QUN3QUlnQndBR0VBY0FCbEFISUFJZ0E2QURJQUxBQWlBR0VBYlFCdkFIVUFiZ0IwQUNJQU9nQXpBSDBBWFFBc0FDSUFhUUJ6QUVnQWJ3QnlBR2tBZWdCdkFHNEFkQUJoQUd3QUlnQTZBSFFBY2dCMUFHVUFmUUFzQUhzQUlnQnBBSE1BUXdCdkFHNEFkQUJoQUdrQWJnQWlBRG9BZEFCeUFIVUFaUUFzQUNJQWJnQmhBRzBBWlFBaUFEb0FJZ0JDQUhVQWRBQjVBQ0FBUVFCdEFHVUFjZ0JwQUdNQVlRQnVBRjhBTFFBMkFDNEFhZ0J3QUdjQUlnQXNBQ0lBY0FCeUFHa0FiZ0IwQUhNQUlnQTZBRnNBZXdBaUFHWUFid0J5QUcwQVlRQjBBQ0lBT2dBeEFDd0FJZ0J3QUdFQWNBQmxBSElBSWdBNkFESUFMQUFpQUdFQWJRQnZBSFVBYmdCMEFDSUFPZ0F3QUgwQUxBQjdBQ0lBWmdCdkFISUFiUUJoQUhRQUlnQTZBRElBTEFBaUFIQUFZUUJ3QUdVQWNnQWlBRG9BTWdBc0FDSUFZUUJ0QUc4QWRRQnVBSFFBSWdBNkFEQUFmUUFzQUhzQUlnQm1BRzhBY2dCdEFHRUFkQUFpQURvQU13QXNBQ0lBY0FCaEFIQUFaUUJ5QUNJQU9nQXlBQ3dBSWdCaEFHMEFid0IxQUc0QWRBQWlBRG9BTXdCOUFGMEFMQUFpQUdrQWN3QklBRzhBY2dCcEFIb0Fid0J1QUhRQVlRQnNBQ0lBT2dCMEFISUFkUUJsQUgwQUxBQjdBQ0lBYVFCekFFTUFid0J1QUhRQVlRQnBBRzRBSWdBNkFIUUFjZ0IxQUdVQUxBQWlBRzRBWVFCdEFHVUFJZ0E2QUNJQVFnQjFBSFFBZVFBZ0FFRUFiUUJsQUhJQWFRQmpBR0VBYmdCZkFDMEFOd0F1QUdvQWNBQm5BQ0lBTEFBaUFIQUFjZ0JwQUc0QWRBQnpBQ0lBT2dCYkFIc0FJZ0JtQUc4QWNnQnRBR0VBZEFBaUFEb0FNUUFzQUNJQWNBQmhBSEFBWlFCeUFDSUFPZ0F5QUN3QUlnQmhBRzBBYndCMUFHNEFkQUFpQURvQU1BQjlBQ3dBZXdBaUFHWUFid0J5QUcwQVlRQjBBQ0lBT2dBeUFDd0FJZ0J3QUdFQWNBQmxBSElBSWdBNkFESUFMQUFpQUdFQWJRQnZBSFVBYmdCMEFDSUFPZ0F3QUgwQUxBQjdBQ0lBWmdCdkFISUFiUUJoQUhRQUlnQTZBRE1BTEFBaUFIQUFZUUJ3QUdVQWNnQWlBRG9BTWdBc0FDSUFZUUJ0QUc4QWRRQnVBSFFBSWdBNkFETUFmUUJkQUN3QUlnQnBBSE1BU0FCdkFISUFhUUI2QUc4QWJnQjBBR0VBYkFBaUFEb0FkQUJ5QUhVQVpRQjlBQ3dBZXdBaUFHa0Fjd0JEQUc4QWJnQjBBR0VBYVFCdUFDSUFPZ0IwQUhJQWRRQmxBQ3dBSWdCdUFHRUFiUUJsQUNJQU9nQWlBRUlBZFFCMEFIa0FJQUJCQUcwQVpRQnlBR2tBWXdCaEFHNEFYd0F0QURnQUxnQnFBSEFBWndBaUFDd0FJZ0J3QUhJQWFRQnVBSFFBY3dBaUFEb0FXd0I3QUNJQVpnQnZBSElBYlFCaEFIUUFJZ0E2QURFQUxBQWlBSEFBWVFCd0FHVUFjZ0FpQURvQU1nQXNBQ0lBWVFCdEFHOEFkUUJ1QUhRQUlnQTZBREFBZlFBc0FIc0FJZ0JtQUc4QWNnQnRBR0VBZEFBaUFEb0FNZ0FzQUNJQWNBQmhBSEFBWlFCeUFDSUFPZ0F5QUN3QUlnQmhBRzBBYndCMUFHNEFkQUFpQURvQU1BQjlBQ3dBZXdBaUFHWUFid0J5QUcwQVlRQjBBQ0lBT2dBekFDd0FJZ0J3QUdFQWNBQmxBSElBSWdBNkFESUFMQUFpQUdFQWJRQnZBSFVBYmdCMEFDSUFPZ0F6QUgwQVhRQXNBQ0lBYVFCekFFZ0Fid0J5QUdrQWVnQnZBRzRBZEFCaEFHd0FJZ0E2QUhRQWNnQjFBR1VBZlFBc0FIc0FJZ0JwQUhNQVF3QnZBRzRBZEFCaEFHa0FiZ0FpQURvQWRBQnlBSFVBWlFBc0FDSUFiZ0JoQUcwQVpRQWlBRG9BSWdCQ0FIVUFkQUI1QUNBQVFRQnRBR1VBY2dCcEFHTUFZUUJ1QUY4QUxRQTVBQzRBYWdCd0FHY0FJZ0FzQUNJQWNBQnlBR2tBYmdCMEFITUFJZ0E2QUZzQWV3QWlBR1lBYndCeUFHMEFZUUIwQUNJQU9nQXhBQ3dBSWdCd0FHRUFjQUJsQUhJQUlnQTZBRElBTEFBaUFHRUFiUUJ2QUhVQWJnQjBBQ0lBT2dBd0FIMEFMQUI3QUNJQVpnQnZBSElBYlFCaEFIUUFJZ0E2QURJQUxBQWlBSEFBWVFCd0FHVUFjZ0FpQURvQU1nQXNBQ0lBWVFCdEFHOEFkUUJ1QUhRQUlnQTZBREFBZlFBc0FIc0FJZ0JtQUc4QWNnQnRBR0VBZEFBaUFEb0FNd0FzQUNJQWNBQmhBSEFBWlFCeUFDSUFPZ0F5QUN3QUlnQmhBRzBBYndCMUFHNEFkQUFpQURvQU13QjlBRjBBTEFBaUFHa0Fjd0JJQUc4QWNnQnBBSG9BYndCdUFIUUFZUUJzQUNJQU9nQjBBSElBZFFCbEFIMEFMQUI3QUNJQWFRQnpBRU1BYndCdUFIUUFZUUJwQUc0QUlnQTZBSFFBY2dCMUFHVUFMQUFpQUc0QVlRQnRBR1VBSWdBNkFDSUFRZ0IxQUhRQWVRQWdBRUVBYlFCbEFISUFhUUJqQUdFQWJnQmZBQzBBTVFBd0FDNEFhZ0J3QUdjQUlnQXNBQ0lBY0FCeUFHa0FiZ0IwQUhNQUlnQTZBRnNBZXdBaUFHWUFid0J5QUcwQVlRQjBBQ0lBT2dBeEFDd0FJZ0J3QUdFQWNBQmxBSElBSWdBNkFESUFMQUFpQUdFQWJRQnZBSFVBYmdCMEFDSUFPZ0F3QUgwQUxBQjdBQ0lBWmdCdkFISUFiUUJoQUhRQUlnQTZBRElBTEFBaUFIQUFZUUJ3QUdVQWNnQWlBRG9BTWdBc0FDSUFZUUJ0QUc4QWRRQnVBSFFBSWdBNkFEQUFmUUFzQUhzQUlnQm1BRzhBY2dCdEFHRUFkQUFpQURvQU13QXNBQ0lBY0FCaEFIQUFaUUJ5QUNJQU9nQXlBQ3dBSWdCaEFHMEFid0IxQUc0QWRBQWlBRG9BTXdCOUFGMEFMQUFpQUdrQWN3QklBRzhBY2dCcEFIb0Fid0J1QUhRQVlRQnNBQ0lBT2dCMEFISUFkUUJsQUgwQUxBQjdBQ0lBYVFCekFFTUFid0J1QUhRQVlRQnBBRzRBSWdBNkFIUUFjZ0IxQUdVQUxBQWlBRzRBWVFCdEFHVUFJZ0E2QUNJQVFnQjFBSFFBZVFBZ0FFRUFiUUJsQUhJQWFRQmpBR0VBYmdCZkFDMEFNUUF4QUM0QWFnQndBR2NBSWdBc0FDSUFjQUJ5QUdrQWJnQjBBSE1BSWdBNkFGc0Fld0FpQUdZQWJ3QnlBRzBBWVFCMEFDSUFPZ0F4QUN3QUlnQndBR0VBY0FCbEFISUFJZ0E2QURJQUxBQWlBR0VBYlFCdkFIVUFiZ0IwQUNJQU9nQXdBSDBBTEFCN0FDSUFaZ0J2QUhJQWJRQmhBSFFBSWdBNkFESUFMQUFpQUhBQVlRQndBR1VBY2dBaUFEb0FNZ0FzQUNJQVlRQnRBRzhBZFFCdUFIUUFJZ0E2QURBQWZRQXNBSHNBSWdCbUFHOEFjZ0J0QUdFQWRBQWlBRG9BTXdBc0FDSUFjQUJoQUhBQVpRQnlBQ0lBT2dBeUFDd0FJZ0JoQUcwQWJ3QjFBRzRBZEFBaUFEb0FNd0I5QUYwQUxBQWlBR2tBY3dCSUFHOEFjZ0JwQUhvQWJ3QnVBSFFBWVFCc0FDSUFPZ0IwQUhJQWRRQmxBSDBBTEFCN0FDSUFhUUJ6QUVNQWJ3QnVBSFFBWVFCcEFHNEFJZ0E2QUhRQWNnQjFBR1VBTEFBaUFHNEFZUUJ0QUdVQUlnQTZBQ0lBUWdCMUFIUUFlUUFnQUVFQWJRQmxBSElBYVFCakFHRUFiZ0JmQUMwQU1RQXlBQzRBYWdCd0FHY0FJZ0FzQUNJQWNBQnlBR2tBYmdCMEFITUFJZ0E2QUZzQWV3QWlBR1lBYndCeUFHMEFZUUIwQUNJQU9nQXhBQ3dBSWdCd0FHRUFjQUJsQUhJQUlnQTZBRElBTEFBaUFHRUFiUUJ2QUhVQWJnQjBBQ0lBT2dBd0FIMEFMQUI3QUNJQVpnQnZBSElBYlFCaEFIUUFJZ0E2QURJQUxBQWlBSEFBWVFCd0FHVUFjZ0FpQURvQU1nQXNBQ0lBWVFCdEFHOEFkUUJ1QUhRQUlnQTZBREFBZlFBc0FIc0FJZ0JtQUc4QWNnQnRBR0VBZEFBaUFEb0FNd0FzQUNJQWNBQmhBSEFBWlFCeUFDSUFPZ0F5QUN3QUlnQmhBRzBBYndCMUFHNEFkQUFpQURvQU13QjlBRjBBTEFBaUFHa0Fjd0JJQUc4QWNnQnBBSG9BYndCdUFIUUFZUUJzQUNJQU9nQjBBSElBZFFCbEFIMEFMQUI3QUNJQWFRQnpBRU1BYndCdUFIUUFZUUJwQUc0QUlnQTZBSFFBY2dCMUFHVUFMQUFpQUc0QVlRQnRBR1VBSWdBNkFDSUFRZ0IxQUhRQWVRQWdBRUVBYlFCbEFISUFhUUJqQUdFQWJnQmZBQzBBTVFBekFDNEFhZ0J3QUdjQUlnQXNBQ0lBY0FCeUFHa0FiZ0IwQUhNQUlnQTZBRnNBZXdBaUFHWUFid0J5QUcwQVlRQjBBQ0lBT2dBeEFDd0FJZ0J3QUdFQWNBQmxBSElBSWdBNkFESUFMQUFpQUdFQWJRQnZBSFVBYmdCMEFDSUFPZ0F3QUgwQUxBQjdBQ0lBWmdCdkFISUFiUUJoQUhRQUlnQTZBRElBTEFBaUFIQUFZUUJ3QUdVQWNnQWlBRG9BTWdBc0FDSUFZUUJ0QUc4QWRRQnVBSFFBSWdBNkFEQUFmUUFzQUhzQUlnQm1BRzhBY2dCdEFHRUFkQUFpQURvQU13QXNBQ0lBY0FCaEFIQUFaUUJ5QUNJQU9nQXlBQ3dBSWdCaEFHMEFid0IxQUc0QWRBQWlBRG9BTXdCOUFGMEFMQUFpQUdrQWN3QklBRzhBY2dCcEFIb0Fid0J1QUhRQVlRQnNBQ0lBT2dCMEFISUFkUUJsQUgwQUxBQjdBQ0lBYVFCekFFTUFid0J1QUhRQVlRQnBBRzRBSWdBNkFIUUFjZ0IxQUdVQUxBQWlBRzRBWVFCdEFHVUFJZ0E2QUNJQVFnQjFBSFFBZVFBZ0FFRUFiUUJsQUhJQWFRQmpBR0VBYmdCZkFDMEFNUUEwQUM0QWFnQndBR2NBSWdBc0FDSUFjQUJ5QUdrQWJnQjBBSE1BSWdBNkFGc0Fld0FpQUdZQWJ3QnlBRzBBWVFCMEFDSUFPZ0F4QUN3QUlnQndBR0VBY0FCbEFISUFJZ0E2QURJQUxBQWlBR0VBYlFCdkFIVUFiZ0IwQUNJQU9nQXdBSDBBTEFCN0FDSUFaZ0J2QUhJQWJRQmhBSFFBSWdBNkFESUFMQUFpQUhBQVlRQndBR1VBY2dBaUFEb0FNZ0FzQUNJQVlRQnRBRzhBZFFCdUFIUUFJZ0E2QURBQWZRQXNBSHNBSWdCbUFHOEFjZ0J0QUdFQWRBQWlBRG9BTXdBc0FDSUFjQUJoQUhBQVpRQnlBQ0lBT2dBeUFDd0FJZ0JoQUcwQWJ3QjFBRzRBZEFBaUFEb0FNd0I5QUYwQUxBQWlBR2tBY3dCSUFHOEFjZ0JwQUhvQWJ3QnVBSFFBWVFCc0FDSUFPZ0IwQUhJQWRRQmxBSDBBTEFCN0FDSUFhUUJ6QUVNQWJ3QnVBSFFBWVFCcEFHNEFJZ0E2QUhRQWNnQjFBR1VBTEFBaUFHNEFZUUJ0QUdVQUlnQTZBQ0lBUWdCMUFIUUFlUUFnQUVFQWJRQmxBSElBYVFCakFHRUFiZ0JmQUMwQU1RQTFBQzRBYWdCd0FHY0FJZ0FzQUNJQWNBQnlBR2tBYmdCMEFITUFJZ0E2QUZzQWV3QWlBR1lBYndCeUFHMEFZUUIwQUNJQU9nQXhBQ3dBSWdCd0FHRUFjQUJsQUhJQUlnQTZBRElBTEFBaUFHRUFiUUJ2QUhVQWJnQjBBQ0lBT2dBd0FIMEFMQUI3QUNJQVpnQnZBSElBYlFCaEFIUUFJZ0E2QURJQUxBQWlBSEFBWVFCd0FHVUFjZ0FpQURvQU1nQXNBQ0lBWVFCdEFHOEFkUUJ1QUhRQUlnQTZBREFBZlFBc0FIc0FJZ0JtQUc4QWNnQnRBR0VBZEFBaUFEb0FNd0FzQUNJQWNBQmhBSEFBWlFCeUFDSUFPZ0F5QUN3QUlnQmhBRzBBYndCMUFHNEFkQUFpQURvQU13QjlBRjBBTEFBaUFHa0Fjd0JJQUc4QWNnQnBBSG9BYndCdUFIUUFZUUJzQUNJQU9nQjBBSElBZFFCbEFIMEFMQUI3QUNJQWFRQnpBRU1BYndCdUFIUUFZUUJwQUc0QUlnQTZBSFFBY2dCMUFHVUFMQUFpQUc0QVlRQnRBR1VBSWdBNkFDSUFRZ0IxQUhRQWVRQWdBRUVBYlFCbEFISUFhUUJqQUdFQWJnQmZBQzBBTVFBMkFDNEFhZ0J3QUdjQUlnQXNBQ0lBY0FCeUFHa0FiZ0IwQUhNQUlnQTZBRnNBZXdBaUFHWUFid0J5QUcwQVlRQjBBQ0lBT2dBeEFDd0FJZ0J3QUdFQWNBQmxBSElBSWdBNkFESUFMQUFpQUdFQWJRQnZBSFVBYmdCMEFDSUFPZ0F3QUgwQUxBQjdBQ0lBWmdCdkFISUFiUUJoQUhRQUlnQTZBRElBTEFBaUFIQUFZUUJ3QUdVQWNnQWlBRG9BTWdBc0FDSUFZUUJ0QUc4QWRRQnVBSFFBSWdBNkFEQUFmUUFzQUhzQUlnQm1BRzhBY2dCdEFHRUFkQUFpQURvQU13QXNBQ0lBY0FCaEFIQUFaUUJ5QUNJQU9nQXlBQ3dBSWdCaEFHMEFid0IxQUc0QWRBQWlBRG9BTXdCOUFGMEFMQUFpQUdrQWN3QklBRzhBY2dCcEFIb0Fid0J1QUhRQVlRQnNBQ0lBT2dCMEFISUFkUUJsQUgwQUxBQjdBQ0lBYVFCekFFTUFid0J1QUhRQVlRQnBBRzRBSWdBNkFIUUFjZ0IxQUdVQUxBQWlBRzRBWVFCdEFHVUFJZ0E2QUNJQVFnQjFBSFFBZVFBZ0FFRUFiUUJsQUhJQWFRQmpBR0VBYmdCZkFDMEFNUUEzQUM0QWFnQndBR2NBSWdBc0FDSUFjQUJ5QUdrQWJnQjBBSE1BSWdBNkFGc0Fld0FpQUdZQWJ3QnlBRzBBWVFCMEFDSUFPZ0F4QUN3QUlnQndBR0VBY0FCbEFISUFJZ0E2QURJQUxBQWlBR0VBYlFCdkFIVUFiZ0IwQUNJQU9nQXdBSDBBTEFCN0FDSUFaZ0J2QUhJQWJRQmhBSFFBSWdBNkFESUFMQUFpQUhBQVlRQndBR1VBY2dBaUFEb0FNZ0FzQUNJQVlRQnRBRzhBZFFCdUFIUUFJZ0E2QURBQWZRQXNBSHNBSWdCbUFHOEFjZ0J0QUdFQWRBQWlBRG9BTXdBc0FDSUFjQUJoQUhBQVpRQnlBQ0lBT2dBeUFDd0FJZ0JoQUcwQWJ3QjFBRzRBZEFBaUFEb0FNd0I5QUYwQUxBQWlBR2tBY3dCSUFHOEFjZ0JwQUhvQWJ3QnVBSFFBWVFCc0FDSUFPZ0IwQUhJQWRRQmxBSDBBTEFCN0FDSUFhUUJ6QUVNQWJ3QnVBSFFBWVFCcEFHNEFJZ0E2QUhRQWNnQjFBR1VBTEFBaUFHNEFZUUJ0QUdVQUlnQTZBQ0lBUWdCMUFIUUFlUUFnQUVFQWJRQmxBSElBYVFCakFHRUFiZ0JmQUMwQU1RQTRBQzRBYWdCd0FHY0FJZ0FzQUNJQWNBQnlBR2tBYmdCMEFITUFJZ0E2QUZzQWV3QWlBR1lBYndCeUFHMEFZUUIwQUNJQU9nQXhBQ3dBSWdCd0FHRUFjQUJsQUhJQUlnQTZBRElBTEFBaUFHRUFiUUJ2QUhVQWJnQjBBQ0lBT2dBd0FIMEFMQUI3QUNJQVpnQnZBSElBYlFCaEFIUUFJZ0E2QURJQUxBQWlBSEFBWVFCd0FHVUFjZ0FpQURvQU1nQXNBQ0lBWVFCdEFHOEFkUUJ1QUhRQUlnQTZBREFBZlFBc0FIc0FJZ0JtQUc4QWNnQnRBR0VBZEFBaUFEb0FNd0FzQUNJQWNBQmhBSEFBWlFCeUFDSUFPZ0F5QUN3QUlnQmhBRzBBYndCMUFHNEFkQUFpQURvQU13QjlBRjBBTEFBaUFHa0Fjd0JJQUc4QWNnQnBBSG9BYndCdUFIUUFZUUJzQUNJQU9nQjBBSElBZFFCbEFIMEFMQUI3QUNJQWFRQnpBRU1BYndCdUFIUUFZUUJwQUc0QUlnQTZBSFFBY2dCMUFHVUFMQUFpQUc0QVlRQnRBR1VBSWdBNkFDSUFRZ0IxQUhRQWVRQWdBRUVBYlFCbEFISUFhUUJqQUdFQWJnQmZBQzBBTVFBNUFDNEFhZ0J3QUdjQUlnQXNBQ0lBY0FCeUFHa0FiZ0IwQUhNQUlnQTZBRnNBZXdBaUFHWUFid0J5QUcwQVlRQjBBQ0lBT2dBeEFDd0FJZ0J3QUdFQWNBQmxBSElBSWdBNkFESUFMQUFpQUdFQWJRQnZBSFVBYmdCMEFDSUFPZ0F3QUgwQUxBQjdBQ0lBWmdCdkFISUFiUUJoQUhRQUlnQTZBRElBTEFBaUFIQUFZUUJ3QUdVQWNnQWlBRG9BTWdBc0FDSUFZUUJ0QUc4QWRRQnVBSFFBSWdBNkFEQUFmUUFzQUhzQUlnQm1BRzhBY2dCdEFHRUFkQUFpQURvQU13QXNBQ0lBY0FCaEFIQUFaUUJ5QUNJQU9nQXlBQ3dBSWdCaEFHMEFid0IxQUc0QWRBQWlBRG9BTXdCOUFGMEFMQUFpQUdrQWN3QklBRzhBY2dCcEFIb0Fid0J1QUhRQVlRQnNBQ0lBT2dCMEFISUFkUUJsQUgwQUxBQjdBQ0lBYVFCekFFTUFid0J1QUhRQVlRQnBBRzRBSWdBNkFIUUFjZ0IxQUdVQUxBQWlBRzRBWVFCdEFHVUFJZ0E2QUNJQVFnQjFBSFFBZVFBZ0FFRUFiUUJsQUhJQWFRQmpBR0VBYmdCZkFDMEFNZ0F3QUM0QWFnQndBR2NBSWdBc0FDSUFjQUJ5QUdrQWJnQjBBSE1BSWdBNkFGc0Fld0FpQUdZQWJ3QnlBRzBBWVFCMEFDSUFPZ0F4QUN3QUlnQndBR0VBY0FCbEFISUFJZ0E2QURJQUxBQWlBR0VBYlFCdkFIVUFiZ0IwQUNJQU9nQXdBSDBBTEFCN0FDSUFaZ0J2QUhJQWJRQmhBSFFBSWdBNkFESUFMQUFpQUhBQVlRQndBR1VBY2dBaUFEb0FNZ0FzQUNJQVlRQnRBRzhBZFFCdUFIUUFJZ0E2QURBQWZRQXNBSHNBSWdCbUFHOEFjZ0J0QUdFQWRBQWlBRG9BTXdBc0FDSUFjQUJoQUhBQVpRQnlBQ0lBT2dBeUFDd0FJZ0JoQUcwQWJ3QjFBRzRBZEFBaUFEb0FNd0I5QUYwQUxBQWlBR2tBY3dCSUFHOEFjZ0JwQUhvQWJ3QnVBSFFBWVFCc0FDSUFPZ0IwQUhJQWRRQmxBSDBBTEFCN0FDSUFhUUJ6QUVNQWJ3QnVBSFFBWVFCcEFHNEFJZ0E2QUhRQWNnQjFBR1VBTEFBaUFHNEFZUUJ0QUdVQUlnQTZBQ0lBUWdCMUFIUUFlUUFnQUVFQWJRQmxBSElBYVFCakFHRUFiZ0JmQUM0QWFnQndBR2NBSWdBc0FDSUFjQUJ5QUdrQWJnQjBBSE1BSWdBNkFGc0Fld0FpQUdZQWJ3QnlBRzBBWVFCMEFDSUFPZ0F4QUN3QUlnQndBR0VBY0FCbEFISUFJZ0E2QURJQUxBQWlBR0VBYlFCdkFIVUFiZ0IwQUNJQU9nQXdBSDBBTEFCN0FDSUFaZ0J2QUhJQWJRQmhBSFFBSWdBNkFESUFMQUFpQUhBQVlRQndBR1VBY2dBaUFEb0FNZ0FzQUNJQVlRQnRBRzhBZFFCdUFIUUFJZ0E2QURBQWZRQXNBSHNBSWdCbUFHOEFjZ0J0QUdFQWRBQWlBRG9BTXdBc0FDSUFjQUJoQUhBQVpRQnlBQ0lBT2dBeUFDd0FJZ0JoQUcwQWJ3QjFBRzRBZEFBaUFEb0FNd0I5QUYwQUxBQWlBR2tBY3dCSUFHOEFjZ0JwQUhvQWJ3QnVBSFFBWVFCc0FDSUFPZ0IwQUhJQWRRQmxBSDBBTEFCN0FDSUFhUUJ6QUVNQWJ3QnVBSFFBWVFCcEFHNEFJZ0E2QUhRQWNnQjFBR1VBTEFBaUFHNEFZUUJ0QUdVQUlnQTZBQ0lBUWdCMUFIUUFlUUFnQUVFQWJRQmxBSElBYVFCakFHRUFiZ0JmQUMwQU1nQXVBR29BY0FCbkFDSUFMQUFpQUhBQWNnQnBBRzRBZEFCekFDSUFPZ0JiQUhzQUlnQm1BRzhBY2dCdEFHRUFkQUFpQURvQU1RQXNBQ0lBY0FCaEFIQUFaUUJ5QUNJQU9nQXlBQ3dBSWdCaEFHMEFid0IxQUc0QWRBQWlBRG9BTUFCOUFDd0Fld0FpQUdZQWJ3QnlBRzBBWVFCMEFDSUFPZ0F5QUN3QUlnQndBR0VBY0FCbEFISUFJZ0E2QURJQUxBQWlBR0VBYlFCdkFIVUFiZ0IwQUNJQU9nQXdBSDBBTEFCN0FDSUFaZ0J2QUhJQWJRQmhBSFFBSWdBNkFETUFMQUFpQUhBQVlRQndBR1VBY2dBaUFEb0FNZ0FzQUNJQVlRQnRBRzhBZFFCdUFIUUFJZ0E2QURNQWZRQmRBQ3dBSWdCcEFITUFTQUJ2QUhJQWFRQjZBRzhBYmdCMEFHRUFiQUFpQURvQWRBQnlBSFVBWlFCOUFDd0Fld0FpQUdrQWN3QkRBRzhBYmdCMEFHRUFhUUJ1QUNJQU9nQjBBSElBZFFCbEFDd0FJZ0J1QUdFQWJRQmxBQ0lBT2dBaUFFSUFkUUIwQUhrQUlBQkJBRzBBWlFCeUFHa0FZd0JoQUc0QVh3QXRBRE1BTGdCcUFIQUFad0FpQUN3QUlnQndBSElBYVFCdUFIUUFjd0FpQURvQVd3QjdBQ0lBWmdCdkFISUFiUUJoQUhRQUlnQTZBREVBTEFBaUFIQUFZUUJ3QUdVQWNnQWlBRG9BTWdBc0FDSUFZUUJ0QUc4QWRRQnVBSFFBSWdBNkFEQUFmUUFzQUhzQUlnQm1BRzhBY2dCdEFHRUFkQUFpQURvQU1nQXNBQ0lBY0FCaEFIQUFaUUJ5QUNJQU9nQXlBQ3dBSWdCaEFHMEFid0IxQUc0QWRBQWlBRG9BTUFCOUFDd0Fld0FpQUdZQWJ3QnlBRzBBWVFCMEFDSUFPZ0F6QUN3QUlnQndBR0VBY0FCbEFISUFJZ0E2QURJQUxBQWlBR0VBYlFCdkFIVUFiZ0IwQUNJQU9nQXpBSDBBWFFBc0FDSUFhUUJ6QUVnQWJ3QnlBR2tBZWdCdkFHNEFkQUJoQUd3QUlnQTZBSFFBY2dCMUFHVUFmUUFzQUhzQUlnQnBBSE1BUXdCdkFHNEFkQUJoQUdrQWJnQWlBRG9BZEFCeUFIVUFaUUFzQUNJQWJnQmhBRzBBWlFBaUFEb0FJZ0JDQUhVQWRBQjVBQ0FBUVFCdEFHVUFjZ0JwQUdNQVlRQnVBRjhBTFFBMEFDNEFhZ0J3QUdjQUlnQXNBQ0lBY0FCeUFHa0FiZ0IwQUhNQUlnQTZBRnNBZXdBaUFHWUFid0J5QUcwQVlRQjBBQ0lBT2dBeEFDd0FJZ0J3QUdFQWNBQmxBSElBSWdBNkFESUFMQUFpQUdFQWJRQnZBSFVBYmdCMEFDSUFPZ0F3QUgwQUxBQjdBQ0lBWmdCdkFISUFiUUJoQUhRQUlnQTZBRElBTEFBaUFIQUFZUUJ3QUdVQWNnQWlBRG9BTWdBc0FDSUFZUUJ0QUc4QWRRQnVBSFFBSWdBNkFEQUFmUUFzQUhzQUlnQm1BRzhBY2dCdEFHRUFkQUFpQURvQU13QXNBQ0lBY0FCaEFIQUFaUUJ5QUNJQU9nQXlBQ3dBSWdCaEFHMEFid0IxQUc0QWRBQWlBRG9BTXdCOUFGMEFMQUFpQUdrQWN3QklBRzhBY2dCcEFIb0Fid0J1QUhRQVlRQnNBQ0lBT2dCMEFISUFkUUJsQUgwQUxBQjdBQ0lBYVFCekFFTUFid0J1QUhRQVlRQnBBRzRBSWdBNkFIUUFjZ0IxQUdVQUxBQWlBRzRBWVFCdEFHVUFJZ0E2QUNJQVFnQjFBSFFBZVFBZ0FFRUFiUUJsQUhJQWFRQmpBR0VBYmdCZkFDMEFOUUF1QUdvQWNBQm5BQ0lBTEFBaUFIQUFjZ0JwQUc0QWRBQnpBQ0lBT2dCYkFIc0FJZ0JtQUc4QWNnQnRBR0VBZEFBaUFEb0FNUUFzQUNJQWNBQmhBSEFBWlFCeUFDSUFPZ0F5QUN3QUlnQmhBRzBBYndCMUFHNEFkQUFpQURvQU1BQjlBQ3dBZXdBaUFHWUFid0J5QUcwQVlRQjBBQ0lBT2dBeUFDd0FJZ0J3QUdFQWNBQmxBSElBSWdBNkFESUFMQUFpQUdFQWJRQnZBSFVBYmdCMEFDSUFPZ0F3QUgwQUxBQjdBQ0lBWmdCdkFISUFiUUJoQUhRQUlnQTZBRE1BTEFBaUFIQUFZUUJ3QUdVQWNnQWlBRG9BTWdBc0FDSUFZUUJ0QUc4QWRRQnVBSFFBSWdBNkFETUFmUUJkQUN3QUlnQnBBSE1BU0FCdkFISUFhUUI2QUc4QWJnQjBBR0VBYkFBaUFEb0FkQUJ5QUhVQVpRQjlBQ3dBZXdBaUFHa0Fjd0JEQUc4QWJnQjBBR0VBYVFCdUFDSUFPZ0IwQUhJQWRRQmxBQ3dBSWdCdUFHRUFiUUJsQUNJQU9nQWlBRUlBZFFCMEFIa0FJQUJCQUcwQVpRQnlBR2tBWXdCaEFHNEFYd0F0QURZQUxnQnFBSEFBWndBaUFDd0FJZ0J3QUhJQWFRQnVBSFFBY3dBaUFEb0FXd0I3QUNJQVpnQnZBSElBYlFCaEFIUUFJZ0E2QURFQUxBQWlBSEFBWVFCd0FHVUFjZ0FpQURvQU1nQXNBQ0lBWVFCdEFHOEFkUUJ1QUhRQUlnQTZBREFBZlFBc0FIc0FJZ0JtQUc4QWNnQnRBR0VBZEFBaUFEb0FNZ0FzQUNJQWNBQmhBSEFBWlFCeUFDSUFPZ0F5QUN3QUlnQmhBRzBBYndCMUFHNEFkQUFpQURvQU1BQjlBQ3dBZXdBaUFHWUFid0J5QUcwQVlRQjBBQ0lBT2dBekFDd0FJZ0J3QUdFQWNBQmxBSElBSWdBNkFESUFMQUFpQUdFQWJRQnZBSFVBYmdCMEFDSUFPZ0F6QUgwQVhRQXNBQ0lBYVFCekFFZ0Fid0J5QUdrQWVnQnZBRzRBZEFCaEFHd0FJZ0E2QUhRQWNnQjFBR1VBZlFBc0FIc0FJZ0JwQUhNQVF3QnZBRzRBZEFCaEFHa0FiZ0FpQURvQWRBQnlBSFVBWlFBc0FDSUFiZ0JoQUcwQVpRQWlBRG9BSWdCQ0FIVUFkQUI1QUNBQVFRQnRBR1VBY2dCcEFHTUFZUUJ1QUY4QUxRQTNBQzRBYWdCd0FHY0FJZ0FzQUNJQWNBQnlBR2tBYmdCMEFITUFJZ0E2QUZzQWV3QWlBR1lBYndCeUFHMEFZUUIwQUNJQU9nQXhBQ3dBSWdCd0FHRUFjQUJsQUhJQUlnQTZBRElBTEFBaUFHRUFiUUJ2QUhVQWJnQjBBQ0lBT2dBd0FIMEFMQUI3QUNJQVpnQnZBSElBYlFCaEFIUUFJZ0E2QURJQUxBQWlBSEFBWVFCd0FHVUFjZ0FpQURvQU1nQXNBQ0lBWVFCdEFHOEFkUUJ1QUhRQUlnQTZBREFBZlFBc0FIc0FJZ0JtQUc4QWNnQnRBR0VBZEFBaUFEb0FNd0FzQUNJQWNBQmhBSEFBWlFCeUFDSUFPZ0F5QUN3QUlnQmhBRzBBYndCMUFHNEFkQUFpQURvQU13QjlBRjBBTEFBaUFHa0Fjd0JJQUc4QWNnQnBBSG9BYndCdUFIUUFZUUJzQUNJQU9nQjBBSElBZFFCbEFIMEFMQUI3QUNJQWFRQnpBRU1BYndCdUFIUUFZUUJwQUc0QUlnQTZBSFFBY2dCMUFHVUFMQUFpQUc0QVlRQnRBR1VBSWdBNkFDSUFRZ0IxQUhRQWVRQWdBRUVBYlFCbEFISUFhUUJqQUdFQWJnQmZBQzBBT0FBdUFHb0FjQUJuQUNJQUxBQWlBSEFBY2dCcEFHNEFkQUJ6QUNJQU9nQmJBSHNBSWdCbUFHOEFjZ0J0QUdFQWRBQWlBRG9BTVFBc0FDSUFjQUJoQUhBQVpRQnlBQ0lBT2dBeUFDd0FJZ0JoQUcwQWJ3QjFBRzRBZEFBaUFEb0FNQUI5QUN3QWV3QWlBR1lBYndCeUFHMEFZUUIwQUNJQU9nQXlBQ3dBSWdCd0FHRUFjQUJsQUhJQUlnQTZBRElBTEFBaUFHRUFiUUJ2QUhVQWJnQjBBQ0lBT2dBd0FIMEFMQUI3QUNJQVpnQnZBSElBYlFCaEFIUUFJZ0E2QURNQUxBQWlBSEFBWVFCd0FHVUFjZ0FpQURvQU1nQXNBQ0lBWVFCdEFHOEFkUUJ1QUhRQUlnQTZBRE1BZlFCZEFDd0FJZ0JwQUhNQVNBQnZBSElBYVFCNkFHOEFiZ0IwQUdFQWJBQWlBRG9BZEFCeUFIVUFaUUI5QUN3QWV3QWlBR2tBY3dCREFHOEFiZ0IwQUdFQWFRQnVBQ0lBT2dCMEFISUFkUUJsQUN3QUlnQnVBR0VBYlFCbEFDSUFPZ0FpQUVJQWRRQjBBSGtBSUFCQkFHMEFaUUJ5QUdrQVl3QmhBRzRBWHdBdEFEa0FMZ0JxQUhBQVp3QWlBQ3dBSWdCd0FISUFhUUJ1QUhRQWN3QWlBRG9BV3dCN0FDSUFaZ0J2QUhJQWJRQmhBSFFBSWdBNkFERUFMQUFpQUhBQVlRQndBR1VBY2dBaUFEb0FNZ0FzQUNJQVlRQnRBRzhBZFFCdUFIUUFJZ0E2QURBQWZRQXNBSHNBSWdCbUFHOEFjZ0J0QUdFQWRBQWlBRG9BTWdBc0FDSUFjQUJoQUhBQVpRQnlBQ0lBT2dBeUFDd0FJZ0JoQUcwQWJ3QjFBRzRBZEFBaUFEb0FNQUI5QUN3QWV3QWlBR1lBYndCeUFHMEFZUUIwQUNJQU9nQXpBQ3dBSWdCd0FHRUFjQUJsQUhJQUlnQTZBRElBTEFBaUFHRUFiUUJ2QUhVQWJnQjBBQ0lBT2dBekFIMEFYUUFzQUNJQWFRQnpBRWdBYndCeUFHa0FlZ0J2QUc0QWRBQmhBR3dBSWdBNkFIUUFjZ0IxQUdVQWZRQXNBSHNBSWdCcEFITUFRd0J2QUc0QWRBQmhBR2tBYmdBaUFEb0FkQUJ5QUhVQVpRQXNBQ0lBYmdCaEFHMEFaUUFpQURvQUlnQkNBSFVBZEFCNUFDQUFRUUJ0QUdVQWNnQnBBR01BWVFCdUFGOEFMUUF4QURBQUxnQnFBSEFBWndBaUFDd0FJZ0J3QUhJQWFRQnVBSFFBY3dBaUFEb0FXd0I3QUNJQVpnQnZBSElBYlFCaEFIUUFJZ0E2QURFQUxBQWlBSEFBWVFCd0FHVUFjZ0FpQURvQU1nQXNBQ0lBWVFCdEFHOEFkUUJ1QUhRQUlnQTZBREFBZlFBc0FIc0FJZ0JtQUc4QWNnQnRBR0VBZEFBaUFEb0FNZ0FzQUNJQWNBQmhBSEFBWlFCeUFDSUFPZ0F5QUN3QUlnQmhBRzBBYndCMUFHNEFkQUFpQURvQU1BQjlBQ3dBZXdBaUFHWUFid0J5QUcwQVlRQjBBQ0lBT2dBekFDd0FJZ0J3QUdFQWNBQmxBSElBSWdBNkFESUFMQUFpQUdFQWJRQnZBSFVBYmdCMEFDSUFPZ0F6QUgwQVhRQXNBQ0lBYVFCekFFZ0Fid0J5QUdrQWVnQnZBRzRBZEFCaEFHd0FJZ0E2QUhRQWNnQjFBR1VBZlFBc0FIc0FJZ0JwQUhNQVF3QnZBRzRBZEFCaEFHa0FiZ0FpQURvQWRBQnlBSFVBWlFBc0FDSUFiZ0JoQUcwQVpRQWlBRG9BSWdCQ0FIVUFkQUI1QUNBQVFRQnRBR1VBY2dCcEFHTUFZUUJ1QUY4QUxRQXhBREVBTGdCcUFIQUFad0FpQUN3QUlnQndBSElBYVFCdUFIUUFjd0FpQURvQVd3QjdBQ0lBWmdCdkFISUFiUUJoQUhRQUlnQTZBREVBTEFBaUFIQUFZUUJ3QUdVQWNnQWlBRG9BTWdBc0FDSUFZUUJ0QUc4QWRRQnVBSFFBSWdBNkFEQUFmUUFzQUhzQUlnQm1BRzhBY2dCdEFHRUFkQUFpQURvQU1nQXNBQ0lBY0FCaEFIQUFaUUJ5QUNJQU9nQXlBQ3dBSWdCaEFHMEFid0IxQUc0QWRBQWlBRG9BTUFCOUFDd0Fld0FpQUdZQWJ3QnlBRzBBWVFCMEFDSUFPZ0F6QUN3QUlnQndBR0VBY0FCbEFISUFJZ0E2QURJQUxBQWlBR0VBYlFCdkFIVUFiZ0IwQUNJQU9nQXpBSDBBWFFBc0FDSUFhUUJ6QUVnQWJ3QnlBR2tBZWdCdkFHNEFkQUJoQUd3QUlnQTZBSFFBY2dCMUFHVUFmUUFzQUhzQUlnQnBBSE1BUXdCdkFHNEFkQUJoQUdrQWJnQWlBRG9BZEFCeUFIVUFaUUFzQUNJQWJnQmhBRzBBWlFBaUFEb0FJZ0JDQUhVQWRBQjVBQ0FBUVFCdEFHVUFjZ0JwQUdNQVlRQnVBRjhBTFFBeEFESUFMZ0JxQUhBQVp3QWlBQ3dBSWdCd0FISUFhUUJ1QUhRQWN3QWlBRG9BV3dCN0FDSUFaZ0J2QUhJQWJRQmhBSFFBSWdBNkFERUFMQUFpQUhBQVlRQndBR1VBY2dBaUFEb0FNZ0FzQUNJQVlRQnRBRzhBZFFCdUFIUUFJZ0E2QURBQWZRQXNBSHNBSWdCbUFHOEFjZ0J0QUdFQWRBQWlBRG9BTWdBc0FDSUFjQUJoQUhBQVpRQnlBQ0lBT2dBeUFDd0FJZ0JoQUcwQWJ3QjFBRzRBZEFBaUFEb0FNQUI5QUN3QWV3QWlBR1lBYndCeUFHMEFZUUIwQUNJQU9nQXpBQ3dBSWdCd0FHRUFjQUJsQUhJQUlnQTZBRElBTEFBaUFHRUFiUUJ2QUhVQWJnQjBBQ0lBT2dBekFIMEFYUUFzQUNJQWFRQnpBRWdBYndCeUFHa0FlZ0J2QUc0QWRBQmhBR3dBSWdBNkFIUUFjZ0IxQUdVQWZRQXNBSHNBSWdCcEFITUFRd0J2QUc0QWRBQmhBR2tBYmdBaUFEb0FkQUJ5QUhVQVpRQXNBQ0lBYmdCaEFHMEFaUUFpQURvQUlnQkNBSFVBZEFCNUFDQUFRUUJ0QUdVQWNnQnBBR01BWVFCdUFGOEFMUUF4QURNQUxnQnFBSEFBWndBaUFDd0FJZ0J3QUhJQWFRQnVBSFFBY3dBaUFEb0FXd0I3QUNJQVpnQnZBSElBYlFCaEFIUUFJZ0E2QURFQUxBQWlBSEFBWVFCd0FHVUFjZ0FpQURvQU1nQXNBQ0lBWVFCdEFHOEFkUUJ1QUhRQUlnQTZBREFBZlFBc0FIc0FJZ0JtQUc4QWNnQnRBR0VBZEFBaUFEb0FNZ0FzQUNJQWNBQmhBSEFBWlFCeUFDSUFPZ0F5QUN3QUlnQmhBRzBBYndCMUFHNEFkQUFpQURvQU1BQjlBQ3dBZXdBaUFHWUFid0J5QUcwQVlRQjBBQ0lBT2dBekFDd0FJZ0J3QUdFQWNBQmxBSElBSWdBNkFESUFMQUFpQUdFQWJRQnZBSFVBYmdCMEFDSUFPZ0F6QUgwQVhRQXNBQ0lBYVFCekFFZ0Fid0J5QUdrQWVnQnZBRzRBZEFCaEFHd0FJZ0E2QUhRQWNnQjFBR1VBZlFBc0FIc0FJZ0JwQUhNQVF3QnZBRzRBZEFCaEFHa0FiZ0FpQURvQWRBQnlBSFVBWlFBc0FDSUFiZ0JoQUcwQVpRQWlBRG9BSWdCQ0FIVUFkQUI1QUNBQVFRQnRBR1VBY2dCcEFHTUFZUUJ1QUY4QUxRQXhBRFFBTGdCcUFIQUFad0FpQUN3QUlnQndBSElBYVFCdUFIUUFjd0FpQURvQVd3QjdBQ0lBWmdCdkFISUFiUUJoQUhRQUlnQTZBREVBTEFBaUFIQUFZUUJ3QUdVQWNnQWlBRG9BTWdBc0FDSUFZUUJ0QUc4QWRRQnVBSFFBSWdBNkFEQUFmUUFzQUhzQUlnQm1BRzhBY2dCdEFHRUFkQUFpQURvQU1nQXNBQ0lBY0FCaEFIQUFaUUJ5QUNJQU9nQXlBQ3dBSWdCaEFHMEFid0IxQUc0QWRBQWlBRG9BTUFCOUFDd0Fld0FpQUdZQWJ3QnlBRzBBWVFCMEFDSUFPZ0F6QUN3QUlnQndBR0VBY0FCbEFISUFJZ0E2QURJQUxBQWlBR0VBYlFCdkFIVUFiZ0IwQUNJQU9nQXpBSDBBWFFBc0FDSUFhUUJ6QUVnQWJ3QnlBR2tBZWdCdkFHNEFkQUJoQUd3QUlnQTZBSFFBY2dCMUFHVUFmUUFzQUhzQUlnQnBBSE1BUXdCdkFHNEFkQUJoQUdrQWJnQWlBRG9BZEFCeUFIVUFaUUFzQUNJQWJnQmhBRzBBWlFBaUFEb0FJZ0JDQUhVQWRBQjVBQ0FBUVFCdEFHVUFjZ0JwQUdNQVlRQnVBRjhBTFFBeEFEVUFMZ0JxQUhBQVp3QWlBQ3dBSWdCd0FISUFhUUJ1QUhRQWN3QWlBRG9BV3dCN0FDSUFaZ0J2QUhJQWJRQmhBSFFBSWdBNkFERUFMQUFpQUhBQVlRQndBR1VBY2dBaUFEb0FNZ0FzQUNJQVlRQnRBRzhBZFFCdUFIUUFJZ0E2QURBQWZRQXNBSHNBSWdCbUFHOEFjZ0J0QUdFQWRBQWlBRG9BTWdBc0FDSUFjQUJoQUhBQVpRQnlBQ0lBT2dBeUFDd0FJZ0JoQUcwQWJ3QjFBRzRBZEFBaUFEb0FNQUI5QUN3QWV3QWlBR1lBYndCeUFHMEFZUUIwQUNJQU9nQXpBQ3dBSWdCd0FHRUFjQUJsQUhJQUlnQTZBRElBTEFBaUFHRUFiUUJ2QUhVQWJnQjBBQ0lBT2dBekFIMEFYUUFzQUNJQWFRQnpBRWdBYndCeUFHa0FlZ0J2QUc0QWRBQmhBR3dBSWdBNkFIUUFjZ0IxQUdVQWZRQXNBSHNBSWdCcEFITUFRd0J2QUc0QWRBQmhBR2tBYmdBaUFEb0FkQUJ5QUhVQVpRQXNBQ0lBYmdCaEFHMEFaUUFpQURvQUlnQkNBSFVBZEFCNUFDQUFRUUJ0QUdVQWNnQnBBR01BWVFCdUFGOEFMUUF4QURZQUxnQnFBSEFBWndBaUFDd0FJZ0J3QUhJQWFRQnVBSFFBY3dBaUFEb0FXd0I3QUNJQVpnQnZBSElBYlFCaEFIUUFJZ0E2QURFQUxBQWlBSEFBWVFCd0FHVUFjZ0FpQURvQU1nQXNBQ0lBWVFCdEFHOEFkUUJ1QUhRQUlnQTZBREFBZlFBc0FIc0FJZ0JtQUc4QWNnQnRBR0VBZEFBaUFEb0FNZ0FzQUNJQWNBQmhBSEFBWlFCeUFDSUFPZ0F5QUN3QUlnQmhBRzBBYndCMUFHNEFkQUFpQURvQU1BQjlBQ3dBZXdBaUFHWUFid0J5QUcwQVlRQjBBQ0lBT2dBekFDd0FJZ0J3QUdFQWNBQmxBSElBSWdBNkFESUFMQUFpQUdFQWJRQnZBSFVBYmdCMEFDSUFPZ0F6QUgwQVhRQXNBQ0lBYVFCekFFZ0Fid0J5QUdrQWVnQnZBRzRBZEFCaEFHd0FJZ0E2QUhRQWNnQjFBR1VBZlFBc0FIc0FJZ0JwQUhNQVF3QnZBRzRBZEFCaEFHa0FiZ0FpQURvQWRBQnlBSFVBWlFBc0FDSUFiZ0JoQUcwQVpRQWlBRG9BSWdCQ0FIVUFkQUI1QUNBQVFRQnRBR1VBY2dCcEFHTUFZUUJ1QUY4QUxRQXhBRGNBTGdCcUFIQUFad0FpQUN3QUlnQndBSElBYVFCdUFIUUFjd0FpQURvQVd3QjdBQ0lBWmdCdkFISUFiUUJoQUhRQUlnQTZBREVBTEFBaUFIQUFZUUJ3QUdVQWNnQWlBRG9BTWdBc0FDSUFZUUJ0QUc4QWRRQnVBSFFBSWdBNkFEQUFmUUFzQUhzQUlnQm1BRzhBY2dCdEFHRUFkQUFpQURvQU1nQXNBQ0lBY0FCaEFIQUFaUUJ5QUNJQU9nQXlBQ3dBSWdCaEFHMEFid0IxQUc0QWRBQWlBRG9BTUFCOUFDd0Fld0FpQUdZQWJ3QnlBRzBBWVFCMEFDSUFPZ0F6QUN3QUlnQndBR0VBY0FCbEFISUFJZ0E2QURJQUxBQWlBR0VBYlFCdkFIVUFiZ0IwQUNJQU9nQXpBSDBBWFFBc0FDSUFhUUJ6QUVnQWJ3QnlBR2tBZWdCdkFHNEFkQUJoQUd3QUlnQTZBSFFBY2dCMUFHVUFmUUFzQUhzQUlnQnBBSE1BUXdCdkFHNEFkQUJoQUdrQWJnQWlBRG9BZEFCeUFIVUFaUUFzQUNJQWJnQmhBRzBBWlFBaUFEb0FJZ0JDQUhVQWRBQjVBQ0FBUVFCdEFHVUFjZ0JwQUdNQVlRQnVBRjhBTFFBeEFEZ0FMZ0JxQUhBQVp3QWlBQ3dBSWdCd0FISUFhUUJ1QUhRQWN3QWlBRG9BV3dCN0FDSUFaZ0J2QUhJQWJRQmhBSFFBSWdBNkFERUFMQUFpQUhBQVlRQndBR1VBY2dBaUFEb0FNZ0FzQUNJQVlRQnRBRzhBZFFCdUFIUUFJZ0E2QURBQWZRQXNBSHNBSWdCbUFHOEFjZ0J0QUdFQWRBQWlBRG9BTWdBc0FDSUFjQUJoQUhBQVpRQnlBQ0lBT2dBeUFDd0FJZ0JoQUcwQWJ3QjFBRzRBZEFBaUFEb0FNQUI5QUN3QWV3QWlBR1lBYndCeUFHMEFZUUIwQUNJQU9nQXpBQ3dBSWdCd0FHRUFjQUJsQUhJQUlnQTZBRElBTEFBaUFHRUFiUUJ2QUhVQWJnQjBBQ0lBT2dBekFIMEFYUUFzQUNJQWFRQnpBRWdBYndCeUFHa0FlZ0J2QUc0QWRBQmhBR3dBSWdBNkFIUUFjZ0IxQUdVQWZRQXNBSHNBSWdCcEFITUFRd0J2QUc0QWRBQmhBR2tBYmdBaUFEb0FkQUJ5QUhVQVpRQXNBQ0lBYmdCaEFHMEFaUUFpQURvQUlnQkNBSFVBZEFCNUFDQUFRUUJ0QUdVQWNnQnBBR01BWVFCdUFGOEFMUUF4QURrQUxnQnFBSEFBWndBaUFDd0FJZ0J3QUhJQWFRQnVBSFFBY3dBaUFEb0FXd0I3QUNJQVpnQnZBSElBYlFCaEFIUUFJZ0E2QURFQUxBQWlBSEFBWVFCd0FHVUFjZ0FpQURvQU1nQXNBQ0lBWVFCdEFHOEFkUUJ1QUhRQUlnQTZBREFBZlFBc0FIc0FJZ0JtQUc4QWNnQnRBR0VBZEFBaUFEb0FNZ0FzQUNJQWNBQmhBSEFBWlFCeUFDSUFPZ0F5QUN3QUlnQmhBRzBBYndCMUFHNEFkQUFpQURvQU1BQjlBQ3dBZXdBaUFHWUFid0J5QUcwQVlRQjBBQ0lBT2dBekFDd0FJZ0J3QUdFQWNBQmxBSElBSWdBNkFESUFMQUFpQUdFQWJRQnZBSFVBYmdCMEFDSUFPZ0F6QUgwQVhRQXNBQ0lBYVFCekFFZ0Fid0J5QUdrQWVnQnZBRzRBZEFCaEFHd0FJZ0E2QUhRQWNnQjFBR1VBZlFBc0FIc0FJZ0JwQUhNQVF3QnZBRzRBZEFCaEFHa0FiZ0FpQURvQWRBQnlBSFVBWlFBc0FDSUFiZ0JoQUcwQVpRQWlBRG9BSWdCQ0FIVUFkQUI1QUNBQVFRQnRBR1VBY2dCcEFHTUFZUUJ1QUY4QUxRQXlBREFBTGdCcUFIQUFad0FpQUN3QUlnQndBSElBYVFCdUFIUUFjd0FpQURvQVd3QjdBQ0lBWmdCdkFISUFiUUJoQUhRQUlnQTZBREVBTEFBaUFIQUFZUUJ3QUdVQWNnQWlBRG9BTWdBc0FDSUFZUUJ0QUc4QWRRQnVBSFFBSWdBNkFEQUFmUUFzQUhzQUlnQm1BRzhBY2dCdEFHRUFkQUFpQURvQU1nQXNBQ0lBY0FCaEFIQUFaUUJ5QUNJQU9nQXlBQ3dBSWdCaEFHMEFid0IxQUc0QWRBQWlBRG9BTUFCOUFDd0Fld0FpQUdZQWJ3QnlBRzBBWVFCMEFDSUFPZ0F6QUN3QUlnQndBR0VBY0FCbEFISUFJZ0E2QURJQUxBQWlBR0VBYlFCdkFIVUFiZ0IwQUNJQU9nQXpBSDBBWFFBc0FDSUFhUUJ6QUVnQWJ3QnlBR2tBZWdCdkFHNEFkQUJoQUd3QUlnQTZBSFFBY2dCMUFHVUFmUUFzQUhzQUlnQnBBSE1BUXdCdkFHNEFkQUJoQUdrQWJnQWlBRG9BZEFCeUFIVUFaUUFzQUNJQWJnQmhBRzBBWlFBaUFEb0FJZ0JDQUhVQWRBQjVBQ0FBUVFCdEFHVUFjZ0JwQUdNQVlRQnVBRjhBTGdCcUFIQUFad0FpQUN3QUlnQndBSElBYVFCdUFIUUFjd0FpQURvQVd3QjdBQ0lBWmdCdkFISUFiUUJoQUhRQUlnQTZBREVBTEFBaUFIQUFZUUJ3QUdVQWNnQWlBRG9BTWdBc0FDSUFZUUJ0QUc4QWRRQnVBSFFBSWdBNkFEQUFmUUFzQUhzQUlnQm1BRzhBY2dCdEFHRUFkQUFpQURvQU1nQXNBQ0lBY0FCaEFIQUFaUUJ5QUNJQU9nQXlBQ3dBSWdCaEFHMEFid0IxQUc0QWRBQWlBRG9BTUFCOUFDd0Fld0FpQUdZQWJ3QnlBRzBBWVFCMEFDSUFPZ0F6QUN3QUlnQndBR0VBY0FCbEFISUFJZ0E2QURJQUxBQWlBR0VBYlFCdkFIVUFiZ0IwQUNJQU9nQXpBSDBBWFFBc0FDSUFhUUJ6QUVnQWJ3QnlBR2tBZWdCdkFHNEFkQUJoQUd3QUlnQTZBSFFBY2dCMUFHVUFmUUFzQUhzQUlnQnBBSE1BUXdCdkFHNEFkQUJoQUdrQWJnQWlBRG9BZEFCeUFIVUFaUUFzQUNJQWJnQmhBRzBBWlFBaUFEb0FJZ0JDQUhVQWRBQjVBQ0FBUVFCdEFHVUFjZ0JwQUdNQVlRQnVBRjhBTFFBeUFDNEFhZ0J3QUdjQUlnQXNBQ0lBY0FCeUFHa0FiZ0IwQUhNQUlnQTZBRnNBZXdBaUFHWUFid0J5QUcwQVlRQjBBQ0lBT2dBeEFDd0FJZ0J3QUdFQWNBQmxBSElBSWdBNkFESUFMQUFpQUdFQWJRQnZBSFVBYmdCMEFDSUFPZ0F3QUgwQUxBQjdBQ0lBWmdCdkFISUFiUUJoQUhRQUlnQTZBRElBTEFBaUFIQUFZUUJ3QUdVQWNnQWlBRG9BTWdBc0FDSUFZUUJ0QUc4QWRRQnVBSFFBSWdBNkFEQUFmUUFzQUhzQUlnQm1BRzhBY2dCdEFHRUFkQUFpQURvQU13QXNBQ0lBY0FCaEFIQUFaUUJ5QUNJQU9nQXlBQ3dBSWdCaEFHMEFid0IxQUc0QWRBQWlBRG9BTXdCOUFGMEFMQUFpQUdrQWN3QklBRzhBY2dCcEFIb0Fid0J1QUhRQVlRQnNBQ0lBT2dCMEFISUFkUUJsQUgwQUxBQjdBQ0lBYVFCekFFTUFid0J1QUhRQVlRQnBBRzRBSWdBNkFIUUFjZ0IxQUdVQUxBQWlBRzRBWVFCdEFHVUFJZ0E2QUNJQVFnQjFBSFFBZVFBZ0FFRUFiUUJsQUhJQWFRQmpBR0VBYmdCZkFDMEFNd0F1QUdvQWNBQm5BQ0lBTEFBaUFIQUFjZ0JwQUc0QWRBQnpBQ0lBT2dCYkFIc0FJZ0JtQUc4QWNnQnRBR0VBZEFBaUFEb0FNUUFzQUNJQWNBQmhBSEFBWlFCeUFDSUFPZ0F5QUN3QUlnQmhBRzBBYndCMUFHNEFkQUFpQURvQU1BQjlBQ3dBZXdBaUFHWUFid0J5QUcwQVlRQjBBQ0lBT2dBeUFDd0FJZ0J3QUdFQWNBQmxBSElBSWdBNkFESUFMQUFpQUdFQWJRQnZBSFVBYmdCMEFDSUFPZ0F3QUgwQUxBQjdBQ0lBWmdCdkFISUFiUUJoQUhRQUlnQTZBRE1BTEFBaUFIQUFZUUJ3QUdVQWNnQWlBRG9BTWdBc0FDSUFZUUJ0QUc4QWRRQnVBSFFBSWdBNkFETUFmUUJkQUN3QUlnQnBBSE1BU0FCdkFISUFhUUI2QUc4QWJnQjBBR0VBYkFBaUFEb0FkQUJ5QUhVQVpRQjlBQ3dBZXdBaUFHa0Fjd0JEQUc4QWJnQjBBR0VBYVFCdUFDSUFPZ0IwQUhJQWRRQmxBQ3dBSWdCdUFHRUFiUUJsQUNJQU9nQWlBRUlBZFFCMEFIa0FJQUJCQUcwQVpRQnlBR2tBWXdCaEFHNEFYd0F0QURRQUxnQnFBSEFBWndBaUFDd0FJZ0J3QUhJQWFRQnVBSFFBY3dBaUFEb0FXd0I3QUNJQVpnQnZBSElBYlFCaEFIUUFJZ0E2QURFQUxBQWlBSEFBWVFCd0FHVUFjZ0FpQURvQU1nQXNBQ0lBWVFCdEFHOEFkUUJ1QUhRQUlnQTZBREFBZlFBc0FIc0FJZ0JtQUc4QWNnQnRBR0VBZEFBaUFEb0FNZ0FzQUNJQWNBQmhBSEFBWlFCeUFDSUFPZ0F5QUN3QUlnQmhBRzBBYndCMUFHNEFkQUFpQURvQU1BQjlBQ3dBZXdBaUFHWUFid0J5QUcwQVlRQjBBQ0lBT2dBekFDd0FJZ0J3QUdFQWNBQmxBSElBSWdBNkFESUFMQUFpQUdFQWJRQnZBSFVBYmdCMEFDSUFPZ0F6QUgwQVhRQXNBQ0lBYVFCekFFZ0Fid0J5QUdrQWVnQnZBRzRBZEFCaEFHd0FJZ0E2QUhRQWNnQjFBR1VBZlFBc0FIc0FJZ0JwQUhNQVF3QnZBRzRBZEFCaEFHa0FiZ0FpQURvQWRBQnlBSFVBWlFBc0FDSUFiZ0JoQUcwQVpRQWlBRG9BSWdCQ0FIVUFkQUI1QUNBQVFRQnRBR1VBY2dCcEFHTUFZUUJ1QUY4QUxRQTFBQzRBYWdCd0FHY0FJZ0FzQUNJQWNBQnlBR2tBYmdCMEFITUFJZ0E2QUZzQWV3QWlBR1lBYndCeUFHMEFZUUIwQUNJQU9nQXhBQ3dBSWdCd0FHRUFjQUJsQUhJQUlnQTZBRElBTEFBaUFHRUFiUUJ2QUhVQWJnQjBBQ0lBT2dBd0FIMEFMQUI3QUNJQVpnQnZBSElBYlFCaEFIUUFJZ0E2QURJQUxBQWlBSEFBWVFCd0FHVUFjZ0FpQURvQU1nQXNBQ0lBWVFCdEFHOEFkUUJ1QUhRQUlnQTZBREFBZlFBc0FIc0FJZ0JtQUc4QWNnQnRBR0VBZEFBaUFEb0FNd0FzQUNJQWNBQmhBSEFBWlFCeUFDSUFPZ0F5QUN3QUlnQmhBRzBBYndCMUFHNEFkQUFpQURvQU13QjlBRjBBTEFBaUFHa0Fjd0JJQUc4QWNnQnBBSG9BYndCdUFIUUFZUUJzQUNJQU9nQjBBSElBZFFCbEFIMEFMQUI3QUNJQWFRQnpBRU1BYndCdUFIUUFZUUJwQUc0QUlnQTZBSFFBY2dCMUFHVUFMQUFpQUc0QVlRQnRBR1VBSWdBNkFDSUFRZ0IxQUhRQWVRQWdBRUVBYlFCbEFISUFhUUJqQUdFQWJnQmZBQzBBTmdBdUFHb0FjQUJuQUNJQUxBQWlBSEFBY2dCcEFHNEFkQUJ6QUNJQU9nQmJBSHNBSWdCbUFHOEFjZ0J0QUdFQWRBQWlBRG9BTVFBc0FDSUFjQUJoQUhBQVpRQnlBQ0lBT2dBeUFDd0FJZ0JoQUcwQWJ3QjFBRzRBZEFBaUFEb0FNQUI5QUN3QWV3QWlBR1lBYndCeUFHMEFZUUIwQUNJQU9nQXlBQ3dBSWdCd0FHRUFjQUJsQUhJQUlnQTZBRElBTEFBaUFHRUFiUUJ2QUhVQWJnQjBBQ0lBT2dBd0FIMEFMQUI3QUNJQVpnQnZBSElBYlFCaEFIUUFJZ0E2QURNQUxBQWlBSEFBWVFCd0FHVUFjZ0FpQURvQU1nQXNBQ0lBWVFCdEFHOEFkUUJ1QUhRQUlnQTZBRE1BZlFCZEFDd0FJZ0JwQUhNQVNBQnZBSElBYVFCNkFHOEFiZ0IwQUdFQWJBQWlBRG9BZEFCeUFIVUFaUUI5QUN3QWV3QWlBR2tBY3dCREFHOEFiZ0IwQUdFQWFRQnVBQ0lBT2dCMEFISUFkUUJsQUN3QUlnQnVBR0VBYlFCbEFDSUFPZ0FpQUVJQWRRQjBBSGtBSUFCQkFHMEFaUUJ5QUdrQVl3QmhBRzRBWHdBdEFEY0FMZ0JxQUhBQVp3QWlBQ3dBSWdCd0FISUFhUUJ1QUhRQWN3QWlBRG9BV3dCN0FDSUFaZ0J2QUhJQWJRQmhBSFFBSWdBNkFERUFMQUFpQUhBQVlRQndBR1VBY2dBaUFEb0FNZ0FzQUNJQVlRQnRBRzhBZFFCdUFIUUFJZ0E2QURBQWZRQXNBSHNBSWdCbUFHOEFjZ0J0QUdFQWRBQWlBRG9BTWdBc0FDSUFjQUJoQUhBQVpRQnlBQ0lBT2dBeUFDd0FJZ0JoQUcwQWJ3QjFBRzRBZEFBaUFEb0FNQUI5QUN3QWV3QWlBR1lBYndCeUFHMEFZUUIwQUNJQU9nQXpBQ3dBSWdCd0FHRUFjQUJsQUhJQUlnQTZBRElBTEFBaUFHRUFiUUJ2QUhVQWJnQjBBQ0lBT2dBekFIMEFYUUFzQUNJQWFRQnpBRWdBYndCeUFHa0FlZ0J2QUc0QWRBQmhBR3dBSWdBNkFIUUFjZ0IxQUdVQWZRQXNBSHNBSWdCcEFITUFRd0J2QUc0QWRBQmhBR2tBYmdBaUFEb0FkQUJ5QUhVQVpRQXNBQ0lBYmdCaEFHMEFaUUFpQURvQUlnQkNBSFVBZEFCNUFDQUFRUUJ0QUdVQWNnQnBBR01BWVFCdUFGOEFMUUE0QUM0QWFnQndBR2NBSWdBc0FDSUFjQUJ5QUdrQWJnQjBBSE1BSWdBNkFGc0Fld0FpQUdZQWJ3QnlBRzBBWVFCMEFDSUFPZ0F4QUN3QUlnQndBR0VBY0FCbEFISUFJZ0E2QURJQUxBQWlBR0VBYlFCdkFIVUFiZ0IwQUNJQU9nQXdBSDBBTEFCN0FDSUFaZ0J2QUhJQWJRQmhBSFFBSWdBNkFESUFMQUFpQUhBQVlRQndBR1VBY2dBaUFEb0FNZ0FzQUNJQVlRQnRBRzhBZFFCdUFIUUFJZ0E2QURBQWZRQXNBSHNBSWdCbUFHOEFjZ0J0QUdFQWRBQWlBRG9BTXdBc0FDSUFjQUJoQUhBQVpRQnlBQ0lBT2dBeUFDd0FJZ0JoQUcwQWJ3QjFBRzRBZEFBaUFEb0FNd0I5QUYwQUxBQWlBR2tBY3dCSUFHOEFjZ0JwQUhvQWJ3QnVBSFFBWVFCc0FDSUFPZ0IwQUhJQWRRQmxBSDBBTEFCN0FDSUFhUUJ6QUVNQWJ3QnVBSFFBWVFCcEFHNEFJZ0E2QUhRQWNnQjFBR1VBTEFBaUFHNEFZUUJ0QUdVQUlnQTZBQ0lBUWdCMUFIUUFlUUFnQUVFQWJRQmxBSElBYVFCakFHRUFiZ0JmQUMwQU9RQXVBR29BY0FCbkFDSUFMQUFpQUhBQWNnQnBBRzRBZEFCekFDSUFPZ0JiQUhzQUlnQm1BRzhBY2dCdEFHRUFkQUFpQURvQU1RQXNBQ0lBY0FCaEFIQUFaUUJ5QUNJQU9nQXlBQ3dBSWdCaEFHMEFid0IxQUc0QWRBQWlBRG9BTUFCOUFDd0Fld0FpQUdZQWJ3QnlBRzBBWVFCMEFDSUFPZ0F5QUN3QUlnQndBR0VBY0FCbEFISUFJZ0E2QURJQUxBQWlBR0VBYlFCdkFIVUFiZ0IwQUNJQU9nQXdBSDBBTEFCN0FDSUFaZ0J2QUhJQWJRQmhBSFFBSWdBNkFETUFMQUFpQUhBQVlRQndBR1VBY2dBaUFEb0FNZ0FzQUNJQVlRQnRBRzhBZFFCdUFIUUFJZ0E2QURNQWZRQmRBQ3dBSWdCcEFITUFTQUJ2QUhJQWFRQjZBRzhBYmdCMEFHRUFiQUFpQURvQWRBQnlBSFVBWlFCOUFDd0Fld0FpQUdrQWN3QkRBRzhBYmdCMEFHRUFhUUJ1QUNJQU9nQjBBSElBZFFCbEFDd0FJZ0J1QUdFQWJRQmxBQ0lBT2dBaUFFSUFkUUIwQUhrQUlBQkJBRzBBWlFCeUFHa0FZd0JoQUc0QVh3QXRBREVBTUFBdUFHb0FjQUJuQUNJQUxBQWlBSEFBY2dCcEFHNEFkQUJ6QUNJQU9nQmJBSHNBSWdCbUFHOEFjZ0J0QUdFQWRBQWlBRG9BTVFBc0FDSUFjQUJoQUhBQVpRQnlBQ0lBT2dBeUFDd0FJZ0JoQUcwQWJ3QjFBRzRBZEFBaUFEb0FNQUI5QUN3QWV3QWlBR1lBYndCeUFHMEFZUUIwQUNJQU9nQXlBQ3dBSWdCd0FHRUFjQUJsQUhJQUlnQTZBRElBTEFBaUFHRUFiUUJ2QUhVQWJnQjBBQ0lBT2dBd0FIMEFMQUI3QUNJQVpnQnZBSElBYlFCaEFIUUFJZ0E2QURNQUxBQWlBSEFBWVFCd0FHVUFjZ0FpQURvQU1nQXNBQ0lBWVFCdEFHOEFkUUJ1QUhRQUlnQTZBRE1BZlFCZEFDd0FJZ0JwQUhNQVNBQnZBSElBYVFCNkFHOEFiZ0IwQUdFQWJBQWlBRG9BZEFCeUFIVUFaUUI5QUN3QWV3QWlBR2tBY3dCREFHOEFiZ0IwQUdFQWFRQnVBQ0lBT2dCMEFISUFkUUJsQUN3QUlnQnVBR0VBYlFCbEFDSUFPZ0FpQUVJQWRRQjBBSGtBSUFCQkFHMEFaUUJ5QUdrQVl3QmhBRzRBWHdBdEFERUFNUUF1QUdvQWNBQm5BQ0lBTEFBaUFIQUFjZ0JwQUc0QWRBQnpBQ0lBT2dCYkFIc0FJZ0JtQUc4QWNnQnRBR0VBZEFBaUFEb0FNUUFzQUNJQWNBQmhBSEFBWlFCeUFDSUFPZ0F5QUN3QUlnQmhBRzBBYndCMUFHNEFkQUFpQURvQU1BQjlBQ3dBZXdBaUFHWUFid0J5QUcwQVlRQjBBQ0lBT2dBeUFDd0FJZ0J3QUdFQWNBQmxBSElBSWdBNkFESUFMQUFpQUdFQWJRQnZBSFVBYmdCMEFDSUFPZ0F3QUgwQUxBQjdBQ0lBWmdCdkFISUFiUUJoQUhRQUlnQTZBRE1BTEFBaUFIQUFZUUJ3QUdVQWNnQWlBRG9BTWdBc0FDSUFZUUJ0QUc4QWRRQnVBSFFBSWdBNkFETUFmUUJkQUN3QUlnQnBBSE1BU0FCdkFISUFhUUI2QUc4QWJnQjBBR0VBYkFBaUFEb0FkQUJ5QUhVQVpRQjlBQ3dBZXdBaUFHa0Fjd0JEQUc4QWJnQjBBR0VBYVFCdUFDSUFPZ0IwQUhJQWRRQmxBQ3dBSWdCdUFHRUFiUUJsQUNJQU9nQWlBRUlBZFFCMEFIa0FJQUJCQUcwQVpRQnlBR2tBWXdCaEFHNEFYd0F0QURFQU1nQXVBR29BY0FCbkFDSUFMQUFpQUhBQWNnQnBBRzRBZEFCekFDSUFPZ0JiQUhzQUlnQm1BRzhBY2dCdEFHRUFkQUFpQURvQU1RQXNBQ0lBY0FCaEFIQUFaUUJ5QUNJQU9nQXlBQ3dBSWdCaEFHMEFid0IxQUc0QWRBQWlBRG9BTUFCOUFDd0Fld0FpQUdZQWJ3QnlBRzBBWVFCMEFDSUFPZ0F5QUN3QUlnQndBR0VBY0FCbEFISUFJZ0E2QURJQUxBQWlBR0VBYlFCdkFIVUFiZ0IwQUNJQU9nQXdBSDBBTEFCN0FDSUFaZ0J2QUhJQWJRQmhBSFFBSWdBNkFETUFMQUFpQUhBQVlRQndBR1VBY2dBaUFEb0FNZ0FzQUNJQVlRQnRBRzhBZFFCdUFIUUFJZ0E2QURNQWZRQmRBQ3dBSWdCcEFITUFTQUJ2QUhJQWFRQjZBRzhBYmdCMEFHRUFiQUFpQURvQWRBQnlBSFVBWlFCOUFDd0Fld0FpQUdrQWN3QkRBRzhBYmdCMEFHRUFhUUJ1QUNJQU9nQjBBSElBZFFCbEFDd0FJZ0J1QUdFQWJRQmxBQ0lBT2dBaUFFSUFkUUIwQUhrQUlBQkJBRzBBWlFCeUFHa0FZd0JoQUc0QVh3QXRBREVBTXdBdUFHb0FjQUJuQUNJQUxBQWlBSEFBY2dCcEFHNEFkQUJ6QUNJQU9nQmJBSHNBSWdCbUFHOEFjZ0J0QUdFQWRBQWlBRG9BTVFBc0FDSUFjQUJoQUhBQVpRQnlBQ0lBT2dBeUFDd0FJZ0JoQUcwQWJ3QjFBRzRBZEFBaUFEb0FNQUI5QUN3QWV3QWlBR1lBYndCeUFHMEFZUUIwQUNJQU9nQXlBQ3dBSWdCd0FHRUFjQUJsQUhJQUlnQTZBRElBTEFBaUFHRUFiUUJ2QUhVQWJnQjBBQ0lBT2dBd0FIMEFMQUI3QUNJQVpnQnZBSElBYlFCaEFIUUFJZ0E2QURNQUxBQWlBSEFBWVFCd0FHVUFjZ0FpQURvQU1nQXNBQ0lBWVFCdEFHOEFkUUJ1QUhRQUlnQTZBRE1BZlFCZEFDd0FJZ0JwQUhNQVNBQnZBSElBYVFCNkFHOEFiZ0IwQUdFQWJBQWlBRG9BZEFCeUFIVUFaUUI5QUN3QWV3QWlBR2tBY3dCREFHOEFiZ0IwQUdFQWFRQnVBQ0lBT2dCMEFISUFkUUJsQUN3QUlnQnVBR0VBYlFCbEFDSUFPZ0FpQUVJQWRRQjBBSGtBSUFCQkFHMEFaUUJ5QUdrQVl3QmhBRzRBWHdBdEFERUFOQUF1QUdvQWNBQm5BQ0lBTEFBaUFIQUFjZ0JwQUc0QWRBQnpBQ0lBT2dCYkFIc0FJZ0JtQUc4QWNnQnRBR0VBZEFBaUFEb0FNUUFzQUNJQWNBQmhBSEFBWlFCeUFDSUFPZ0F5QUN3QUlnQmhBRzBBYndCMUFHNEFkQUFpQURvQU1BQjlBQ3dBZXdBaUFHWUFid0J5QUcwQVlRQjBBQ0lBT2dBeUFDd0FJZ0J3QUdFQWNBQmxBSElBSWdBNkFESUFMQUFpQUdFQWJRQnZBSFVBYmdCMEFDSUFPZ0F3QUgwQUxBQjdBQ0lBWmdCdkFISUFiUUJoQUhRQUlnQTZBRE1BTEFBaUFIQUFZUUJ3QUdVQWNnQWlBRG9BTWdBc0FDSUFZUUJ0QUc4QWRRQnVBSFFBSWdBNkFETUFmUUJkQUN3QUlnQnBBSE1BU0FCdkFISUFhUUI2QUc4QWJnQjBBR0VBYkFBaUFEb0FkQUJ5QUhVQVpRQjlBQ3dBZXdBaUFHa0Fjd0JEQUc4QWJnQjBBR0VBYVFCdUFDSUFPZ0IwQUhJQWRRQmxBQ3dBSWdCdUFHRUFiUUJsQUNJQU9nQWlBRUlBZFFCMEFIa0FJQUJCQUcwQVpRQnlBR2tBWXdCaEFHNEFYd0F0QURFQU5RQXVBR29BY0FCbkFDSUFMQUFpQUhBQWNnQnBBRzRBZEFCekFDSUFPZ0JiQUhzQUlnQm1BRzhBY2dCdEFHRUFkQUFpQURvQU1RQXNBQ0lBY0FCaEFIQUFaUUJ5QUNJQU9nQXlBQ3dBSWdCaEFHMEFid0IxQUc0QWRBQWlBRG9BTUFCOUFDd0Fld0FpQUdZQWJ3QnlBRzBBWVFCMEFDSUFPZ0F5QUN3QUlnQndBR0VBY0FCbEFISUFJZ0E2QURJQUxBQWlBR0VBYlFCdkFIVUFiZ0IwQUNJQU9nQXdBSDBBTEFCN0FDSUFaZ0J2QUhJQWJRQmhBSFFBSWdBNkFETUFMQUFpQUhBQVlRQndBR1VBY2dBaUFEb0FNZ0FzQUNJQVlRQnRBRzhBZFFCdUFIUUFJZ0E2QURNQWZRQmRBQ3dBSWdCcEFITUFTQUJ2QUhJQWFRQjZBRzhBYmdCMEFHRUFiQUFpQURvQWRBQnlBSFVBWlFCOUFDd0Fld0FpQUdrQWN3QkRBRzhBYmdCMEFHRUFhUUJ1QUNJQU9nQjBBSElBZFFCbEFDd0FJZ0J1QUdFQWJRQmxBQ0lBT2dBaUFFSUFkUUIwQUhrQUlBQkJBRzBBWlFCeUFHa0FZd0JoQUc0QVh3QXRBREVBTmdBdUFHb0FjQUJuQUNJQUxBQWlBSEFBY2dCcEFHNEFkQUJ6QUNJQU9nQmJBSHNBSWdCbUFHOEFjZ0J0QUdFQWRBQWlBRG9BTVFBc0FDSUFjQUJoQUhBQVpRQnlBQ0lBT2dBeUFDd0FJZ0JoQUcwQWJ3QjFBRzRBZEFBaUFEb0FNQUI5QUN3QWV3QWlBR1lBYndCeUFHMEFZUUIwQUNJQU9nQXlBQ3dBSWdCd0FHRUFjQUJsQUhJQUlnQTZBRElBTEFBaUFHRUFiUUJ2QUhVQWJnQjBBQ0lBT2dBd0FIMEFMQUI3QUNJQVpnQnZBSElBYlFCaEFIUUFJZ0E2QURNQUxBQWlBSEFBWVFCd0FHVUFjZ0FpQURvQU1nQXNBQ0lBWVFCdEFHOEFkUUJ1QUhRQUlnQTZBRE1BZlFCZEFDd0FJZ0JwQUhNQVNBQnZBSElBYVFCNkFHOEFiZ0IwQUdFQWJBQWlBRG9BZEFCeUFIVUFaUUI5QUN3QWV3QWlBR2tBY3dCREFHOEFiZ0IwQUdFQWFRQnVBQ0lBT2dCMEFISUFkUUJsQUN3QUlnQnVBR0VBYlFCbEFDSUFPZ0FpQUVJQWRRQjBBSGtBSUFCQkFHMEFaUUJ5QUdrQVl3QmhBRzRBWHdBdEFERUFOd0F1QUdvQWNBQm5BQ0lBTEFBaUFIQUFjZ0JwQUc0QWRBQnpBQ0lBT2dCYkFIc0FJZ0JtQUc4QWNnQnRBR0VBZEFBaUFEb0FNUUFzQUNJQWNBQmhBSEFBWlFCeUFDSUFPZ0F5QUN3QUlnQmhBRzBBYndCMUFHNEFkQUFpQURvQU1BQjlBQ3dBZXdBaUFHWUFid0J5QUcwQVlRQjBBQ0lBT2dBeUFDd0FJZ0J3QUdFQWNBQmxBSElBSWdBNkFESUFMQUFpQUdFQWJRQnZBSFVBYmdCMEFDSUFPZ0F3QUgwQUxBQjdBQ0lBWmdCdkFISUFiUUJoQUhRQUlnQTZBRE1BTEFBaUFIQUFZUUJ3QUdVQWNnQWlBRG9BTWdBc0FDSUFZUUJ0QUc4QWRRQnVBSFFBSWdBNkFETUFmUUJkQUN3QUlnQnBBSE1BU0FCdkFISUFhUUI2QUc4QWJnQjBBR0VBYkFBaUFEb0FkQUJ5QUhVQVpRQjlBQ3dBZXdBaUFHa0Fjd0JEQUc4QWJnQjBBR0VBYVFCdUFDSUFPZ0IwQUhJQWRRQmxBQ3dBSWdCdUFHRUFiUUJsQUNJQU9nQWlBRUlBZFFCMEFIa0FJQUJCQUcwQVpRQnlBR2tBWXdCaEFHNEFYd0F0QURFQU9BQXVBR29BY0FCbkFDSUFMQUFpQUhBQWNnQnBBRzRBZEFCekFDSUFPZ0JiQUhzQUlnQm1BRzhBY2dCdEFHRUFkQUFpQURvQU1RQXNBQ0lBY0FCaEFIQUFaUUJ5QUNJQU9nQXlBQ3dBSWdCaEFHMEFid0IxQUc0QWRBQWlBRG9BTUFCOUFDd0Fld0FpQUdZQWJ3QnlBRzBBWVFCMEFDSUFPZ0F5QUN3QUlnQndBR0VBY0FCbEFISUFJZ0E2QURJQUxBQWlBR0VBYlFCdkFIVUFiZ0IwQUNJQU9nQXdBSDBBTEFCN0FDSUFaZ0J2QUhJQWJRQmhBSFFBSWdBNkFETUFMQUFpQUhBQVlRQndBR1VBY2dBaUFEb0FNZ0FzQUNJQVlRQnRBRzhBZFFCdUFIUUFJZ0E2QURNQWZRQmRBQ3dBSWdCcEFITUFTQUJ2QUhJQWFRQjZBRzhBYmdCMEFHRUFiQUFpQURvQWRBQnlBSFVBWlFCOUFDd0Fld0FpQUdrQWN3QkRBRzhBYmdCMEFHRUFhUUJ1QUNJQU9nQjBBSElBZFFCbEFDd0FJZ0J1QUdFQWJRQmxBQ0lBT2dBaUFFSUFkUUIwQUhrQUlBQkJBRzBBWlFCeUFHa0FZd0JoQUc0QVh3QXRBREVBT1FBdUFHb0FjQUJuQUNJQUxBQWlBSEFBY2dCcEFHNEFkQUJ6QUNJQU9nQmJBSHNBSWdCbUFHOEFjZ0J0QUdFQWRBQWlBRG9BTVFBc0FDSUFjQUJoQUhBQVpRQnlBQ0lBT2dBeUFDd0FJZ0JoQUcwQWJ3QjFBRzRBZEFBaUFEb0FNQUI5QUN3QWV3QWlBR1lBYndCeUFHMEFZUUIwQUNJQU9nQXlBQ3dBSWdCd0FHRUFjQUJsQUhJQUlnQTZBRElBTEFBaUFHRUFiUUJ2QUhVQWJnQjBBQ0lBT2dBd0FIMEFMQUI3QUNJQVpnQnZBSElBYlFCaEFIUUFJZ0E2QURNQUxBQWlBSEFBWVFCd0FHVUFjZ0FpQURvQU1nQXNBQ0lBWVFCdEFHOEFkUUJ1QUhRQUlnQTZBRE1BZlFCZEFDd0FJZ0JwQUhNQVNBQnZBSElBYVFCNkFHOEFiZ0IwQUdFQWJBQWlBRG9BZEFCeUFIVUFaUUI5QUN3QWV3QWlBR2tBY3dCREFHOEFiZ0IwQUdFQWFRQnVBQ0lBT2dCMEFISUFkUUJsQUN3QUlnQnVBR0VBYlFCbEFDSUFPZ0FpQUVJQWRRQjBBSGtBSUFCQkFHMEFaUUJ5QUdrQVl3QmhBRzRBWHdBdEFESUFNQUF1QUdvQWNBQm5BQ0lBTEFBaUFIQUFjZ0JwQUc0QWRBQnpBQ0lBT2dCYkFIc0FJZ0JtQUc4QWNnQnRBR0VBZEFBaUFEb0FNUUFzQUNJQWNBQmhBSEFBWlFCeUFDSUFPZ0F5QUN3QUlnQmhBRzBBYndCMUFHNEFkQUFpQURvQU1BQjlBQ3dBZXdBaUFHWUFid0J5QUcwQVlRQjBBQ0lBT2dBeUFDd0FJZ0J3QUdFQWNBQmxBSElBSWdBNkFESUFMQUFpQUdFQWJRQnZBSFVBYmdCMEFDSUFPZ0F3QUgwQUxBQjdBQ0lBWmdCdkFISUFiUUJoQUhRQUlnQTZBRE1BTEFBaUFIQUFZUUJ3QUdVQWNnQWlBRG9BTWdBc0FDSUFZUUJ0QUc4QWRRQnVBSFFBSWdBNkFETUFmUUJkQUN3QUlnQnBBSE1BU0FCdkFISUFhUUI2QUc4QWJnQjBBR0VBYkFBaUFEb0FkQUJ5QUhVQVpRQjlBQ3dBZXdBaUFHa0Fjd0JEQUc4QWJnQjBBR0VBYVFCdUFDSUFPZ0IwQUhJQWRRQmxBQ3dBSWdCdUFHRUFiUUJsQUNJQU9nQWlBRUlBZFFCMEFIa0FJQUJCQUcwQVpRQnlBR2tBWXdCaEFHNEFYd0F1QUdvQWNBQm5BQ0lBTEFBaUFIQUFjZ0JwQUc0QWRBQnpBQ0lBT2dCYkFIc0FJZ0JtQUc4QWNnQnRBR0VBZEFBaUFEb0FNUUFzQUNJQWNBQmhBSEFBWlFCeUFDSUFPZ0F5QUN3QUlnQmhBRzBBYndCMUFHNEFkQUFpQURvQU1BQjlBQ3dBZXdBaUFHWUFid0J5QUcwQVlRQjBBQ0lBT2dBeUFDd0FJZ0J3QUdFQWNBQmxBSElBSWdBNkFESUFMQUFpQUdFQWJRQnZBSFVBYmdCMEFDSUFPZ0F3QUgwQUxBQjdBQ0lBWmdCdkFISUFiUUJoQUhRQUlnQTZBRE1BTEFBaUFIQUFZUUJ3QUdVQWNnQWlBRG9BTWdBc0FDSUFZUUJ0QUc4QWRRQnVBSFFBSWdBNkFETUFmUUJkQUN3QUlnQnBBSE1BU0FCdkFISUFhUUI2QUc4QWJnQjBBR0VBYkFBaUFEb0FkQUJ5QUhVQVpRQjlBQ3dBZXdBaUFHa0Fjd0JEQUc4QWJnQjBBR0VBYVFCdUFDSUFPZ0IwQUhJQWRRQmxBQ3dBSWdCdUFHRUFiUUJsQUNJQU9nQWlBRUlBZFFCMEFIa0FJQUJCQUcwQVpRQnlBR2tBWXdCaEFHNEFYd0F0QURJQUxnQnFBSEFBWndBaUFDd0FJZ0J3QUhJQWFRQnVBSFFBY3dBaUFEb0FXd0I3QUNJQVpnQnZBSElBYlFCaEFIUUFJZ0E2QURFQUxBQWlBSEFBWVFCd0FHVUFjZ0FpQURvQU1nQXNBQ0lBWVFCdEFHOEFkUUJ1QUhRQUlnQTZBREFBZlFBc0FIc0FJZ0JtQUc4QWNnQnRBR0VBZEFBaUFEb0FNZ0FzQUNJQWNBQmhBSEFBWlFCeUFDSUFPZ0F5QUN3QUlnQmhBRzBBYndCMUFHNEFkQUFpQURvQU1BQjlBQ3dBZXdBaUFHWUFid0J5QUcwQVlRQjBBQ0lBT2dBekFDd0FJZ0J3QUdFQWNBQmxBSElBSWdBNkFESUFMQUFpQUdFQWJRQnZBSFVBYmdCMEFDSUFPZ0F6QUgwQVhRQXNBQ0lBYVFCekFFZ0Fid0J5QUdrQWVnQnZBRzRBZEFCaEFHd0FJZ0E2QUhRQWNnQjFBR1VBZlFBc0FIc0FJZ0JwQUhNQVF3QnZBRzRBZEFCaEFHa0FiZ0FpQURvQWRBQnlBSFVBWlFBc0FDSUFiZ0JoQUcwQVpRQWlBRG9BSWdCQ0FIVUFkQUI1QUNBQVFRQnRBR1VBY2dCcEFHTUFZUUJ1QUY4QUxRQXpBQzRBYWdCd0FHY0FJZ0FzQUNJQWNBQnlBR2tBYmdCMEFITUFJZ0E2QUZzQWV3QWlBR1lBYndCeUFHMEFZUUIwQUNJQU9nQXhBQ3dBSWdCd0FHRUFjQUJsQUhJQUlnQTZBRElBTEFBaUFHRUFiUUJ2QUhVQWJnQjBBQ0lBT2dBd0FIMEFMQUI3QUNJQVpnQnZBSElBYlFCaEFIUUFJZ0E2QURJQUxBQWlBSEFBWVFCd0FHVUFjZ0FpQURvQU1nQXNBQ0lBWVFCdEFHOEFkUUJ1QUhRQUlnQTZBREFBZlFBc0FIc0FJZ0JtQUc4QWNnQnRBR0VBZEFBaUFEb0FNd0FzQUNJQWNBQmhBSEFBWlFCeUFDSUFPZ0F5QUN3QUlnQmhBRzBBYndCMUFHNEFkQUFpQURvQU13QjlBRjBBTEFBaUFHa0Fjd0JJQUc4QWNnQnBBSG9BYndCdUFIUUFZUUJzQUNJQU9nQjBBSElBZFFCbEFIMEFMQUI3QUNJQWFRQnpBRU1BYndCdUFIUUFZUUJwQUc0QUlnQTZBSFFBY2dCMUFHVUFMQUFpQUc0QVlRQnRBR1VBSWdBNkFDSUFRZ0IxQUhRQWVRQWdBRUVBYlFCbEFISUFhUUJqQUdFQWJnQmZBQzBBTkFBdUFHb0FjQUJuQUNJQUxBQWlBSEFBY2dCcEFHNEFkQUJ6QUNJQU9nQmJBSHNBSWdCbUFHOEFjZ0J0QUdFQWRBQWlBRG9BTVFBc0FDSUFjQUJoQUhBQVpRQnlBQ0lBT2dBeUFDd0FJZ0JoQUcwQWJ3QjFBRzRBZEFBaUFEb0FNQUI5QUN3QWV3QWlBR1lBYndCeUFHMEFZUUIwQUNJQU9nQXlBQ3dBSWdCd0FHRUFjQUJsQUhJQUlnQTZBRElBTEFBaUFHRUFiUUJ2QUhVQWJnQjBBQ0lBT2dBd0FIMEFMQUI3QUNJQVpnQnZBSElBYlFCaEFIUUFJZ0E2QURNQUxBQWlBSEFBWVFCd0FHVUFjZ0FpQURvQU1nQXNBQ0lBWVFCdEFHOEFkUUJ1QUhRQUlnQTZBRE1BZlFCZEFDd0FJZ0JwQUhNQVNBQnZBSElBYVFCNkFHOEFiZ0IwQUdFQWJBQWlBRG9BZEFCeUFIVUFaUUI5QUN3QWV3QWlBR2tBY3dCREFHOEFiZ0IwQUdFQWFRQnVBQ0lBT2dCMEFISUFkUUJsQUN3QUlnQnVBR0VBYlFCbEFDSUFPZ0FpQUVJQWRRQjBBSGtBSUFCQkFHMEFaUUJ5QUdrQVl3QmhBRzRBWHdBdEFEVUFMZ0JxQUhBQVp3QWlBQ3dBSWdCd0FISUFhUUJ1QUhRQWN3QWlBRG9BV3dCN0FDSUFaZ0J2QUhJQWJRQmhBSFFBSWdBNkFERUFMQUFpQUhBQVlRQndBR1VBY2dBaUFEb0FNZ0FzQUNJQVlRQnRBRzhBZFFCdUFIUUFJZ0E2QURBQWZRQXNBSHNBSWdCbUFHOEFjZ0J0QUdFQWRBQWlBRG9BTWdBc0FDSUFjQUJoQUhBQVpRQnlBQ0lBT2dBeUFDd0FJZ0JoQUcwQWJ3QjFBRzRBZEFBaUFEb0FNQUI5QUN3QWV3QWlBR1lBYndCeUFHMEFZUUIwQUNJQU9nQXpBQ3dBSWdCd0FHRUFjQUJsQUhJQUlnQTZBRElBTEFBaUFHRUFiUUJ2QUhVQWJnQjBBQ0lBT2dBekFIMEFYUUFzQUNJQWFRQnpBRWdBYndCeUFHa0FlZ0J2QUc0QWRBQmhBR3dBSWdBNkFIUUFjZ0IxQUdVQWZRQXNBSHNBSWdCcEFITUFRd0J2QUc0QWRBQmhBR2tBYmdBaUFEb0FkQUJ5QUhVQVpRQXNBQ0lBYmdCaEFHMEFaUUFpQURvQUlnQkNBSFVBZEFCNUFDQUFRUUJ0QUdVQWNnQnBBR01BWVFCdUFGOEFMUUEyQUM0QWFnQndBR2NBSWdBc0FDSUFjQUJ5QUdrQWJnQjBBSE1BSWdBNkFGc0Fld0FpQUdZQWJ3QnlBRzBBWVFCMEFDSUFPZ0F4QUN3QUlnQndBR0VBY0FCbEFISUFJZ0E2QURJQUxBQWlBR0VBYlFCdkFIVUFiZ0IwQUNJQU9nQXdBSDBBTEFCN0FDSUFaZ0J2QUhJQWJRQmhBSFFBSWdBNkFESUFMQUFpQUhBQVlRQndBR1VBY2dBaUFEb0FNZ0FzQUNJQVlRQnRBRzhBZFFCdUFIUUFJZ0E2QURBQWZRQXNBSHNBSWdCbUFHOEFjZ0J0QUdFQWRBQWlBRG9BTXdBc0FDSUFjQUJoQUhBQVpRQnlBQ0lBT2dBeUFDd0FJZ0JoQUcwQWJ3QjFBRzRBZEFBaUFEb0FNd0I5QUYwQUxBQWlBR2tBY3dCSUFHOEFjZ0JwQUhvQWJ3QnVBSFFBWVFCc0FDSUFPZ0IwQUhJQWRRQmxBSDBBTEFCN0FDSUFhUUJ6QUVNQWJ3QnVBSFFBWVFCcEFHNEFJZ0E2QUhRQWNnQjFBR1VBTEFBaUFHNEFZUUJ0QUdVQUlnQTZBQ0lBUWdCMUFIUUFlUUFnQUVFQWJRQmxBSElBYVFCakFHRUFiZ0JmQUMwQU53QXVBR29BY0FCbkFDSUFMQUFpQUhBQWNnQnBBRzRBZEFCekFDSUFPZ0JiQUhzQUlnQm1BRzhBY2dCdEFHRUFkQUFpQURvQU1RQXNBQ0lBY0FCaEFIQUFaUUJ5QUNJQU9nQXlBQ3dBSWdCaEFHMEFid0IxQUc0QWRBQWlBRG9BTUFCOUFDd0Fld0FpQUdZQWJ3QnlBRzBBWVFCMEFDSUFPZ0F5QUN3QUlnQndBR0VBY0FCbEFISUFJZ0E2QURJQUxBQWlBR0VBYlFCdkFIVUFiZ0IwQUNJQU9nQXdBSDBBTEFCN0FDSUFaZ0J2QUhJQWJRQmhBSFFBSWdBNkFETUFMQUFpQUhBQVlRQndBR1VBY2dBaUFEb0FNZ0FzQUNJQVlRQnRBRzhBZFFCdUFIUUFJZ0E2QURNQWZRQmRBQ3dBSWdCcEFITUFTQUJ2QUhJQWFRQjZBRzhBYmdCMEFHRUFiQUFpQURvQWRBQnlBSFVBWlFCOUFDd0Fld0FpQUdrQWN3QkRBRzhBYmdCMEFHRUFhUUJ1QUNJQU9nQjBBSElBZFFCbEFDd0FJZ0J1QUdFQWJRQmxBQ0lBT2dBaUFFSUFkUUIwQUhrQUlBQkJBRzBBWlFCeUFHa0FZd0JoQUc0QVh3QXRBRGdBTGdCcUFIQUFad0FpQUN3QUlnQndBSElBYVFCdUFIUUFjd0FpQURvQVd3QjdBQ0lBWmdCdkFISUFiUUJoQUhRQUlnQTZBREVBTEFBaUFIQUFZUUJ3QUdVQWNnQWlBRG9BTWdBc0FDSUFZUUJ0QUc4QWRRQnVBSFFBSWdBNkFEQUFmUUFzQUhzQUlnQm1BRzhBY2dCdEFHRUFkQUFpQURvQU1nQXNBQ0lBY0FCaEFIQUFaUUJ5QUNJQU9nQXlBQ3dBSWdCaEFHMEFid0IxQUc0QWRBQWlBRG9BTUFCOUFDd0Fld0FpQUdZQWJ3QnlBRzBBWVFCMEFDSUFPZ0F6QUN3QUlnQndBR0VBY0FCbEFISUFJZ0E2QURJQUxBQWlBR0VBYlFCdkFIVUFiZ0IwQUNJQU9nQXpBSDBBWFFBc0FDSUFhUUJ6QUVnQWJ3QnlBR2tBZWdCdkFHNEFkQUJoQUd3QUlnQTZBSFFBY2dCMUFHVUFmUUFzQUhzQUlnQnBBSE1BUXdCdkFHNEFkQUJoQUdrQWJnQWlBRG9BZEFCeUFIVUFaUUFzQUNJQWJnQmhBRzBBWlFBaUFEb0FJZ0JDQUhVQWRBQjVBQ0FBUVFCdEFHVUFjZ0JwQUdNQVlRQnVBRjhBTFFBNUFDNEFhZ0J3QUdjQUlnQXNBQ0lBY0FCeUFHa0FiZ0IwQUhNQUlnQTZBRnNBZXdBaUFHWUFid0J5QUcwQVlRQjBBQ0lBT2dBeEFDd0FJZ0J3QUdFQWNBQmxBSElBSWdBNkFESUFMQUFpQUdFQWJRQnZBSFVBYmdCMEFDSUFPZ0F3QUgwQUxBQjdBQ0lBWmdCdkFISUFiUUJoQUhRQUlnQTZBRElBTEFBaUFIQUFZUUJ3QUdVQWNnQWlBRG9BTWdBc0FDSUFZUUJ0QUc4QWRRQnVBSFFBSWdBNkFEQUFmUUFzQUhzQUlnQm1BRzhBY2dCdEFHRUFkQUFpQURvQU13QXNBQ0lBY0FCaEFIQUFaUUJ5QUNJQU9nQXlBQ3dBSWdCaEFHMEFid0IxQUc0QWRBQWlBRG9BTXdCOUFGMEFMQUFpQUdrQWN3QklBRzhBY2dCcEFIb0Fid0J1QUhRQVlRQnNBQ0lBT2dCMEFISUFkUUJsQUgwQUxBQjdBQ0lBYVFCekFFTUFid0J1QUhRQVlRQnBBRzRBSWdBNkFIUUFjZ0IxQUdVQUxBQWlBRzRBWVFCdEFHVUFJZ0E2QUNJQVFnQjFBSFFBZVFBZ0FFRUFiUUJsQUhJQWFRQmpBR0VBYmdCZkFDMEFNUUF3QUM0QWFnQndBR2NBSWdBc0FDSUFjQUJ5QUdrQWJnQjBBSE1BSWdBNkFGc0Fld0FpQUdZQWJ3QnlBRzBBWVFCMEFDSUFPZ0F4QUN3QUlnQndBR0VBY0FCbEFISUFJZ0E2QURJQUxBQWlBR0VBYlFCdkFIVUFiZ0IwQUNJQU9nQXdBSDBBTEFCN0FDSUFaZ0J2QUhJQWJRQmhBSFFBSWdBNkFESUFMQUFpQUhBQVlRQndBR1VBY2dBaUFEb0FNZ0FzQUNJQVlRQnRBRzhBZFFCdUFIUUFJZ0E2QURBQWZRQXNBSHNBSWdCbUFHOEFjZ0J0QUdFQWRBQWlBRG9BTXdBc0FDSUFjQUJoQUhBQVpRQnlBQ0lBT2dBeUFDd0FJZ0JoQUcwQWJ3QjFBRzRBZEFBaUFEb0FNd0I5QUYwQUxBQWlBR2tBY3dCSUFHOEFjZ0JwQUhvQWJ3QnVBSFFBWVFCc0FDSUFPZ0IwQUhJQWRRQmxBSDBBTEFCN0FDSUFhUUJ6QUVNQWJ3QnVBSFFBWVFCcEFHNEFJZ0E2QUhRQWNnQjFBR1VBTEFBaUFHNEFZUUJ0QUdVQUlnQTZBQ0lBUWdCMUFIUUFlUUFnQUVFQWJRQmxBSElBYVFCakFHRUFiZ0JmQUMwQU1RQXhBQzRBYWdCd0FHY0FJZ0FzQUNJQWNBQnlBR2tBYmdCMEFITUFJZ0E2QUZzQWV3QWlBR1lBYndCeUFHMEFZUUIwQUNJQU9nQXhBQ3dBSWdCd0FHRUFjQUJsQUhJQUlnQTZBRElBTEFBaUFHRUFiUUJ2QUhVQWJnQjBBQ0lBT2dBd0FIMEFMQUI3QUNJQVpnQnZBSElBYlFCaEFIUUFJZ0E2QURJQUxBQWlBSEFBWVFCd0FHVUFjZ0FpQURvQU1nQXNBQ0lBWVFCdEFHOEFkUUJ1QUhRQUlnQTZBREFBZlFBc0FIc0FJZ0JtQUc4QWNnQnRBR0VBZEFBaUFEb0FNd0FzQUNJQWNBQmhBSEFBWlFCeUFDSUFPZ0F5QUN3QUlnQmhBRzBBYndCMUFHNEFkQUFpQURvQU13QjlBRjBBTEFBaUFHa0Fjd0JJQUc4QWNnQnBBSG9BYndCdUFIUUFZUUJzQUNJQU9nQjBBSElBZFFCbEFIMEFMQUI3QUNJQWFRQnpBRU1BYndCdUFIUUFZUUJwQUc0QUlnQTZBSFFBY2dCMUFHVUFMQUFpQUc0QVlRQnRBR1VBSWdBNkFDSUFRZ0IxQUhRQWVRQWdBRUVBYlFCbEFISUFhUUJqQUdFQWJnQmZBQzBBTVFBeUFDNEFhZ0J3QUdjQUlnQXNBQ0lBY0FCeUFHa0FiZ0IwQUhNQUlnQTZBRnNBZXdBaUFHWUFid0J5QUcwQVlRQjBBQ0lBT2dBeEFDd0FJZ0J3QUdFQWNBQmxBSElBSWdBNkFESUFMQUFpQUdFQWJRQnZBSFVBYmdCMEFDSUFPZ0F3QUgwQUxBQjdBQ0lBWmdCdkFISUFiUUJoQUhRQUlnQTZBRElBTEFBaUFIQUFZUUJ3QUdVQWNnQWlBRG9BTWdBc0FDSUFZUUJ0QUc4QWRRQnVBSFFBSWdBNkFEQUFmUUFzQUhzQUlnQm1BRzhBY2dCdEFHRUFkQUFpQURvQU13QXNBQ0lBY0FCaEFIQUFaUUJ5QUNJQU9nQXlBQ3dBSWdCaEFHMEFid0IxQUc0QWRBQWlBRG9BTXdCOUFGMEFMQUFpQUdrQWN3QklBRzhBY2dCcEFIb0Fid0J1QUhRQVlRQnNBQ0lBT2dCMEFISUFkUUJsQUgwQUxBQjdBQ0lBYVFCekFFTUFid0J1QUhRQVlRQnBBRzRBSWdBNkFIUUFjZ0IxQUdVQUxBQWlBRzRBWVFCdEFHVUFJZ0E2QUNJQVFnQjFBSFFBZVFBZ0FFRUFiUUJsQUhJQWFRQmpBR0VBYmdCZkFDMEFNUUF6QUM0QWFnQndBR2NBSWdBc0FDSUFjQUJ5QUdrQWJnQjBBSE1BSWdBNkFGc0Fld0FpQUdZQWJ3QnlBRzBBWVFCMEFDSUFPZ0F4QUN3QUlnQndBR0VBY0FCbEFISUFJZ0E2QURJQUxBQWlBR0VBYlFCdkFIVUFiZ0IwQUNJQU9nQXdBSDBBTEFCN0FDSUFaZ0J2QUhJQWJRQmhBSFFBSWdBNkFESUFMQUFpQUhBQVlRQndBR1VBY2dBaUFEb0FNZ0FzQUNJQVlRQnRBRzhBZFFCdUFIUUFJZ0E2QURBQWZRQXNBSHNBSWdCbUFHOEFjZ0J0QUdFQWRBQWlBRG9BTXdBc0FDSUFjQUJoQUhBQVpRQnlBQ0lBT2dBeUFDd0FJZ0JoQUcwQWJ3QjFBRzRBZEFBaUFEb0FNd0I5QUYwQUxBQWlBR2tBY3dCSUFHOEFjZ0JwQUhvQWJ3QnVBSFFBWVFCc0FDSUFPZ0IwQUhJQWRRQmxBSDBBTEFCN0FDSUFhUUJ6QUVNQWJ3QnVBSFFBWVFCcEFHNEFJZ0E2QUhRQWNnQjFBR1VBTEFBaUFHNEFZUUJ0QUdVQUlnQTZBQ0lBUWdCMUFIUUFlUUFnQUVFQWJRQmxBSElBYVFCakFHRUFiZ0JmQUMwQU1RQTBBQzRBYWdCd0FHY0FJZ0FzQUNJQWNBQnlBR2tBYmdCMEFITUFJZ0E2QUZzQWV3QWlBR1lBYndCeUFHMEFZUUIwQUNJQU9nQXhBQ3dBSWdCd0FHRUFjQUJsQUhJQUlnQTZBRElBTEFBaUFHRUFiUUJ2QUhVQWJnQjBBQ0lBT2dBd0FIMEFMQUI3QUNJQVpnQnZBSElBYlFCaEFIUUFJZ0E2QURJQUxBQWlBSEFBWVFCd0FHVUFjZ0FpQURvQU1nQXNBQ0lBWVFCdEFHOEFkUUJ1QUhRQUlnQTZBREFBZlFBc0FIc0FJZ0JtQUc4QWNnQnRBR0VBZEFBaUFEb0FNd0FzQUNJQWNBQmhBSEFBWlFCeUFDSUFPZ0F5QUN3QUlnQmhBRzBBYndCMUFHNEFkQUFpQURvQU13QjlBRjBBTEFBaUFHa0Fjd0JJQUc4QWNnQnBBSG9BYndCdUFIUUFZUUJzQUNJQU9nQjBBSElBZFFCbEFIMEFMQUI3QUNJQWFRQnpBRU1BYndCdUFIUUFZUUJwQUc0QUlnQTZBSFFBY2dCMUFHVUFMQUFpQUc0QVlRQnRBR1VBSWdBNkFDSUFRZ0IxQUhRQWVRQWdBRUVBYlFCbEFISUFhUUJqQUdFQWJnQmZBQzBBTVFBMUFDNEFhZ0J3QUdjQUlnQXNBQ0lBY0FCeUFHa0FiZ0IwQUhNQUlnQTZBRnNBZXdBaUFHWUFid0J5QUcwQVlRQjBBQ0lBT2dBeEFDd0FJZ0J3QUdFQWNBQmxBSElBSWdBNkFESUFMQUFpQUdFQWJRQnZBSFVBYmdCMEFDSUFPZ0F3QUgwQUxBQjdBQ0lBWmdCdkFISUFiUUJoQUhRQUlnQTZBRElBTEFBaUFIQUFZUUJ3QUdVQWNnQWlBRG9BTWdBc0FDSUFZUUJ0QUc4QWRRQnVBSFFBSWdBNkFEQUFmUUFzQUhzQUlnQm1BRzhBY2dCdEFHRUFkQUFpQURvQU13QXNBQ0lBY0FCaEFIQUFaUUJ5QUNJQU9nQXlBQ3dBSWdCaEFHMEFid0IxQUc0QWRBQWlBRG9BTXdCOUFGMEFMQUFpQUdrQWN3QklBRzhBY2dCcEFIb0Fid0J1QUhRQVlRQnNBQ0lBT2dCMEFISUFkUUJsQUgwQUxBQjdBQ0lBYVFCekFFTUFid0J1QUhRQVlRQnBBRzRBSWdBNkFIUUFjZ0IxQUdVQUxBQWlBRzRBWVFCdEFHVUFJZ0E2QUNJQVFnQjFBSFFBZVFBZ0FFRUFiUUJsQUhJQWFRQmpBR0VBYmdCZkFDMEFNUUEyQUM0QWFnQndBR2NBSWdBc0FDSUFjQUJ5QUdrQWJnQjBBSE1BSWdBNkFGc0Fld0FpQUdZQWJ3QnlBRzBBWVFCMEFDSUFPZ0F4QUN3QUlnQndBR0VBY0FCbEFISUFJZ0E2QURJQUxBQWlBR0VBYlFCdkFIVUFiZ0IwQUNJQU9nQXdBSDBBTEFCN0FDSUFaZ0J2QUhJQWJRQmhBSFFBSWdBNkFESUFMQUFpQUhBQVlRQndBR1VBY2dBaUFEb0FNZ0FzQUNJQVlRQnRBRzhBZFFCdUFIUUFJZ0E2QURBQWZRQXNBSHNBSWdCbUFHOEFjZ0J0QUdFQWRBQWlBRG9BTXdBc0FDSUFjQUJoQUhBQVpRQnlBQ0lBT2dBeUFDd0FJZ0JoQUcwQWJ3QjFBRzRBZEFBaUFEb0FNd0I5QUYwQUxBQWlBR2tBY3dCSUFHOEFjZ0JwQUhvQWJ3QnVBSFFBWVFCc0FDSUFPZ0IwQUhJQWRRQmxBSDBBTEFCN0FDSUFhUUJ6QUVNQWJ3QnVBSFFBWVFCcEFHNEFJZ0E2QUhRQWNnQjFBR1VBTEFBaUFHNEFZUUJ0QUdVQUlnQTZBQ0lBUWdCMUFIUUFlUUFnQUVFQWJRQmxBSElBYVFCakFHRUFiZ0JmQUMwQU1RQTNBQzRBYWdCd0FHY0FJZ0FzQUNJQWNBQnlBR2tBYmdCMEFITUFJZ0E2QUZzQWV3QWlBR1lBYndCeUFHMEFZUUIwQUNJQU9nQXhBQ3dBSWdCd0FHRUFjQUJsQUhJQUlnQTZBRElBTEFBaUFHRUFiUUJ2QUhVQWJnQjBBQ0lBT2dBd0FIMEFMQUI3QUNJQVpnQnZBSElBYlFCaEFIUUFJZ0E2QURJQUxBQWlBSEFBWVFCd0FHVUFjZ0FpQURvQU1nQXNBQ0lBWVFCdEFHOEFkUUJ1QUhRQUlnQTZBREFBZlFBc0FIc0FJZ0JtQUc4QWNnQnRBR0VBZEFBaUFEb0FNd0FzQUNJQWNBQmhBSEFBWlFCeUFDSUFPZ0F5QUN3QUlnQmhBRzBBYndCMUFHNEFkQUFpQURvQU13QjlBRjBBTEFBaUFHa0Fjd0JJQUc4QWNnQnBBSG9BYndCdUFIUUFZUUJzQUNJQU9nQjBBSElBZFFCbEFIMEFMQUI3QUNJQWFRQnpBRU1BYndCdUFIUUFZUUJwQUc0QUlnQTZBSFFBY2dCMUFHVUFMQUFpQUc0QVlRQnRBR1VBSWdBNkFDSUFRZ0IxQUhRQWVRQWdBRUVBYlFCbEFISUFhUUJqQUdFQWJnQmZBQzBBTVFBNEFDNEFhZ0J3QUdjQUlnQXNBQ0lBY0FCeUFHa0FiZ0IwQUhNQUlnQTZBRnNBZXdBaUFHWUFid0J5QUcwQVlRQjBBQ0lBT2dBeEFDd0FJZ0J3QUdFQWNBQmxBSElBSWdBNkFESUFMQUFpQUdFQWJRQnZBSFVBYmdCMEFDSUFPZ0F3QUgwQUxBQjdBQ0lBWmdCdkFISUFiUUJoQUhRQUlnQTZBRElBTEFBaUFIQUFZUUJ3QUdVQWNnQWlBRG9BTWdBc0FDSUFZUUJ0QUc4QWRRQnVBSFFBSWdBNkFEQUFmUUFzQUhzQUlnQm1BRzhBY2dCdEFHRUFkQUFpQURvQU13QXNBQ0lBY0FCaEFIQUFaUUJ5QUNJQU9nQXlBQ3dBSWdCaEFHMEFid0IxQUc0QWRBQWlBRG9BTXdCOUFGMEFMQUFpQUdrQWN3QklBRzhBY2dCcEFIb0Fid0J1QUhRQVlRQnNBQ0lBT2dCMEFISUFkUUJsQUgwQUxBQjdBQ0lBYVFCekFFTUFid0J1QUhRQVlRQnBBRzRBSWdBNkFIUUFjZ0IxQUdVQUxBQWlBRzRBWVFCdEFHVUFJZ0E2QUNJQVFnQjFBSFFBZVFBZ0FFRUFiUUJsQUhJQWFRQmpBR0VBYmdCZkFDMEFNUUE1QUM0QWFnQndBR2NBSWdBc0FDSUFjQUJ5QUdrQWJnQjBBSE1BSWdBNkFGc0Fld0FpQUdZQWJ3QnlBRzBBWVFCMEFDSUFPZ0F4QUN3QUlnQndBR0VBY0FCbEFISUFJZ0E2QURJQUxBQWlBR0VBYlFCdkFIVUFiZ0IwQUNJQU9nQXdBSDBBTEFCN0FDSUFaZ0J2QUhJQWJRQmhBSFFBSWdBNkFESUFMQUFpQUhBQVlRQndBR1VBY2dBaUFEb0FNZ0FzQUNJQVlRQnRBRzhBZFFCdUFIUUFJZ0E2QURBQWZRQXNBSHNBSWdCbUFHOEFjZ0J0QUdFQWRBQWlBRG9BTXdBc0FDSUFjQUJoQUhBQVpRQnlBQ0lBT2dBeUFDd0FJZ0JoQUcwQWJ3QjFBRzRBZEFBaUFEb0FNd0I5QUYwQUxBQWlBR2tBY3dCSUFHOEFjZ0JwQUhvQWJ3QnVBSFFBWVFCc0FDSUFPZ0IwQUhJQWRRQmxBSDBBTEFCN0FDSUFhUUJ6QUVNQWJ3QnVBSFFBWVFCcEFHNEFJZ0E2QUhRQWNnQjFBR1VBTEFBaUFHNEFZUUJ0QUdVQUlnQTZBQ0lBUWdCMUFIUUFlUUFnQUVFQWJRQmxBSElBYVFCakFHRUFiZ0JmQUMwQU1nQXdBQzRBYWdCd0FHY0FJZ0FzQUNJQWNBQnlBR2tBYmdCMEFITUFJZ0E2QUZzQWV3QWlBR1lBYndCeUFHMEFZUUIwQUNJQU9nQXhBQ3dBSWdCd0FHRUFjQUJsQUhJQUlnQTZBRElBTEFBaUFHRUFiUUJ2QUhVQWJnQjBBQ0lBT2dBd0FIMEFMQUI3QUNJQVpnQnZBSElBYlFCaEFIUUFJZ0E2QURJQUxBQWlBSEFBWVFCd0FHVUFjZ0FpQURvQU1nQXNBQ0lBWVFCdEFHOEFkUUJ1QUhRQUlnQTZBREFBZlFBc0FIc0FJZ0JtQUc4QWNnQnRBR0VBZEFBaUFEb0FNd0FzQUNJQWNBQmhBSEFBWlFCeUFDSUFPZ0F5QUN3QUlnQmhBRzBBYndCMUFHNEFkQUFpQURvQU13QjlBRjBBTEFBaUFHa0Fjd0JJQUc4QWNnQnBBSG9BYndCdUFIUUFZUUJzQUNJQU9nQjBBSElBZFFCbEFIMEFMQUI3QUNJQWFRQnpBRU1BYndCdUFIUUFZUUJwQUc0QUlnQTZBSFFBY2dCMUFHVUFMQUFpQUc0QVlRQnRBR1VBSWdBNkFDSUFRZ0IxQUhRQWVRQWdBRUVBYlFCbEFISUFhUUJqQUdFQWJnQmZBQzRBYWdCd0FHY0FJZ0FzQUNJQWNBQnlBR2tBYmdCMEFITUFJZ0E2QUZzQWV3QWlBR1lBYndCeUFHMEFZUUIwQUNJQU9nQXhBQ3dBSWdCd0FHRUFjQUJsQUhJQUlnQTZBRElBTEFBaUFHRUFiUUJ2QUhVQWJnQjBBQ0lBT2dBd0FIMEFMQUI3QUNJQVpnQnZBSElBYlFCaEFIUUFJZ0E2QURJQUxBQWlBSEFBWVFCd0FHVUFjZ0FpQURvQU1nQXNBQ0lBWVFCdEFHOEFkUUJ1QUhRQUlnQTZBREFBZlFBc0FIc0FJZ0JtQUc4QWNnQnRBR0VBZEFBaUFEb0FNd0FzQUNJQWNBQmhBSEFBWlFCeUFDSUFPZ0F5QUN3QUlnQmhBRzBBYndCMUFHNEFkQUFpQURvQU13QjlBRjBBTEFBaUFHa0Fjd0JJQUc4QWNnQnBBSG9BYndCdUFIUUFZUUJzQUNJQU9nQjBBSElBZFFCbEFIMEFMQUI3QUNJQWFRQnpBRU1BYndCdUFIUUFZUUJwQUc0QUlnQTZBSFFBY2dCMUFHVUFMQUFpQUc0QVlRQnRBR1VBSWdBNkFDSUFRZ0IxQUhRQWVRQWdBRUVBYlFCbEFISUFhUUJqQUdFQWJnQmZBQzBBTWdBdUFHb0FjQUJuQUNJQUxBQWlBSEFBY2dCcEFHNEFkQUJ6QUNJQU9nQmJBSHNBSWdCbUFHOEFjZ0J0QUdFQWRBQWlBRG9BTVFBc0FDSUFjQUJoQUhBQVpRQnlBQ0lBT2dBeUFDd0FJZ0JoQUcwQWJ3QjFBRzRBZEFBaUFEb0FNQUI5QUN3QWV3QWlBR1lBYndCeUFHMEFZUUIwQUNJQU9nQXlBQ3dBSWdCd0FHRUFjQUJsQUhJQUlnQTZBRElBTEFBaUFHRUFiUUJ2QUhVQWJnQjBBQ0lBT2dBd0FIMEFMQUI3QUNJQVpnQnZBSElBYlFCaEFIUUFJZ0E2QURNQUxBQWlBSEFBWVFCd0FHVUFjZ0FpQURvQU1nQXNBQ0lBWVFCdEFHOEFkUUJ1QUhRQUlnQTZBRE1BZlFCZEFDd0FJZ0JwQUhNQVNBQnZBSElBYVFCNkFHOEFiZ0IwQUdFQWJBQWlBRG9BZEFCeUFIVUFaUUI5QUN3QWV3QWlBR2tBY3dCREFHOEFiZ0IwQUdFQWFRQnVBQ0lBT2dCMEFISUFkUUJsQUN3QUlnQnVBR0VBYlFCbEFDSUFPZ0FpQUVJQWRRQjBBSGtBSUFCQkFHMEFaUUJ5QUdrQVl3QmhBRzRBWHdBdEFETUFMZ0JxQUhBQVp3QWlBQ3dBSWdCd0FISUFhUUJ1QUhRQWN3QWlBRG9BV3dCN0FDSUFaZ0J2QUhJQWJRQmhBSFFBSWdBNkFERUFMQUFpQUhBQVlRQndBR1VBY2dBaUFEb0FNZ0FzQUNJQVlRQnRBRzhBZFFCdUFIUUFJZ0E2QURBQWZRQXNBSHNBSWdCbUFHOEFjZ0J0QUdFQWRBQWlBRG9BTWdBc0FDSUFjQUJoQUhBQVpRQnlBQ0lBT2dBeUFDd0FJZ0JoQUcwQWJ3QjFBRzRBZEFBaUFEb0FNQUI5QUN3QWV3QWlBR1lBYndCeUFHMEFZUUIwQUNJQU9nQXpBQ3dBSWdCd0FHRUFjQUJsQUhJQUlnQTZBRElBTEFBaUFHRUFiUUJ2QUhVQWJnQjBBQ0lBT2dBekFIMEFYUUFzQUNJQWFRQnpBRWdBYndCeUFHa0FlZ0J2QUc0QWRBQmhBR3dBSWdBNkFIUUFjZ0IxQUdVQWZRQXNBSHNBSWdCcEFITUFRd0J2QUc0QWRBQmhBR2tBYmdBaUFEb0FkQUJ5QUhVQVpRQXNBQ0lBYmdCaEFHMEFaUUFpQURvQUlnQkNBSFVBZEFCNUFDQUFRUUJ0QUdVQWNnQnBBR01BWVFCdUFGOEFMUUEwQUM0QWFnQndBR2NBSWdBc0FDSUFjQUJ5QUdrQWJnQjBBSE1BSWdBNkFGc0Fld0FpQUdZQWJ3QnlBRzBBWVFCMEFDSUFPZ0F4QUN3QUlnQndBR0VBY0FCbEFISUFJZ0E2QURJQUxBQWlBR0VBYlFCdkFIVUFiZ0IwQUNJQU9nQXdBSDBBTEFCN0FDSUFaZ0J2QUhJQWJRQmhBSFFBSWdBNkFESUFMQUFpQUhBQVlRQndBR1VBY2dBaUFEb0FNZ0FzQUNJQVlRQnRBRzhBZFFCdUFIUUFJZ0E2QURBQWZRQXNBSHNBSWdCbUFHOEFjZ0J0QUdFQWRBQWlBRG9BTXdBc0FDSUFjQUJoQUhBQVpRQnlBQ0lBT2dBeUFDd0FJZ0JoQUcwQWJ3QjFBRzRBZEFBaUFEb0FNd0I5QUYwQUxBQWlBR2tBY3dCSUFHOEFjZ0JwQUhvQWJ3QnVBSFFBWVFCc0FDSUFPZ0IwQUhJQWRRQmxBSDBBTEFCN0FDSUFhUUJ6QUVNQWJ3QnVBSFFBWVFCcEFHNEFJZ0E2QUhRQWNnQjFBR1VBTEFBaUFHNEFZUUJ0QUdVQUlnQTZBQ0lBUWdCMUFIUUFlUUFnQUVFQWJRQmxBSElBYVFCakFHRUFiZ0JmQUMwQU5RQXVBR29BY0FCbkFDSUFMQUFpQUhBQWNnQnBBRzRBZEFCekFDSUFPZ0JiQUhzQUlnQm1BRzhBY2dCdEFHRUFkQUFpQURvQU1RQXNBQ0lBY0FCaEFIQUFaUUJ5QUNJQU9nQXlBQ3dBSWdCaEFHMEFid0IxQUc0QWRBQWlBRG9BTUFCOUFDd0Fld0FpQUdZQWJ3QnlBRzBBWVFCMEFDSUFPZ0F5QUN3QUlnQndBR0VBY0FCbEFISUFJZ0E2QURJQUxBQWlBR0VBYlFCdkFIVUFiZ0IwQUNJQU9nQXdBSDBBTEFCN0FDSUFaZ0J2QUhJQWJRQmhBSFFBSWdBNkFETUFMQUFpQUhBQVlRQndBR1VBY2dBaUFEb0FNZ0FzQUNJQVlRQnRBRzhBZFFCdUFIUUFJZ0E2QURNQWZRQmRBQ3dBSWdCcEFITUFTQUJ2QUhJQWFRQjZBRzhBYmdCMEFHRUFiQUFpQURvQWRBQnlBSFVBWlFCOUFDd0Fld0FpQUdrQWN3QkRBRzhBYmdCMEFHRUFhUUJ1QUNJQU9nQjBBSElBZFFCbEFDd0FJZ0J1QUdFQWJRQmxBQ0lBT2dBaUFFSUFkUUIwQUhrQUlBQkJBRzBBWlFCeUFHa0FZd0JoQUc0QVh3QXRBRFlBTGdCcUFIQUFad0FpQUN3QUlnQndBSElBYVFCdUFIUUFjd0FpQURvQVd3QjdBQ0lBWmdCdkFISUFiUUJoQUhRQUlnQTZBREVBTEFBaUFIQUFZUUJ3QUdVQWNnQWlBRG9BTWdBc0FDSUFZUUJ0QUc4QWRRQnVBSFFBSWdBNkFEQUFmUUFzQUhzQUlnQm1BRzhBY2dCdEFHRUFkQUFpQURvQU1nQXNBQ0lBY0FCaEFIQUFaUUJ5QUNJQU9nQXlBQ3dBSWdCaEFHMEFid0IxQUc0QWRBQWlBRG9BTUFCOUFDd0Fld0FpQUdZQWJ3QnlBRzBBWVFCMEFDSUFPZ0F6QUN3QUlnQndBR0VBY0FCbEFISUFJZ0E2QURJQUxBQWlBR0VBYlFCdkFIVUFiZ0IwQUNJQU9nQXpBSDBBWFFBc0FDSUFhUUJ6QUVnQWJ3QnlBR2tBZWdCdkFHNEFkQUJoQUd3QUlnQTZBSFFBY2dCMUFHVUFmUUFzQUhzQUlnQnBBSE1BUXdCdkFHNEFkQUJoQUdrQWJnQWlBRG9BZEFCeUFIVUFaUUFzQUNJQWJnQmhBRzBBWlFBaUFEb0FJZ0JDQUhVQWRBQjVBQ0FBUVFCdEFHVUFjZ0JwQUdNQVlRQnVBRjhBTFFBM0FDNEFhZ0J3QUdjQUlnQXNBQ0lBY0FCeUFHa0FiZ0IwQUhNQUlnQTZBRnNBZXdBaUFHWUFid0J5QUcwQVlRQjBBQ0lBT2dBeEFDd0FJZ0J3QUdFQWNBQmxBSElBSWdBNkFESUFMQUFpQUdFQWJRQnZBSFVBYmdCMEFDSUFPZ0F3QUgwQUxBQjdBQ0lBWmdCdkFISUFiUUJoQUhRQUlnQTZBRElBTEFBaUFIQUFZUUJ3QUdVQWNnQWlBRG9BTWdBc0FDSUFZUUJ0QUc4QWRRQnVBSFFBSWdBNkFEQUFmUUFzQUhzQUlnQm1BRzhBY2dCdEFHRUFkQUFpQURvQU13QXNBQ0lBY0FCaEFIQUFaUUJ5QUNJQU9nQXlBQ3dBSWdCaEFHMEFid0IxQUc0QWRBQWlBRG9BTXdCOUFGMEFMQUFpQUdrQWN3QklBRzhBY2dCcEFIb0Fid0J1QUhRQVlRQnNBQ0lBT2dCMEFISUFkUUJsQUgwQUxBQjdBQ0lBYVFCekFFTUFid0J1QUhRQVlRQnBBRzRBSWdBNkFIUUFjZ0IxQUdVQUxBQWlBRzRBWVFCdEFHVUFJZ0E2QUNJQVFnQjFBSFFBZVFBZ0FFRUFiUUJsQUhJQWFRQmpBR0VBYmdCZkFDMEFPQUF1QUdvQWNBQm5BQ0lBTEFBaUFIQUFjZ0JwQUc0QWRBQnpBQ0lBT2dCYkFIc0FJZ0JtQUc4QWNnQnRBR0VBZEFBaUFEb0FNUUFzQUNJQWNBQmhBSEFBWlFCeUFDSUFPZ0F5QUN3QUlnQmhBRzBBYndCMUFHNEFkQUFpQURvQU1BQjlBQ3dBZXdBaUFHWUFid0J5QUcwQVlRQjBBQ0lBT2dBeUFDd0FJZ0J3QUdFQWNBQmxBSElBSWdBNkFESUFMQUFpQUdFQWJRQnZBSFVBYmdCMEFDSUFPZ0F3QUgwQUxBQjdBQ0lBWmdCdkFISUFiUUJoQUhRQUlnQTZBRE1BTEFBaUFIQUFZUUJ3QUdVQWNnQWlBRG9BTWdBc0FDSUFZUUJ0QUc4QWRRQnVBSFFBSWdBNkFETUFmUUJkQUN3QUlnQnBBSE1BU0FCdkFISUFhUUI2QUc4QWJnQjBBR0VBYkFBaUFEb0FkQUJ5QUhVQVpRQjlBQ3dBZXdBaUFHa0Fjd0JEQUc4QWJnQjBBR0VBYVFCdUFDSUFPZ0IwQUhJQWRRQmxBQ3dBSWdCdUFHRUFiUUJsQUNJQU9nQWlBRUlBZFFCMEFIa0FJQUJCQUcwQVpRQnlBR2tBWXdCaEFHNEFYd0F0QURrQUxnQnFBSEFBWndBaUFDd0FJZ0J3QUhJQWFRQnVBSFFBY3dBaUFEb0FXd0I3QUNJQVpnQnZBSElBYlFCaEFIUUFJZ0E2QURFQUxBQWlBSEFBWVFCd0FHVUFjZ0FpQURvQU1nQXNBQ0lBWVFCdEFHOEFkUUJ1QUhRQUlnQTZBREFBZlFBc0FIc0FJZ0JtQUc4QWNnQnRBR0VBZEFBaUFEb0FNZ0FzQUNJQWNBQmhBSEFBWlFCeUFDSUFPZ0F5QUN3QUlnQmhBRzBBYndCMUFHNEFkQUFpQURvQU1BQjlBQ3dBZXdBaUFHWUFid0J5QUcwQVlRQjBBQ0lBT2dBekFDd0FJZ0J3QUdFQWNBQmxBSElBSWdBNkFESUFMQUFpQUdFQWJRQnZBSFVBYmdCMEFDSUFPZ0F6QUgwQVhRQXNBQ0lBYVFCekFFZ0Fid0J5QUdrQWVnQnZBRzRBZEFCaEFHd0FJZ0E2QUhRQWNnQjFBR1VBZlFBc0FIc0FJZ0JwQUhNQVF3QnZBRzRBZEFCaEFHa0FiZ0FpQURvQWRBQnlBSFVBWlFBc0FDSUFiZ0JoQUcwQVpRQWlBRG9BSWdCQ0FIVUFkQUI1QUNBQVFRQnRBR1VBY2dCcEFHTUFZUUJ1QUY4QUxRQXhBREFBTGdCcUFIQUFad0FpQUN3QUlnQndBSElBYVFCdUFIUUFjd0FpQURvQVd3QjdBQ0lBWmdCdkFISUFiUUJoQUhRQUlnQTZBREVBTEFBaUFIQUFZUUJ3QUdVQWNnQWlBRG9BTWdBc0FDSUFZUUJ0QUc4QWRRQnVBSFFBSWdBNkFEQUFmUUFzQUhzQUlnQm1BRzhBY2dCdEFHRUFkQUFpQURvQU1nQXNBQ0lBY0FCaEFIQUFaUUJ5QUNJQU9nQXlBQ3dBSWdCaEFHMEFid0IxQUc0QWRBQWlBRG9BTUFCOUFDd0Fld0FpQUdZQWJ3QnlBRzBBWVFCMEFDSUFPZ0F6QUN3QUlnQndBR0VBY0FCbEFISUFJZ0E2QURJQUxBQWlBR0VBYlFCdkFIVUFiZ0IwQUNJQU9nQXpBSDBBWFFBc0FDSUFhUUJ6QUVnQWJ3QnlBR2tBZWdCdkFHNEFkQUJoQUd3QUlnQTZBSFFBY2dCMUFHVUFmUUFzQUhzQUlnQnBBSE1BUXdCdkFHNEFkQUJoQUdrQWJnQWlBRG9BZEFCeUFIVUFaUUFzQUNJQWJnQmhBRzBBWlFBaUFEb0FJZ0JDQUhVQWRBQjVBQ0FBUVFCdEFHVUFjZ0JwQUdNQVlRQnVBRjhBTFFBeEFERUFMZ0JxQUhBQVp3QWlBQ3dBSWdCd0FISUFhUUJ1QUhRQWN3QWlBRG9BV3dCN0FDSUFaZ0J2QUhJQWJRQmhBSFFBSWdBNkFERUFMQUFpQUhBQVlRQndBR1VBY2dBaUFEb0FNZ0FzQUNJQVlRQnRBRzhBZFFCdUFIUUFJZ0E2QURBQWZRQXNBSHNBSWdCbUFHOEFjZ0J0QUdFQWRBQWlBRG9BTWdBc0FDSUFjQUJoQUhBQVpRQnlBQ0lBT2dBeUFDd0FJZ0JoQUcwQWJ3QjFBRzRBZEFBaUFEb0FNQUI5QUN3QWV3QWlBR1lBYndCeUFHMEFZUUIwQUNJQU9nQXpBQ3dBSWdCd0FHRUFjQUJsQUhJQUlnQTZBRElBTEFBaUFHRUFiUUJ2QUhVQWJnQjBBQ0lBT2dBekFIMEFYUUFzQUNJQWFRQnpBRWdBYndCeUFHa0FlZ0J2QUc0QWRBQmhBR3dBSWdBNkFIUUFjZ0IxQUdVQWZRQXNBSHNBSWdCcEFITUFRd0J2QUc0QWRBQmhBR2tBYmdBaUFEb0FkQUJ5QUhVQVpRQXNBQ0lBYmdCaEFHMEFaUUFpQURvQUlnQkNBSFVBZEFCNUFDQUFRUUJ0QUdVQWNnQnBBR01BWVFCdUFGOEFMUUF4QURJQUxnQnFBSEFBWndBaUFDd0FJZ0J3QUhJQWFRQnVBSFFBY3dBaUFEb0FXd0I3QUNJQVpnQnZBSElBYlFCaEFIUUFJZ0E2QURFQUxBQWlBSEFBWVFCd0FHVUFjZ0FpQURvQU1nQXNBQ0lBWVFCdEFHOEFkUUJ1QUhRQUlnQTZBREFBZlFBc0FIc0FJZ0JtQUc4QWNnQnRBR0VBZEFBaUFEb0FNZ0FzQUNJQWNBQmhBSEFBWlFCeUFDSUFPZ0F5QUN3QUlnQmhBRzBBYndCMUFHNEFkQUFpQURvQU1BQjlBQ3dBZXdBaUFHWUFid0J5QUcwQVlRQjBBQ0lBT2dBekFDd0FJZ0J3QUdFQWNBQmxBSElBSWdBNkFESUFMQUFpQUdFQWJRQnZBSFVBYmdCMEFDSUFPZ0F6QUgwQVhRQXNBQ0lBYVFCekFFZ0Fid0J5QUdrQWVnQnZBRzRBZEFCaEFHd0FJZ0E2QUhRQWNnQjFBR1VBZlFBc0FIc0FJZ0JwQUhNQVF3QnZBRzRBZEFCaEFHa0FiZ0FpQURvQWRBQnlBSFVBWlFBc0FDSUFiZ0JoQUcwQVpRQWlBRG9BSWdCQ0FIVUFkQUI1QUNBQVFRQnRBR1VBY2dCcEFHTUFZUUJ1QUY4QUxRQXhBRE1BTGdCcUFIQUFad0FpQUN3QUlnQndBSElBYVFCdUFIUUFjd0FpQURvQVd3QjdBQ0lBWmdCdkFISUFiUUJoQUhRQUlnQTZBREVBTEFBaUFIQUFZUUJ3QUdVQWNnQWlBRG9BTWdBc0FDSUFZUUJ0QUc4QWRRQnVBSFFBSWdBNkFEQUFmUUFzQUhzQUlnQm1BRzhBY2dCdEFHRUFkQUFpQURvQU1nQXNBQ0lBY0FCaEFIQUFaUUJ5QUNJQU9nQXlBQ3dBSWdCaEFHMEFid0IxQUc0QWRBQWlBRG9BTUFCOUFDd0Fld0FpQUdZQWJ3QnlBRzBBWVFCMEFDSUFPZ0F6QUN3QUlnQndBR0VBY0FCbEFISUFJZ0E2QURJQUxBQWlBR0VBYlFCdkFIVUFiZ0IwQUNJQU9nQXpBSDBBWFFBc0FDSUFhUUJ6QUVnQWJ3QnlBR2tBZWdCdkFHNEFkQUJoQUd3QUlnQTZBSFFBY2dCMUFHVUFmUUFzQUhzQUlnQnBBSE1BUXdCdkFHNEFkQUJoQUdrQWJnQWlBRG9BZEFCeUFIVUFaUUFzQUNJQWJnQmhBRzBBWlFBaUFEb0FJZ0JDQUhVQWRBQjVBQ0FBUVFCdEFHVUFjZ0JwQUdNQVlRQnVBRjhBTFFBeEFEUUFMZ0JxQUhBQVp3QWlBQ3dBSWdCd0FISUFhUUJ1QUhRQWN3QWlBRG9BV3dCN0FDSUFaZ0J2QUhJQWJRQmhBSFFBSWdBNkFERUFMQUFpQUhBQVlRQndBR1VBY2dBaUFEb0FNZ0FzQUNJQVlRQnRBRzhBZFFCdUFIUUFJZ0E2QURBQWZRQXNBSHNBSWdCbUFHOEFjZ0J0QUdFQWRBQWlBRG9BTWdBc0FDSUFjQUJoQUhBQVpRQnlBQ0lBT2dBeUFDd0FJZ0JoQUcwQWJ3QjFBRzRBZEFBaUFEb0FNQUI5QUN3QWV3QWlBR1lBYndCeUFHMEFZUUIwQUNJQU9nQXpBQ3dBSWdCd0FHRUFjQUJsQUhJQUlnQTZBRElBTEFBaUFHRUFiUUJ2QUhVQWJnQjBBQ0lBT2dBekFIMEFYUUFzQUNJQWFRQnpBRWdBYndCeUFHa0FlZ0J2QUc0QWRBQmhBR3dBSWdBNkFIUUFjZ0IxQUdVQWZRQXNBSHNBSWdCcEFITUFRd0J2QUc0QWRBQmhBR2tBYmdBaUFEb0FkQUJ5QUhVQVpRQXNBQ0lBYmdCaEFHMEFaUUFpQURvQUlnQkNBSFVBZEFCNUFDQUFRUUJ0QUdVQWNnQnBBR01BWVFCdUFGOEFMUUF4QURVQUxnQnFBSEFBWndBaUFDd0FJZ0J3QUhJQWFRQnVBSFFBY3dBaUFEb0FXd0I3QUNJQVpnQnZBSElBYlFCaEFIUUFJZ0E2QURFQUxBQWlBSEFBWVFCd0FHVUFjZ0FpQURvQU1nQXNBQ0lBWVFCdEFHOEFkUUJ1QUhRQUlnQTZBREFBZlFBc0FIc0FJZ0JtQUc4QWNnQnRBR0VBZEFBaUFEb0FNZ0FzQUNJQWNBQmhBSEFBWlFCeUFDSUFPZ0F5QUN3QUlnQmhBRzBBYndCMUFHNEFkQUFpQURvQU1BQjlBQ3dBZXdBaUFHWUFid0J5QUcwQVlRQjBBQ0lBT2dBekFDd0FJZ0J3QUdFQWNBQmxBSElBSWdBNkFESUFMQUFpQUdFQWJRQnZBSFVBYmdCMEFDSUFPZ0F6QUgwQVhRQXNBQ0lBYVFCekFFZ0Fid0J5QUdrQWVnQnZBRzRBZEFCaEFHd0FJZ0E2QUhRQWNnQjFBR1VBZlFBc0FIc0FJZ0JwQUhNQVF3QnZBRzRBZEFCaEFHa0FiZ0FpQURvQWRBQnlBSFVBWlFBc0FDSUFiZ0JoQUcwQVpRQWlBRG9BSWdCQ0FIVUFkQUI1QUNBQVFRQnRBR1VBY2dCcEFHTUFZUUJ1QUY4QUxRQXhBRFlBTGdCcUFIQUFad0FpQUN3QUlnQndBSElBYVFCdUFIUUFjd0FpQURvQVd3QjdBQ0lBWmdCdkFISUFiUUJoQUhRQUlnQTZBREVBTEFBaUFIQUFZUUJ3QUdVQWNnQWlBRG9BTWdBc0FDSUFZUUJ0QUc4QWRRQnVBSFFBSWdBNkFEQUFmUUFzQUhzQUlnQm1BRzhBY2dCdEFHRUFkQUFpQURvQU1nQXNBQ0lBY0FCaEFIQUFaUUJ5QUNJQU9nQXlBQ3dBSWdCaEFHMEFid0IxQUc0QWRBQWlBRG9BTUFCOUFDd0Fld0FpQUdZQWJ3QnlBRzBBWVFCMEFDSUFPZ0F6QUN3QUlnQndBR0VBY0FCbEFISUFJZ0E2QURJQUxBQWlBR0VBYlFCdkFIVUFiZ0IwQUNJQU9nQXpBSDBBWFFBc0FDSUFhUUJ6QUVnQWJ3QnlBR2tBZWdCdkFHNEFkQUJoQUd3QUlnQTZBSFFBY2dCMUFHVUFmUUFzQUhzQUlnQnBBSE1BUXdCdkFHNEFkQUJoQUdrQWJnQWlBRG9BZEFCeUFIVUFaUUFzQUNJQWJnQmhBRzBBWlFBaUFEb0FJZ0JDQUhVQWRBQjVBQ0FBUVFCdEFHVUFjZ0JwQUdNQVlRQnVBRjhBTFFBeEFEY0FMZ0JxQUhBQVp3QWlBQ3dBSWdCd0FISUFhUUJ1QUhRQWN3QWlBRG9BV3dCN0FDSUFaZ0J2QUhJQWJRQmhBSFFBSWdBNkFERUFMQUFpQUhBQVlRQndBR1VBY2dBaUFEb0FNZ0FzQUNJQVlRQnRBRzhBZFFCdUFIUUFJZ0E2QURBQWZRQXNBSHNBSWdCbUFHOEFjZ0J0QUdFQWRBQWlBRG9BTWdBc0FDSUFjQUJoQUhBQVpRQnlBQ0lBT2dBeUFDd0FJZ0JoQUcwQWJ3QjFBRzRBZEFBaUFEb0FNQUI5QUN3QWV3QWlBR1lBYndCeUFHMEFZUUIwQUNJQU9nQXpBQ3dBSWdCd0FHRUFjQUJsQUhJQUlnQTZBRElBTEFBaUFHRUFiUUJ2QUhVQWJnQjBBQ0lBT2dBekFIMEFYUUFzQUNJQWFRQnpBRWdBYndCeUFHa0FlZ0J2QUc0QWRBQmhBR3dBSWdBNkFIUUFjZ0IxQUdVQWZRQXNBSHNBSWdCcEFITUFRd0J2QUc0QWRBQmhBR2tBYmdBaUFEb0FkQUJ5QUhVQVpRQXNBQ0lBYmdCaEFHMEFaUUFpQURvQUlnQkNBSFVBZEFCNUFDQUFRUUJ0QUdVQWNnQnBBR01BWVFCdUFGOEFMUUF4QURnQUxnQnFBSEFBWndBaUFDd0FJZ0J3QUhJQWFRQnVBSFFBY3dBaUFEb0FXd0I3QUNJQVpnQnZBSElBYlFCaEFIUUFJZ0E2QURFQUxBQWlBSEFBWVFCd0FHVUFjZ0FpQURvQU1nQXNBQ0lBWVFCdEFHOEFkUUJ1QUhRQUlnQTZBREFBZlFBc0FIc0FJZ0JtQUc4QWNnQnRBR0VBZEFBaUFEb0FNZ0FzQUNJQWNBQmhBSEFBWlFCeUFDSUFPZ0F5QUN3QUlnQmhBRzBBYndCMUFHNEFkQUFpQURvQU1BQjlBQ3dBZXdBaUFHWUFid0J5QUcwQVlRQjBBQ0lBT2dBekFDd0FJZ0J3QUdFQWNBQmxBSElBSWdBNkFESUFMQUFpQUdFQWJRQnZBSFVBYmdCMEFDSUFPZ0F6QUgwQVhRQXNBQ0lBYVFCekFFZ0Fid0J5QUdrQWVnQnZBRzRBZEFCaEFHd0FJZ0E2QUhRQWNnQjFBR1VBZlFBc0FIc0FJZ0JwQUhNQVF3QnZBRzRBZEFCaEFHa0FiZ0FpQURvQWRBQnlBSFVBWlFBc0FDSUFiZ0JoQUcwQVpRQWlBRG9BSWdCQ0FIVUFkQUI1QUNBQVFRQnRBR1VBY2dCcEFHTUFZUUJ1QUY4QUxRQXhBRGtBTGdCcUFIQUFad0FpQUN3QUlnQndBSElBYVFCdUFIUUFjd0FpQURvQVd3QjdBQ0lBWmdCdkFISUFiUUJoQUhRQUlnQTZBREVBTEFBaUFIQUFZUUJ3QUdVQWNnQWlBRG9BTWdBc0FDSUFZUUJ0QUc4QWRRQnVBSFFBSWdBNkFEQUFmUUFzQUhzQUlnQm1BRzhBY2dCdEFHRUFkQUFpQURvQU1nQXNBQ0lBY0FCaEFIQUFaUUJ5QUNJQU9nQXlBQ3dBSWdCaEFHMEFid0IxQUc0QWRBQWlBRG9BTUFCOUFDd0Fld0FpQUdZQWJ3QnlBRzBBWVFCMEFDSUFPZ0F6QUN3QUlnQndBR0VBY0FCbEFISUFJZ0E2QURJQUxBQWlBR0VBYlFCdkFIVUFiZ0IwQUNJQU9nQXpBSDBBWFFBc0FDSUFhUUJ6QUVnQWJ3QnlBR2tBZWdCdkFHNEFkQUJoQUd3QUlnQTZBSFFBY2dCMUFHVUFmUUFzQUhzQUlnQnBBSE1BUXdCdkFHNEFkQUJoQUdrQWJnQWlBRG9BZEFCeUFIVUFaUUFzQUNJQWJnQmhBRzBBWlFBaUFEb0FJZ0JDQUhVQWRBQjVBQ0FBUVFCdEFHVUFjZ0JwQUdNQVlRQnVBRjhBTFFBeUFEQUFMZ0JxQUhBQVp3QWlBQ3dBSWdCd0FISUFhUUJ1QUhRQWN3QWlBRG9BV3dCN0FDSUFaZ0J2QUhJQWJRQmhBSFFBSWdBNkFERUFMQUFpQUhBQVlRQndBR1VBY2dBaUFEb0FNZ0FzQUNJQVlRQnRBRzhBZFFCdUFIUUFJZ0E2QURBQWZRQXNBSHNBSWdCbUFHOEFjZ0J0QUdFQWRBQWlBRG9BTWdBc0FDSUFjQUJoQUhBQVpRQnlBQ0lBT2dBeUFDd0FJZ0JoQUcwQWJ3QjFBRzRBZEFBaUFEb0FNQUI5QUN3QWV3QWlBR1lBYndCeUFHMEFZUUIwQUNJQU9nQXpBQ3dBSWdCd0FHRUFjQUJsQUhJQUlnQTZBRElBTEFBaUFHRUFiUUJ2QUhVQWJnQjBBQ0lBT2dBekFIMEFYUUFzQUNJQWFRQnpBRWdBYndCeUFHa0FlZ0J2QUc0QWRBQmhBR3dBSWdBNkFIUUFjZ0IxQUdVQWZRQmRBSDBBPC9TdHJpbmdIdHRwQm9keT4NCiAgICA8L1JlcXVlc3Q+DQogIDwvSXRlbXM+DQo8L1dlYlRlc3Q+">
      <Execution id="f20c1078-8e07-42ff-aa6c-64d269c1019f" />
    </WebTest>
  </TestDefinitions>
  <TestLists>
    <TestList name="Results Not in a List" id="8c84fa94-04c1-424b-9868-57a2d4851a1d" />
    <TestList name="All Loaded Results" id="19431567-8539-422a-85d7-44ee4e166bda" />
  </TestLists>
  <TestEntries>
    <TestEntry isTransparent="false" testId="340aa6f0-bfe7-4f98-a958-1964b7b04a23" executionId="f20c1078-8e07-42ff-aa6c-64d269c1019f" testListId="8c84fa94-04c1-424b-9868-57a2d4851a1d" />
  </TestEntries>
  <Results>
    <WebTestResult executionId="f20c1078-8e07-42ff-aa6c-64d269c1019f" testId="340aa6f0-bfe7-4f98-a958-1964b7b04a23" testName="SendOrder-100-Photos" computerName="SHERCOMP" duration="00:00:00.3714583" startTime="2017-11-21T23:45:56.5219333+01:00" endTime="2017-11-21T23:46:07.4793377+01:00" testType="4e7599fa-5ecb-43e9-a887-cd63cf72d207" outcome="Passed" testListId="8c84fa94-04c1-424b-9868-57a2d4851a1d" relativeResultsDirectory="f20c1078-8e07-42ff-aa6c-64d269c1019f">
      <ResultFiles>
        <ResultFile path="SendOrder-100-Photos.webtestResult" />
      </ResultFiles>
      <TestSettings name="Local" id="86465cc3-8e1a-46a1-967a-a38066d78eb5">
        <Description>These are default test settings for a local test run.</Description>
        <Execution>
          <TestTypeSpecific>
            <WebTestRunConfiguration testTypeId="4e7599fa-5ecb-43e9-a887-cd63cf72d207">
              <Browser name="Internet Explorer 9.0" MaxConnections="6">
                <Headers>
                  <Header name="User-Agent" value="Mozilla/5.0 (compatible; MSIE 9.0; Windows NT 6.1; Trident/5.0)" />
                  <Header name="Accept" value="*/*" />
                  <Header name="Accept-Language" value="{{$IEAcceptLanguage}}" />
                  <Header name="Accept-Encoding" value="GZIP" />
                </Headers>
              </Browser>
            </WebTestRunConfiguration>
          </TestTypeSpecific>
          <AgentRule name="Execution Agents">
          </AgentRule>
        </Execution>
        <Deployment runDeploymentRoot="Adam_SHERCOMP 2017-11-21 23_45_55" />
        <Properties>
          <Property name="TestSettingsUIType" value="UnitTest" />
        </Properties>
      </TestSettings>
      <WebTestResultFilePath>Adam_SHERCOMP 2017-11-21 23_45_55\In\f20c1078-8e07-42ff-aa6c-64d269c1019f\SendOrder-100-Photos.webtestResult</WebTestResultFilePath>
    </WebTestResult>
  </Results>
</TestRun>